This XML file does not appear to have any style information associated with it. The document tree is shown below.
<testSuiteResults>
<testSuite>
<timeTaken>2108</timeTaken>
<testSuiteName>Init</testSuiteName>
<startTime>04:34:48</startTime>
<status>PASS</status>
<testRunnerResults>
<testCase>
<timeTaken>875</timeTaken>
<startTime>04:34:48</startTime>
<testCaseName>STS Service</testCaseName>
<status>PASS</status>
<testCaseId>be275ef3-5024-4e23-b4d0-2a0d08486d81</testCaseId>
<testStepParameters>
<parameters>
<iconPath>/soap_request_step.svg</iconPath>
<testStepName>RequestSecurityToken</testStepName>
</parameters>
<parameters>
<iconPath>/property_transfer_step.svg</iconPath>
<testStepName>Property Transfer</testStepName>
</parameters>
</testStepParameters>
<failedTestSteps/>
<testStepResults>
<result>
<timeTaken>657</timeTaken>
<name>RequestSecurityToken</name>
<started>04:34:48.948</started>
<message>Step 1 [RequestSecurityToken] PASS: took 657 ms</message>
<order>2</order>
<status>PASS</status>
</result>
<result>
<timeTaken>218</timeTaken>
<name>Property Transfer</name>
<started>04:34:49.632</started>
<message>Step 2 [Property Transfer] PASS: took 218 ms -> Performed transfer [setTokenInProperty]</message>
<order>3</order>
<status>PASS</status>
</result>
</testStepResults>
</testCase>
<testCase>
<timeTaken>1100</timeTaken>
<startTime>04:34:49</startTime>
<testCaseName>ErmittlungDerDatumsfelder</testCaseName>
<status>PASS</status>
<testCaseId>1a27ee1c-7530-42a5-8dc6-dae7c8e15e47</testCaseId>
<testStepParameters>
<parameters>
<iconPath>/groovy_script_step.png</iconPath>
<testStepName>Datenfeldermittlungen</testStepName>
</parameters>
<parameters>
<iconPath>/groovy_script_step.png</iconPath>
<testStepName>Partnerdaten</testStepName>
</parameters>
<parameters>
<iconPath>/groovy_script_step.png</iconPath>
<testStepName>ContractBaseData</testStepName>
</parameters>
<parameters>
<iconPath>/groovy_script_step.png</iconPath>
<testStepName>Antragsdaten</testStepName>
</parameters>
<parameters>
<iconPath>/groovy_script_step.png</iconPath>
<testStepName>registrierungsnummer</testStepName>
</parameters>
<parameters>
<iconPath>/groovy_script_step.png</iconPath>
<testStepName>JuristischePersondaten</testStepName>
</parameters>
<parameters>
<iconPath>/groovy_script_step.png</iconPath>
<testStepName>Risikoadresse</testStepName>
</parameters>
<parameters>
<iconPath>/properties_step.svg</iconPath>
<testStepName>Testdaten</testStepName>
</parameters>
</testStepParameters>
<failedTestSteps/>
<testStepResults>
<result>
<timeTaken>575</timeTaken>
<name>Datenfeldermittlungen</name>
<started>04:34:49.920</started>
<message>Step 1 [Datenfeldermittlungen] PASS: took 575 ms</message>
<order>2</order>
<status>PASS</status>
</result>
<result>
<timeTaken>123</timeTaken>
<name>Partnerdaten</name>
<started>04:34:50.496</started>
<message>Step 2 [Partnerdaten] PASS: took 123 ms -> Script-result: Company eed46f71-aab4-4db4-a1d2-4cd2d2c2a08a</message>
<order>3</order>
<status>PASS</status>
</result>
<result>
<timeTaken>76</timeTaken>
<name>ContractBaseData</name>
<started>04:34:50.621</started>
<message>Step 3 [ContractBaseData] PASS: took 76 ms</message>
<order>4</order>
<status>PASS</status>
</result>
<result>
<timeTaken>67</timeTaken>
<name>Antragsdaten</name>
<started>04:34:50.698</started>
<message>Step 4 [Antragsdaten] PASS: took 67 ms</message>
<order>5</order>
<status>PASS</status>
</result>
<result>
<timeTaken>126</timeTaken>
<name>registrierungsnummer</name>
<started>04:34:50.766</started>
<message>Step 5 [registrierungsnummer] PASS: took 126 ms</message>
<order>6</order>
<status>PASS</status>
</result>
<result>
<timeTaken>83</timeTaken>
<name>JuristischePersondaten</name>
<started>04:34:50.895</started>
<message>Step 6 [JuristischePersondaten] PASS: took 83 ms</message>
<order>7</order>
<status>PASS</status>
</result>
<result>
<timeTaken>49</timeTaken>
<name>Risikoadresse</name>
<started>04:34:50.979</started>
<message>Step 7 [Risikoadresse] PASS: took 49 ms -> Script-result: Company 45365da1-9fce-4ad6-ab5d-4da26cb0f61d</message>
<order>8</order>
<status>PASS</status>
</result>
<result>
<timeTaken>1</timeTaken>
<name>Testdaten</name>
<started>04:34:51.030</started>
<message>Step 8 [Testdaten] PASS: took 1 ms</message>
<order>9</order>
<status>PASS</status>
</result>
</testStepResults>
</testCase>
</testRunnerResults>
</testSuite>
<testSuite>
<timeTaken>531254</timeTaken>
<testSuiteName>getQuote_Check_HVQ_Instanzen_PHV</testSuiteName>
<startTime>04:34:51</startTime>
<status>FAIL</status>
<testRunnerResults>
<testCase>
<timeTaken>170</timeTaken>
<startTime>04:34:51</startTime>
<testCaseName>Token holen</testCaseName>
<status>PASS</status>
<testCaseId>a4eaaf6d-11df-4041-9cc3-82e83e29a0d0</testCaseId>
<testStepParameters>
<parameters>
<iconPath>/run_test_case_step.svg</iconPath>
<testStepName>STS Token holen</testStepName>
</parameters>
</testStepParameters>
<failedTestSteps/>
<testStepResults>
<result>
<timeTaken>170</timeTaken>
<name>STS Token holen</name>
<started>04:34:51.049</started>
<message>Step 1 [STS Token holen] PASS: took 170 ms -> RequestSecurityToken - PASS - 165 -> Property Transfer - PASS - 2 -> - Performed transfer [setTokenInProperty]</message>
<order>2</order>
<status>PASS</status>
</result>
</testStepResults>
</testCase>
<testCase>
<timeTaken>67700</timeTaken>
<startTime>04:34:51</startTime>
<testCaseName>getQuote_PrivatHaftpflicht</testCaseName>
<status>PASS</status>
<testCaseId>7e6c6bb2-5686-4ef3-a129-62eab36f528c</testCaseId>
<testStepParameters>
<parameters>
<iconPath>/properties_step.svg</iconPath>
<testStepName>Testdaten</testStepName>
</parameters>
<parameters>
<iconPath>/groovy_script_step.png</iconPath>
<testStepName>Script</testStepName>
</parameters>
<parameters>
<iconPath>/groovy_script_step.png</iconPath>
<testStepName>clean</testStepName>
</parameters>
<parameters>
<iconPath>/teststeps.gif</iconPath>
<testStepName>Data Source</testStepName>
</parameters>
<parameters>
<iconPath>/groovy_script_step.png</iconPath>
<testStepName>jump</testStepName>
</parameters>
<parameters>
<iconPath>/groovy_script_step.png</iconPath>
<testStepName>IterationsID= Instanz Consumer</testStepName>
</parameters>
<parameters>
<iconPath>/groovy_script_step.png</iconPath>
<testStepName>Reverse-Proxy nicht im Citrix ausführen (Firewall)</testStepName>
</parameters>
<parameters>
<iconPath>/groovy_script_step.png</iconPath>
<testStepName>PC-Adressen nicht in Ebene P oder S ausführen</testStepName>
</parameters>
<parameters>
<iconPath>/soap_request_step.svg</iconPath>
<testStepName>SOAP Request getQuote</testStepName>
</parameters>
<parameters>
<iconPath>/groovy_script_step.png</iconPath>
<testStepName>HTTP-Status ermitteln</testStepName>
</parameters>
<parameters>
<iconPath>/groovy_script_step.png</iconPath>
<testStepName>Beitrag PRÜFEN</testStepName>
</parameters>
<parameters>
<iconPath>/teststeps.gif</iconPath>
<testStepName>Data Sink</testStepName>
</parameters>
<parameters>
<iconPath>/teststeps.gif</iconPath>
<testStepName>Data Sink füllen</testStepName>
</parameters>
<parameters>
<iconPath>/teststeps.gif</iconPath>
<testStepName>Data Source Loop</testStepName>
</parameters>
<parameters>
<iconPath>/groovy_script_step.png</iconPath>
<testStepName>jump</testStepName>
</parameters>
<parameters>
<iconPath>/groovy_script_step.png</iconPath>
<testStepName>IterationsID= Instanz Balancer1</testStepName>
</parameters>
<parameters>
<iconPath>/groovy_script_step.png</iconPath>
<testStepName>Reverse-Proxy nicht im Citrix ausführen (Firewall)</testStepName>
</parameters>
<parameters>
<iconPath>/groovy_script_step.png</iconPath>
<testStepName>PC-Adressen nicht in Ebene P oder S ausführen</testStepName>
</parameters>
<parameters>
<iconPath>/soap_request_step.svg</iconPath>
<testStepName>SOAP Request getQuote</testStepName>
</parameters>
<parameters>
<iconPath>/groovy_script_step.png</iconPath>
<testStepName>HTTP-Status ermitteln</testStepName>
</parameters>
<parameters>
<iconPath>/groovy_script_step.png</iconPath>
<testStepName>Beitrag PRÜFEN</testStepName>
</parameters>
<parameters>
<iconPath>/teststeps.gif</iconPath>
<testStepName>Data Sink</testStepName>
</parameters>
<parameters>
<iconPath>/teststeps.gif</iconPath>
<testStepName>Data Sink füllen</testStepName>
</parameters>
<parameters>
<iconPath>/teststeps.gif</iconPath>
<testStepName>Data Source Loop</testStepName>
</parameters>
<parameters>
<iconPath>/groovy_script_step.png</iconPath>
<testStepName>jump</testStepName>
</parameters>
<parameters>
<iconPath>/groovy_script_step.png</iconPath>
<testStepName>IterationsID= Instanz 00_PCQ</testStepName>
</parameters>
<parameters>
<iconPath>/groovy_script_step.png</iconPath>
<testStepName>Reverse-Proxy nicht im Citrix ausführen (Firewall)</testStepName>
</parameters>
<parameters>
<iconPath>/groovy_script_step.png</iconPath>
<testStepName>PC-Adressen nicht in Ebene P oder S ausführen</testStepName>
</parameters>
<parameters>
<iconPath>/soap_request_step.svg</iconPath>
<testStepName>SOAP Request getQuote</testStepName>
</parameters>
<parameters>
<iconPath>/groovy_script_step.png</iconPath>
<testStepName>HTTP-Status ermitteln</testStepName>
</parameters>
<parameters>
<iconPath>/groovy_script_step.png</iconPath>
<testStepName>Beitrag PRÜFEN</testStepName>
</parameters>
<parameters>
<iconPath>/teststeps.gif</iconPath>
<testStepName>Data Sink</testStepName>
</parameters>
<parameters>
<iconPath>/teststeps.gif</iconPath>
<testStepName>Data Sink füllen</testStepName>
</parameters>
<parameters>
<iconPath>/teststeps.gif</iconPath>
<testStepName>Data Source Loop</testStepName>
</parameters>
<parameters>
<iconPath>/groovy_script_step.png</iconPath>
<testStepName>jump</testStepName>
</parameters>
<parameters>
<iconPath>/groovy_script_step.png</iconPath>
<testStepName>IterationsID= Instanz ReverseProxyHVQ</testStepName>
</parameters>
<parameters>
<iconPath>/groovy_script_step.png</iconPath>
<testStepName>Reverse-Proxy nicht im Citrix ausführen (Firewall)</testStepName>
</parameters>
<parameters>
<iconPath>/groovy_script_step.png</iconPath>
<testStepName>PC-Adressen nicht in Ebene P oder S ausführen</testStepName>
</parameters>
<parameters>
<iconPath>/soap_request_step.svg</iconPath>
<testStepName>SOAP Request getQuote</testStepName>
</parameters>
<parameters>
<iconPath>/groovy_script_step.png</iconPath>
<testStepName>HTTP-Status ermitteln</testStepName>
</parameters>
<parameters>
<iconPath>/groovy_script_step.png</iconPath>
<testStepName>Beitrag PRÜFEN</testStepName>
</parameters>
<parameters>
<iconPath>/teststeps.gif</iconPath>
<testStepName>Data Sink</testStepName>
</parameters>
<parameters>
<iconPath>/teststeps.gif</iconPath>
<testStepName>Data Sink füllen</testStepName>
</parameters>
<parameters>
<iconPath>/teststeps.gif</iconPath>
<testStepName>Data Source Loop</testStepName>
</parameters>
<parameters>
<iconPath>/groovy_script_step.png</iconPath>
<testStepName>jump</testStepName>
</parameters>
<parameters>
<iconPath>/groovy_script_step.png</iconPath>
<testStepName>IterationsID= Instanz ReverseProxyPCQ</testStepName>
</parameters>
<parameters>
<iconPath>/groovy_script_step.png</iconPath>
<testStepName>Reverse-Proxy nicht im Citrix ausführen (Firewall)</testStepName>
</parameters>
<parameters>
<iconPath>/groovy_script_step.png</iconPath>
<testStepName>PC-Adressen nicht in Ebene P oder S ausführen</testStepName>
</parameters>
<parameters>
<iconPath>/soap_request_step.svg</iconPath>
<testStepName>SOAP Request getQuote</testStepName>
</parameters>
<parameters>
<iconPath>/groovy_script_step.png</iconPath>
<testStepName>HTTP-Status ermitteln</testStepName>
</parameters>
<parameters>
<iconPath>/groovy_script_step.png</iconPath>
<testStepName>Beitrag PRÜFEN</testStepName>
</parameters>
<parameters>
<iconPath>/teststeps.gif</iconPath>
<testStepName>Data Sink</testStepName>
</parameters>
<parameters>
<iconPath>/teststeps.gif</iconPath>
<testStepName>Data Sink füllen</testStepName>
</parameters>
<parameters>
<iconPath>/teststeps.gif</iconPath>
<testStepName>Data Source Loop</testStepName>
</parameters>
<parameters>
<iconPath>/groovy_script_step.png</iconPath>
<testStepName>jump</testStepName>
</parameters>
<parameters>
<iconPath>/groovy_script_step.png</iconPath>
<testStepName>IterationsID= Instanz 01</testStepName>
</parameters>
<parameters>
<iconPath>/groovy_script_step.png</iconPath>
<testStepName>Reverse-Proxy nicht im Citrix ausführen (Firewall)</testStepName>
</parameters>
<parameters>
<iconPath>/groovy_script_step.png</iconPath>
<testStepName>PC-Adressen nicht in Ebene P oder S ausführen</testStepName>
</parameters>
<parameters>
<iconPath>/soap_request_step.svg</iconPath>
<testStepName>SOAP Request getQuote</testStepName>
</parameters>
<parameters>
<iconPath>/groovy_script_step.png</iconPath>
<testStepName>HTTP-Status ermitteln</testStepName>
</parameters>
<parameters>
<iconPath>/groovy_script_step.png</iconPath>
<testStepName>Beitrag PRÜFEN</testStepName>
</parameters>
<parameters>
<iconPath>/teststeps.gif</iconPath>
<testStepName>Data Sink</testStepName>
</parameters>
<parameters>
<iconPath>/teststeps.gif</iconPath>
<testStepName>Data Sink füllen</testStepName>
</parameters>
<parameters>
<iconPath>/teststeps.gif</iconPath>
<testStepName>Data Source Loop</testStepName>
</parameters>
<parameters>
<iconPath>/groovy_script_step.png</iconPath>
<testStepName>jump</testStepName>
</parameters>
<parameters>
<iconPath>/groovy_script_step.png</iconPath>
<testStepName>IterationsID= Instanz 02</testStepName>
</parameters>
<parameters>
<iconPath>/groovy_script_step.png</iconPath>
<testStepName>Reverse-Proxy nicht im Citrix ausführen (Firewall)</testStepName>
</parameters>
<parameters>
<iconPath>/groovy_script_step.png</iconPath>
<testStepName>PC-Adressen nicht in Ebene P oder S ausführen</testStepName>
</parameters>
<parameters>
<iconPath>/soap_request_step.svg</iconPath>
<testStepName>SOAP Request getQuote</testStepName>
</parameters>
<parameters>
<iconPath>/groovy_script_step.png</iconPath>
<testStepName>HTTP-Status ermitteln</testStepName>
</parameters>
<parameters>
<iconPath>/groovy_script_step.png</iconPath>
<testStepName>Beitrag PRÜFEN</testStepName>
</parameters>
<parameters>
<iconPath>/teststeps.gif</iconPath>
<testStepName>Data Sink</testStepName>
</parameters>
<parameters>
<iconPath>/teststeps.gif</iconPath>
<testStepName>Data Sink füllen</testStepName>
</parameters>
<parameters>
<iconPath>/teststeps.gif</iconPath>
<testStepName>Data Source Loop</testStepName>
</parameters>
</testStepParameters>
<failedTestSteps/>
<testStepResults>
<result>
<timeTaken>0</timeTaken>
<name>Testdaten</name>
<started>04:34:51.681</started>
<message>Step 1 [Testdaten] PASS: took 0 ms</message>
<order>2</order>
<status>PASS</status>
</result>
<result>
<timeTaken>33</timeTaken>
<name>Script</name>
<started>04:34:51.681</started>
<message>Step 2 [Script] PASS: took 33 ms</message>
<order>3</order>
<status>PASS</status>
</result>
<result>
<timeTaken>14</timeTaken>
<name>clean</name>
<started>04:34:51.716</started>
<message>Step 3 [clean] PASS: took 14 ms</message>
<order>4</order>
<status>PASS</status>
</result>
<result>
<timeTaken>92</timeTaken>
<name>Data Source</name>
<started>04:34:51.731</started>
<message>Step 4 [Data Source] PASS: took 92 ms</message>
<order>5</order>
<status>PASS</status>
</result>
<result>
<timeTaken>0</timeTaken>
<name>jump</name>
<started>04:34:51.824</started>
<message>Step 5 [jump] PASS: took 0 ms</message>
<order>6</order>
<status>PASS</status>
</result>
<result>
<timeTaken>71</timeTaken>
<name>IterationsID= Instanz Consumer</name>
<started>04:34:51.825</started>
<message>Step 6 [IterationsID= Instanz Consumer] PASS: took 71 ms</message>
<order>7</order>
<status>PASS</status>
</result>
<result>
<timeTaken>36</timeTaken>
<name>Reverse-Proxy nicht im Citrix ausführen (Firewall)</name>
<started>04:34:51.897</started>
<message>Step 7 [Reverse-Proxy nicht im Citrix ausführen (Firewall)] PASS: took 36 ms</message>
<order>8</order>
<status>PASS</status>
</result>
<result>
<timeTaken>23</timeTaken>
<name>PC-Adressen nicht in Ebene P oder S ausführen</name>
<started>04:34:51.934</started>
<message>Step 8 [PC-Adressen nicht in Ebene P oder S ausführen] PASS: took 23 ms</message>
<order>9</order>
<status>PASS</status>
</result>
<result>
<timeTaken>13873</timeTaken>
<name>SOAP Request getQuote</name>
<started>04:34:51.958</started>
<message>Step 9 [SOAP Request getQuote] PASS: took 13873 ms</message>
<order>10</order>
<status>PASS</status>
</result>
<result>
<timeTaken>183</timeTaken>
<name>HTTP-Status ermitteln</name>
<started>04:35:05.859</started>
<message>Step 10 [HTTP-Status ermitteln] PASS: took 183 ms -> Script-result: PASS</message>
<order>11</order>
<status>PASS</status>
</result>
<result>
<timeTaken>152</timeTaken>
<name>Beitrag PRÜFEN</name>
<started>04:35:06.046</started>
<message>Step 11 [Beitrag PRÜFEN] PASS: took 152 ms -> Script-result: Beitagsvergleich OK</message>
<order>12</order>
<status>PASS</status>
</result>
<result>
<timeTaken>110</timeTaken>
<name>Data Sink</name>
<started>04:35:06.199</started>
<message>Step 12 [Data Sink] PASS: took 110 ms</message>
<order>13</order>
<status>PASS</status>
</result>
<result>
<timeTaken>138</timeTaken>
<name>Data Sink füllen</name>
<started>04:35:06.310</started>
<message>Step 13 [Data Sink füllen] PASS: took 138 ms</message>
<order>14</order>
<status>PASS</status>
</result>
<result>
<timeTaken>2</timeTaken>
<name>Data Source Loop</name>
<started>04:35:06.450</started>
<message>Step 14 [Data Source Loop] PASS: took 2 ms -> Data Row 1</message>
<order>15</order>
<status>PASS</status>
</result>
<result>
<timeTaken>0</timeTaken>
<name>jump</name>
<started>04:35:06.452</started>
<message>Step 15 [jump] PASS: took 0 ms</message>
<order>16</order>
<status>PASS</status>
</result>
<result>
<timeTaken>5</timeTaken>
<name>IterationsID= Instanz Balancer1</name>
<started>04:35:06.453</started>
<message>Step 16 [IterationsID= Instanz Balancer1] PASS: took 5 ms</message>
<order>17</order>
<status>PASS</status>
</result>
<result>
<timeTaken>0</timeTaken>
<name>Reverse-Proxy nicht im Citrix ausführen (Firewall)</name>
<started>04:35:06.459</started>
<message>Step 17 [Reverse-Proxy nicht im Citrix ausführen (Firewall)] PASS: took 0 ms</message>
<order>18</order>
<status>PASS</status>
</result>
<result>
<timeTaken>0</timeTaken>
<name>PC-Adressen nicht in Ebene P oder S ausführen</name>
<started>04:35:06.460</started>
<message>Step 18 [PC-Adressen nicht in Ebene P oder S ausführen] PASS: took 0 ms</message>
<order>19</order>
<status>PASS</status>
</result>
<result>
<timeTaken>12408</timeTaken>
<name>SOAP Request getQuote</name>
<started>04:35:06.462</started>
<message>Step 19 [SOAP Request getQuote] PASS: took 12408 ms</message>
<order>20</order>
<status>PASS</status>
</result>
<result>
<timeTaken>4</timeTaken>
<name>HTTP-Status ermitteln</name>
<started>04:35:18.877</started>
<message>Step 20 [HTTP-Status ermitteln] PASS: took 4 ms -> Script-result: PASS</message>
<order>21</order>
<status>PASS</status>
</result>
<result>
<timeTaken>23</timeTaken>
<name>Beitrag PRÜFEN</name>
<started>04:35:18.883</started>
<message>Step 21 [Beitrag PRÜFEN] PASS: took 23 ms -> Script-result: Beitagsvergleich OK</message>
<order>22</order>
<status>PASS</status>
</result>
<result>
<timeTaken>18</timeTaken>
<name>Data Sink</name>
<started>04:35:18.907</started>
<message>Step 22 [Data Sink] PASS: took 18 ms</message>
<order>23</order>
<status>PASS</status>
</result>
<result>
<timeTaken>101</timeTaken>
<name>Data Sink füllen</name>
<started>04:35:18.927</started>
<message>Step 23 [Data Sink füllen] PASS: took 101 ms</message>
<order>24</order>
<status>PASS</status>
</result>
<result>
<timeTaken>0</timeTaken>
<name>Data Source Loop</name>
<started>04:35:19.029</started>
<message>Step 24 [Data Source Loop] PASS: took 0 ms -> Data Row 2</message>
<order>25</order>
<status>PASS</status>
</result>
<result>
<timeTaken>0</timeTaken>
<name>jump</name>
<started>04:35:19.029</started>
<message>Step 25 [jump] PASS: took 0 ms</message>
<order>26</order>
<status>PASS</status>
</result>
<result>
<timeTaken>1</timeTaken>
<name>IterationsID= Instanz 00_PCQ</name>
<started>04:35:19.030</started>
<message>Step 26 [IterationsID= Instanz 00_PCQ] PASS: took 1 ms</message>
<order>27</order>
<status>PASS</status>
</result>
<result>
<timeTaken>0</timeTaken>
<name>Reverse-Proxy nicht im Citrix ausführen (Firewall)</name>
<started>04:35:19.031</started>
<message>Step 27 [Reverse-Proxy nicht im Citrix ausführen (Firewall)] PASS: took 0 ms</message>
<order>28</order>
<status>PASS</status>
</result>
<result>
<timeTaken>0</timeTaken>
<name>PC-Adressen nicht in Ebene P oder S ausführen</name>
<started>04:35:19.031</started>
<message>Step 28 [PC-Adressen nicht in Ebene P oder S ausführen] PASS: took 0 ms</message>
<order>29</order>
<status>PASS</status>
</result>
<result>
<timeTaken>19149</timeTaken>
<name>SOAP Request getQuote</name>
<started>04:35:19.032</started>
<message>Step 29 [SOAP Request getQuote] PASS: took 19149 ms</message>
<order>30</order>
<status>PASS</status>
</result>
<result>
<timeTaken>5</timeTaken>
<name>HTTP-Status ermitteln</name>
<started>04:35:38.192</started>
<message>Step 30 [HTTP-Status ermitteln] PASS: took 5 ms -> Script-result: PASS</message>
<order>31</order>
<status>PASS</status>
</result>
<result>
<timeTaken>18</timeTaken>
<name>Beitrag PRÜFEN</name>
<started>04:35:38.199</started>
<message>Step 31 [Beitrag PRÜFEN] PASS: took 18 ms -> Script-result: Beitagsvergleich OK</message>
<order>32</order>
<status>PASS</status>
</result>
<result>
<timeTaken>15</timeTaken>
<name>Data Sink</name>
<started>04:35:38.218</started>
<message>Step 32 [Data Sink] PASS: took 15 ms</message>
<order>33</order>
<status>PASS</status>
</result>
<result>
<timeTaken>52</timeTaken>
<name>Data Sink füllen</name>
<started>04:35:38.234</started>
<message>Step 33 [Data Sink füllen] PASS: took 52 ms</message>
<order>34</order>
<status>PASS</status>
</result>
<result>
<timeTaken>0</timeTaken>
<name>Data Source Loop</name>
<started>04:35:38.288</started>
<message>Step 34 [Data Source Loop] PASS: took 0 ms -> Data Row 3</message>
<order>35</order>
<status>PASS</status>
</result>
<result>
<timeTaken>0</timeTaken>
<name>jump</name>
<started>04:35:38.288</started>
<message>Step 35 [jump] PASS: took 0 ms</message>
<order>36</order>
<status>PASS</status>
</result>
<result>
<timeTaken>1</timeTaken>
<name>IterationsID= Instanz ReverseProxyHVQ</name>
<started>04:35:38.289</started>
<message>Step 36 [IterationsID= Instanz ReverseProxyHVQ] PASS: took 1 ms</message>
<order>37</order>
<status>PASS</status>
</result>
<result>
<timeTaken>0</timeTaken>
<name>Reverse-Proxy nicht im Citrix ausführen (Firewall)</name>
<started>04:35:38.290</started>
<message>Step 37 [Reverse-Proxy nicht im Citrix ausführen (Firewall)] PASS: took 0 ms</message>
<order>38</order>
<status>PASS</status>
</result>
<result>
<timeTaken>0</timeTaken>
<name>PC-Adressen nicht in Ebene P oder S ausführen</name>
<started>04:35:38.290</started>
<message>Step 38 [PC-Adressen nicht in Ebene P oder S ausführen] PASS: took 0 ms</message>
<order>39</order>
<status>PASS</status>
</result>
<result>
<timeTaken>719</timeTaken>
<name>SOAP Request getQuote</name>
<started>04:35:38.291</started>
<message>Step 39 [SOAP Request getQuote] PASS: took 719 ms</message>
<order>40</order>
<status>PASS</status>
</result>
<result>
<timeTaken>1</timeTaken>
<name>HTTP-Status ermitteln</name>
<started>04:35:39.019</started>
<message>Step 40 [HTTP-Status ermitteln] PASS: took 1 ms -> Script-result: PASS</message>
<order>41</order>
<status>PASS</status>
</result>
<result>
<timeTaken>14</timeTaken>
<name>Beitrag PRÜFEN</name>
<started>04:35:39.021</started>
<message>Step 41 [Beitrag PRÜFEN] PASS: took 14 ms -> Script-result: Beitagsvergleich OK</message>
<order>42</order>
<status>PASS</status>
</result>
<result>
<timeTaken>12</timeTaken>
<name>Data Sink</name>
<started>04:35:39.036</started>
<message>Step 42 [Data Sink] PASS: took 12 ms</message>
<order>43</order>
<status>PASS</status>
</result>
<result>
<timeTaken>49</timeTaken>
<name>Data Sink füllen</name>
<started>04:35:39.049</started>
<message>Step 43 [Data Sink füllen] PASS: took 49 ms</message>
<order>44</order>
<status>PASS</status>
</result>
<result>
<timeTaken>0</timeTaken>
<name>Data Source Loop</name>
<started>04:35:39.100</started>
<message>Step 44 [Data Source Loop] PASS: took 0 ms -> Data Row 4</message>
<order>45</order>
<status>PASS</status>
</result>
<result>
<timeTaken>0</timeTaken>
<name>jump</name>
<started>04:35:39.100</started>
<message>Step 45 [jump] PASS: took 0 ms</message>
<order>46</order>
<status>PASS</status>
</result>
<result>
<timeTaken>1</timeTaken>
<name>IterationsID= Instanz ReverseProxyPCQ</name>
<started>04:35:39.101</started>
<message>Step 46 [IterationsID= Instanz ReverseProxyPCQ] PASS: took 1 ms</message>
<order>47</order>
<status>PASS</status>
</result>
<result>
<timeTaken>0</timeTaken>
<name>Reverse-Proxy nicht im Citrix ausführen (Firewall)</name>
<started>04:35:39.102</started>
<message>Step 47 [Reverse-Proxy nicht im Citrix ausführen (Firewall)] PASS: took 0 ms</message>
<order>48</order>
<status>PASS</status>
</result>
<result>
<timeTaken>0</timeTaken>
<name>PC-Adressen nicht in Ebene P oder S ausführen</name>
<started>04:35:39.102</started>
<message>Step 48 [PC-Adressen nicht in Ebene P oder S ausführen] PASS: took 0 ms</message>
<order>49</order>
<status>PASS</status>
</result>
<result>
<timeTaken>18812</timeTaken>
<name>SOAP Request getQuote</name>
<started>04:35:39.103</started>
<message>Step 49 [SOAP Request getQuote] PASS: took 18812 ms</message>
<order>50</order>
<status>PASS</status>
</result>
<result>
<timeTaken>1</timeTaken>
<name>HTTP-Status ermitteln</name>
<started>04:35:57.921</started>
<message>Step 50 [HTTP-Status ermitteln] PASS: took 1 ms -> Script-result: PASS</message>
<order>51</order>
<status>PASS</status>
</result>
<result>
<timeTaken>11</timeTaken>
<name>Beitrag PRÜFEN</name>
<started>04:35:57.923</started>
<message>Step 51 [Beitrag PRÜFEN] PASS: took 11 ms -> Script-result: Beitagsvergleich OK</message>
<order>52</order>
<status>PASS</status>
</result>
<result>
<timeTaken>17</timeTaken>
<name>Data Sink</name>
<started>04:35:57.935</started>
<message>Step 52 [Data Sink] PASS: took 17 ms</message>
<order>53</order>
<status>PASS</status>
</result>
<result>
<timeTaken>45</timeTaken>
<name>Data Sink füllen</name>
<started>04:35:57.953</started>
<message>Step 53 [Data Sink füllen] PASS: took 45 ms</message>
<order>54</order>
<status>PASS</status>
</result>
<result>
<timeTaken>0</timeTaken>
<name>Data Source Loop</name>
<started>04:35:58.000</started>
<message>Step 54 [Data Source Loop] PASS: took 0 ms -> Data Row 5</message>
<order>55</order>
<status>PASS</status>
</result>
<result>
<timeTaken>0</timeTaken>
<name>jump</name>
<started>04:35:58.001</started>
<message>Step 55 [jump] PASS: took 0 ms</message>
<order>56</order>
<status>PASS</status>
</result>
<result>
<timeTaken>0</timeTaken>
<name>IterationsID= Instanz 01</name>
<started>04:35:58.001</started>
<message>Step 56 [IterationsID= Instanz 01] PASS: took 0 ms</message>
<order>57</order>
<status>PASS</status>
</result>
<result>
<timeTaken>0</timeTaken>
<name>Reverse-Proxy nicht im Citrix ausführen (Firewall)</name>
<started>04:35:58.002</started>
<message>Step 57 [Reverse-Proxy nicht im Citrix ausführen (Firewall)] PASS: took 0 ms</message>
<order>58</order>
<status>PASS</status>
</result>
<result>
<timeTaken>0</timeTaken>
<name>PC-Adressen nicht in Ebene P oder S ausführen</name>
<started>04:35:58.003</started>
<message>Step 58 [PC-Adressen nicht in Ebene P oder S ausführen] PASS: took 0 ms</message>
<order>59</order>
<status>PASS</status>
</result>
<result>
<timeTaken>609</timeTaken>
<name>SOAP Request getQuote</name>
<started>04:35:58.003</started>
<message>Step 59 [SOAP Request getQuote] PASS: took 609 ms</message>
<order>60</order>
<status>PASS</status>
</result>
<result>
<timeTaken>5</timeTaken>
<name>HTTP-Status ermitteln</name>
<started>04:35:58.619</started>
<message>Step 60 [HTTP-Status ermitteln] PASS: took 5 ms -> Script-result: PASS</message>
<order>61</order>
<status>PASS</status>
</result>
<result>
<timeTaken>35</timeTaken>
<name>Beitrag PRÜFEN</name>
<started>04:35:58.627</started>
<message>Step 61 [Beitrag PRÜFEN] PASS: took 35 ms -> Script-result: Beitagsvergleich OK</message>
<order>62</order>
<status>PASS</status>
</result>
<result>
<timeTaken>19</timeTaken>
<name>Data Sink</name>
<started>04:35:58.663</started>
<message>Step 62 [Data Sink] PASS: took 19 ms</message>
<order>63</order>
<status>PASS</status>
</result>
<result>
<timeTaken>65</timeTaken>
<name>Data Sink füllen</name>
<started>04:35:58.684</started>
<message>Step 63 [Data Sink füllen] PASS: took 65 ms</message>
<order>64</order>
<status>PASS</status>
</result>
<result>
<timeTaken>0</timeTaken>
<name>Data Source Loop</name>
<started>04:35:58.750</started>
<message>Step 64 [Data Source Loop] PASS: took 0 ms -> Data Row 6</message>
<order>65</order>
<status>PASS</status>
</result>
<result>
<timeTaken>0</timeTaken>
<name>jump</name>
<started>04:35:58.750</started>
<message>Step 65 [jump] PASS: took 0 ms</message>
<order>66</order>
<status>PASS</status>
</result>
<result>
<timeTaken>0</timeTaken>
<name>IterationsID= Instanz 02</name>
<started>04:35:58.750</started>
<message>Step 66 [IterationsID= Instanz 02] PASS: took 0 ms</message>
<order>67</order>
<status>PASS</status>
</result>
<result>
<timeTaken>0</timeTaken>
<name>Reverse-Proxy nicht im Citrix ausführen (Firewall)</name>
<started>04:35:58.752</started>
<message>Step 67 [Reverse-Proxy nicht im Citrix ausführen (Firewall)] PASS: took 0 ms</message>
<order>68</order>
<status>PASS</status>
</result>
<result>
<timeTaken>0</timeTaken>
<name>PC-Adressen nicht in Ebene P oder S ausführen</name>
<started>04:35:58.752</started>
<message>Step 68 [PC-Adressen nicht in Ebene P oder S ausführen] PASS: took 0 ms</message>
<order>69</order>
<status>PASS</status>
</result>
<result>
<timeTaken>599</timeTaken>
<name>SOAP Request getQuote</name>
<started>04:35:58.752</started>
<message>Step 69 [SOAP Request getQuote] PASS: took 599 ms</message>
<order>70</order>
<status>PASS</status>
</result>
<result>
<timeTaken>1</timeTaken>
<name>HTTP-Status ermitteln</name>
<started>04:35:59.357</started>
<message>Step 70 [HTTP-Status ermitteln] PASS: took 1 ms -> Script-result: PASS</message>
<order>71</order>
<status>PASS</status>
</result>
<result>
<timeTaken>16</timeTaken>
<name>Beitrag PRÜFEN</name>
<started>04:35:59.363</started>
<message>Step 71 [Beitrag PRÜFEN] PASS: took 16 ms -> Script-result: Beitagsvergleich OK</message>
<order>72</order>
<status>PASS</status>
</result>
<result>
<timeTaken>11</timeTaken>
<name>Data Sink</name>
<started>04:35:59.381</started>
<message>Step 72 [Data Sink] PASS: took 11 ms</message>
<order>73</order>
<status>PASS</status>
</result>
<result>
<timeTaken>126</timeTaken>
<name>Data Sink füllen</name>
<started>04:35:59.395</started>
<message>Step 73 [Data Sink füllen] PASS: took 126 ms</message>
<order>74</order>
<status>PASS</status>
</result>
<result>
<timeTaken>5</timeTaken>
<name>Data Source Loop</name>
<started>04:35:59.522</started>
<message>Step 74 [Data Source Loop] PASS: took 5 ms -> Data Row 7</message>
<order>75</order>
<status>PASS</status>
</result>
</testStepResults>
</testCase>
<testCase>
<timeTaken>36939</timeTaken>
<startTime>04:35:59</startTime>
<testCaseName>getQuote_TierhalterHaftpflicht</testCaseName>
<status>PASS</status>
<testCaseId>63ad617c-9208-470d-a71e-34020ac0ccc1</testCaseId>
<testStepParameters>
<parameters>
<iconPath>/properties_step.svg</iconPath>
<testStepName>Testdaten</testStepName>
</parameters>
<parameters>
<iconPath>/groovy_script_step.png</iconPath>
<testStepName>Script</testStepName>
</parameters>
<parameters>
<iconPath>/groovy_script_step.png</iconPath>
<testStepName>clean</testStepName>
</parameters>
<parameters>
<iconPath>/teststeps.gif</iconPath>
<testStepName>Data Source</testStepName>
</parameters>
<parameters>
<iconPath>/groovy_script_step.png</iconPath>
<testStepName>jump</testStepName>
</parameters>
<parameters>
<iconPath>/groovy_script_step.png</iconPath>
<testStepName>IterationsID= Instanz Consumer</testStepName>
</parameters>
<parameters>
<iconPath>/groovy_script_step.png</iconPath>
<testStepName>Reverse-Proxy nicht im Citrix ausführen (Firewall)</testStepName>
</parameters>
<parameters>
<iconPath>/groovy_script_step.png</iconPath>
<testStepName>PC-Adressen nicht in Ebene P oder S ausführen</testStepName>
</parameters>
<parameters>
<iconPath>/soap_request_step.svg</iconPath>
<testStepName>SOAP Request getQuote</testStepName>
</parameters>
<parameters>
<iconPath>/groovy_script_step.png</iconPath>
<testStepName>HTTP-Status ermitteln</testStepName>
</parameters>
<parameters>
<iconPath>/groovy_script_step.png</iconPath>
<testStepName>Beitrag PRÜFEN</testStepName>
</parameters>
<parameters>
<iconPath>/teststeps.gif</iconPath>
<testStepName>Data Sink</testStepName>
</parameters>
<parameters>
<iconPath>/teststeps.gif</iconPath>
<testStepName>Data Sink füllen</testStepName>
</parameters>
<parameters>
<iconPath>/teststeps.gif</iconPath>
<testStepName>Data Source Loop</testStepName>
</parameters>
<parameters>
<iconPath>/groovy_script_step.png</iconPath>
<testStepName>jump</testStepName>
</parameters>
<parameters>
<iconPath>/groovy_script_step.png</iconPath>
<testStepName>IterationsID= Instanz Balancer1</testStepName>
</parameters>
<parameters>
<iconPath>/groovy_script_step.png</iconPath>
<testStepName>Reverse-Proxy nicht im Citrix ausführen (Firewall)</testStepName>
</parameters>
<parameters>
<iconPath>/groovy_script_step.png</iconPath>
<testStepName>PC-Adressen nicht in Ebene P oder S ausführen</testStepName>
</parameters>
<parameters>
<iconPath>/soap_request_step.svg</iconPath>
<testStepName>SOAP Request getQuote</testStepName>
</parameters>
<parameters>
<iconPath>/groovy_script_step.png</iconPath>
<testStepName>HTTP-Status ermitteln</testStepName>
</parameters>
<parameters>
<iconPath>/groovy_script_step.png</iconPath>
<testStepName>Beitrag PRÜFEN</testStepName>
</parameters>
<parameters>
<iconPath>/teststeps.gif</iconPath>
<testStepName>Data Sink</testStepName>
</parameters>
<parameters>
<iconPath>/teststeps.gif</iconPath>
<testStepName>Data Sink füllen</testStepName>
</parameters>
<parameters>
<iconPath>/teststeps.gif</iconPath>
<testStepName>Data Source Loop</testStepName>
</parameters>
<parameters>
<iconPath>/groovy_script_step.png</iconPath>
<testStepName>jump</testStepName>
</parameters>
<parameters>
<iconPath>/groovy_script_step.png</iconPath>
<testStepName>IterationsID= Instanz 00_PCQ</testStepName>
</parameters>
<parameters>
<iconPath>/groovy_script_step.png</iconPath>
<testStepName>Reverse-Proxy nicht im Citrix ausführen (Firewall)</testStepName>
</parameters>
<parameters>
<iconPath>/groovy_script_step.png</iconPath>
<testStepName>PC-Adressen nicht in Ebene P oder S ausführen</testStepName>
</parameters>
<parameters>
<iconPath>/soap_request_step.svg</iconPath>
<testStepName>SOAP Request getQuote</testStepName>
</parameters>
<parameters>
<iconPath>/groovy_script_step.png</iconPath>
<testStepName>HTTP-Status ermitteln</testStepName>
</parameters>
<parameters>
<iconPath>/groovy_script_step.png</iconPath>
<testStepName>Beitrag PRÜFEN</testStepName>
</parameters>
<parameters>
<iconPath>/teststeps.gif</iconPath>
<testStepName>Data Sink</testStepName>
</parameters>
<parameters>
<iconPath>/teststeps.gif</iconPath>
<testStepName>Data Sink füllen</testStepName>
</parameters>
<parameters>
<iconPath>/teststeps.gif</iconPath>
<testStepName>Data Source Loop</testStepName>
</parameters>
<parameters>
<iconPath>/groovy_script_step.png</iconPath>
<testStepName>jump</testStepName>
</parameters>
<parameters>
<iconPath>/groovy_script_step.png</iconPath>
<testStepName>IterationsID= Instanz ReverseProxyHVQ</testStepName>
</parameters>
<parameters>
<iconPath>/groovy_script_step.png</iconPath>
<testStepName>Reverse-Proxy nicht im Citrix ausführen (Firewall)</testStepName>
</parameters>
<parameters>
<iconPath>/groovy_script_step.png</iconPath>
<testStepName>PC-Adressen nicht in Ebene P oder S ausführen</testStepName>
</parameters>
<parameters>
<iconPath>/soap_request_step.svg</iconPath>
<testStepName>SOAP Request getQuote</testStepName>
</parameters>
<parameters>
<iconPath>/groovy_script_step.png</iconPath>
<testStepName>HTTP-Status ermitteln</testStepName>
</parameters>
<parameters>
<iconPath>/groovy_script_step.png</iconPath>
<testStepName>Beitrag PRÜFEN</testStepName>
</parameters>
<parameters>
<iconPath>/teststeps.gif</iconPath>
<testStepName>Data Sink</testStepName>
</parameters>
<parameters>
<iconPath>/teststeps.gif</iconPath>
<testStepName>Data Sink füllen</testStepName>
</parameters>
<parameters>
<iconPath>/teststeps.gif</iconPath>
<testStepName>Data Source Loop</testStepName>
</parameters>
<parameters>
<iconPath>/groovy_script_step.png</iconPath>
<testStepName>jump</testStepName>
</parameters>
<parameters>
<iconPath>/groovy_script_step.png</iconPath>
<testStepName>IterationsID= Instanz ReverseProxyPCQ</testStepName>
</parameters>
<parameters>
<iconPath>/groovy_script_step.png</iconPath>
<testStepName>Reverse-Proxy nicht im Citrix ausführen (Firewall)</testStepName>
</parameters>
<parameters>
<iconPath>/groovy_script_step.png</iconPath>
<testStepName>PC-Adressen nicht in Ebene P oder S ausführen</testStepName>
</parameters>
<parameters>
<iconPath>/soap_request_step.svg</iconPath>
<testStepName>SOAP Request getQuote</testStepName>
</parameters>
<parameters>
<iconPath>/groovy_script_step.png</iconPath>
<testStepName>HTTP-Status ermitteln</testStepName>
</parameters>
<parameters>
<iconPath>/groovy_script_step.png</iconPath>
<testStepName>Beitrag PRÜFEN</testStepName>
</parameters>
<parameters>
<iconPath>/teststeps.gif</iconPath>
<testStepName>Data Sink</testStepName>
</parameters>
<parameters>
<iconPath>/teststeps.gif</iconPath>
<testStepName>Data Sink füllen</testStepName>
</parameters>
<parameters>
<iconPath>/teststeps.gif</iconPath>
<testStepName>Data Source Loop</testStepName>
</parameters>
<parameters>
<iconPath>/groovy_script_step.png</iconPath>
<testStepName>jump</testStepName>
</parameters>
<parameters>
<iconPath>/groovy_script_step.png</iconPath>
<testStepName>IterationsID= Instanz 01</testStepName>
</parameters>
<parameters>
<iconPath>/groovy_script_step.png</iconPath>
<testStepName>Reverse-Proxy nicht im Citrix ausführen (Firewall)</testStepName>
</parameters>
<parameters>
<iconPath>/groovy_script_step.png</iconPath>
<testStepName>PC-Adressen nicht in Ebene P oder S ausführen</testStepName>
</parameters>
<parameters>
<iconPath>/soap_request_step.svg</iconPath>
<testStepName>SOAP Request getQuote</testStepName>
</parameters>
<parameters>
<iconPath>/groovy_script_step.png</iconPath>
<testStepName>HTTP-Status ermitteln</testStepName>
</parameters>
<parameters>
<iconPath>/groovy_script_step.png</iconPath>
<testStepName>Beitrag PRÜFEN</testStepName>
</parameters>
<parameters>
<iconPath>/teststeps.gif</iconPath>
<testStepName>Data Sink</testStepName>
</parameters>
<parameters>
<iconPath>/teststeps.gif</iconPath>
<testStepName>Data Sink füllen</testStepName>
</parameters>
<parameters>
<iconPath>/teststeps.gif</iconPath>
<testStepName>Data Source Loop</testStepName>
</parameters>
<parameters>
<iconPath>/groovy_script_step.png</iconPath>
<testStepName>jump</testStepName>
</parameters>
<parameters>
<iconPath>/groovy_script_step.png</iconPath>
<testStepName>IterationsID= Instanz 02</testStepName>
</parameters>
<parameters>
<iconPath>/groovy_script_step.png</iconPath>
<testStepName>Reverse-Proxy nicht im Citrix ausführen (Firewall)</testStepName>
</parameters>
<parameters>
<iconPath>/groovy_script_step.png</iconPath>
<testStepName>PC-Adressen nicht in Ebene P oder S ausführen</testStepName>
</parameters>
<parameters>
<iconPath>/soap_request_step.svg</iconPath>
<testStepName>SOAP Request getQuote</testStepName>
</parameters>
<parameters>
<iconPath>/groovy_script_step.png</iconPath>
<testStepName>HTTP-Status ermitteln</testStepName>
</parameters>
<parameters>
<iconPath>/groovy_script_step.png</iconPath>
<testStepName>Beitrag PRÜFEN</testStepName>
</parameters>
<parameters>
<iconPath>/teststeps.gif</iconPath>
<testStepName>Data Sink</testStepName>
</parameters>
<parameters>
<iconPath>/teststeps.gif</iconPath>
<testStepName>Data Sink füllen</testStepName>
</parameters>
<parameters>
<iconPath>/teststeps.gif</iconPath>
<testStepName>Data Source Loop</testStepName>
</parameters>
</testStepParameters>
<failedTestSteps/>
<testStepResults>
<result>
<timeTaken>0</timeTaken>
<name>Testdaten</name>
<started>04:35:59.642</started>
<message>Step 1 [Testdaten] PASS: took 0 ms</message>
<order>2</order>
<status>PASS</status>
</result>
<result>
<timeTaken>20</timeTaken>
<name>Script</name>
<started>04:35:59.643</started>
<message>Step 2 [Script] PASS: took 20 ms</message>
<order>3</order>
<status>PASS</status>
</result>
<result>
<timeTaken>9</timeTaken>
<name>clean</name>
<started>04:35:59.664</started>
<message>Step 3 [clean] PASS: took 9 ms</message>
<order>4</order>
<status>PASS</status>
</result>
<result>
<timeTaken>30</timeTaken>
<name>Data Source</name>
<started>04:35:59.675</started>
<message>Step 4 [Data Source] PASS: took 30 ms</message>
<order>5</order>
<status>PASS</status>
</result>
<result>
<timeTaken>0</timeTaken>
<name>jump</name>
<started>04:35:59.706</started>
<message>Step 5 [jump] PASS: took 0 ms</message>
<order>6</order>
<status>PASS</status>
</result>
<result>
<timeTaken>12</timeTaken>
<name>IterationsID= Instanz Consumer</name>
<started>04:35:59.706</started>
<message>Step 6 [IterationsID= Instanz Consumer] PASS: took 12 ms</message>
<order>7</order>
<status>PASS</status>
</result>
<result>
<timeTaken>15</timeTaken>
<name>Reverse-Proxy nicht im Citrix ausführen (Firewall)</name>
<started>04:35:59.719</started>
<message>Step 7 [Reverse-Proxy nicht im Citrix ausführen (Firewall)] PASS: took 15 ms</message>
<order>8</order>
<status>PASS</status>
</result>
<result>
<timeTaken>12</timeTaken>
<name>PC-Adressen nicht in Ebene P oder S ausführen</name>
<started>04:35:59.735</started>
<message>Step 8 [PC-Adressen nicht in Ebene P oder S ausführen] PASS: took 12 ms</message>
<order>9</order>
<status>PASS</status>
</result>
<result>
<timeTaken>8360</timeTaken>
<name>SOAP Request getQuote</name>
<started>04:35:59.748</started>
<message>Step 9 [SOAP Request getQuote] PASS: took 8360 ms</message>
<order>10</order>
<status>PASS</status>
</result>
<result>
<timeTaken>24</timeTaken>
<name>HTTP-Status ermitteln</name>
<started>04:36:08.121</started>
<message>Step 10 [HTTP-Status ermitteln] PASS: took 24 ms -> Script-result: PASS</message>
<order>11</order>
<status>PASS</status>
</result>
<result>
<timeTaken>25</timeTaken>
<name>Beitrag PRÜFEN</name>
<started>04:36:08.146</started>
<message>Step 11 [Beitrag PRÜFEN] PASS: took 25 ms -> Script-result: Beitagsvergleich OK</message>
<order>12</order>
<status>PASS</status>
</result>
<result>
<timeTaken>9</timeTaken>
<name>Data Sink</name>
<started>04:36:08.172</started>
<message>Step 12 [Data Sink] PASS: took 9 ms</message>
<order>13</order>
<status>PASS</status>
</result>
<result>
<timeTaken>42</timeTaken>
<name>Data Sink füllen</name>
<started>04:36:08.182</started>
<message>Step 13 [Data Sink füllen] PASS: took 42 ms</message>
<order>14</order>
<status>PASS</status>
</result>
<result>
<timeTaken>0</timeTaken>
<name>Data Source Loop</name>
<started>04:36:08.225</started>
<message>Step 14 [Data Source Loop] PASS: took 0 ms -> Data Row 1</message>
<order>15</order>
<status>PASS</status>
</result>
<result>
<timeTaken>0</timeTaken>
<name>jump</name>
<started>04:36:08.226</started>
<message>Step 15 [jump] PASS: took 0 ms</message>
<order>16</order>
<status>PASS</status>
</result>
<result>
<timeTaken>0</timeTaken>
<name>IterationsID= Instanz Balancer1</name>
<started>04:36:08.226</started>
<message>Step 16 [IterationsID= Instanz Balancer1] PASS: took 0 ms</message>
<order>17</order>
<status>PASS</status>
</result>
<result>
<timeTaken>0</timeTaken>
<name>Reverse-Proxy nicht im Citrix ausführen (Firewall)</name>
<started>04:36:08.227</started>
<message>Step 17 [Reverse-Proxy nicht im Citrix ausführen (Firewall)] PASS: took 0 ms</message>
<order>18</order>
<status>PASS</status>
</result>
<result>
<timeTaken>0</timeTaken>
<name>PC-Adressen nicht in Ebene P oder S ausführen</name>
<started>04:36:08.227</started>
<message>Step 18 [PC-Adressen nicht in Ebene P oder S ausführen] PASS: took 0 ms</message>
<order>19</order>
<status>PASS</status>
</result>
<result>
<timeTaken>8493</timeTaken>
<name>SOAP Request getQuote</name>
<started>04:36:08.228</started>
<message>Step 19 [SOAP Request getQuote] PASS: took 8493 ms</message>
<order>20</order>
<status>PASS</status>
</result>
<result>
<timeTaken>1</timeTaken>
<name>HTTP-Status ermitteln</name>
<started>04:36:16.726</started>
<message>Step 20 [HTTP-Status ermitteln] PASS: took 1 ms -> Script-result: PASS</message>
<order>21</order>
<status>PASS</status>
</result>
<result>
<timeTaken>7</timeTaken>
<name>Beitrag PRÜFEN</name>
<started>04:36:16.728</started>
<message>Step 21 [Beitrag PRÜFEN] PASS: took 7 ms -> Script-result: Beitagsvergleich OK</message>
<order>22</order>
<status>PASS</status>
</result>
<result>
<timeTaken>7</timeTaken>
<name>Data Sink</name>
<started>04:36:16.736</started>
<message>Step 22 [Data Sink] PASS: took 7 ms</message>
<order>23</order>
<status>PASS</status>
</result>
<result>
<timeTaken>36</timeTaken>
<name>Data Sink füllen</name>
<started>04:36:16.744</started>
<message>Step 23 [Data Sink füllen] PASS: took 36 ms</message>
<order>24</order>
<status>PASS</status>
</result>
<result>
<timeTaken>0</timeTaken>
<name>Data Source Loop</name>
<started>04:36:16.781</started>
<message>Step 24 [Data Source Loop] PASS: took 0 ms -> Data Row 2</message>
<order>25</order>
<status>PASS</status>
</result>
<result>
<timeTaken>0</timeTaken>
<name>jump</name>
<started>04:36:16.782</started>
<message>Step 25 [jump] PASS: took 0 ms</message>
<order>26</order>
<status>PASS</status>
</result>
<result>
<timeTaken>0</timeTaken>
<name>IterationsID= Instanz 00_PCQ</name>
<started>04:36:16.782</started>
<message>Step 26 [IterationsID= Instanz 00_PCQ] PASS: took 0 ms</message>
<order>27</order>
<status>PASS</status>
</result>
<result>
<timeTaken>0</timeTaken>
<name>Reverse-Proxy nicht im Citrix ausführen (Firewall)</name>
<started>04:36:16.783</started>
<message>Step 27 [Reverse-Proxy nicht im Citrix ausführen (Firewall)] PASS: took 0 ms</message>
<order>28</order>
<status>PASS</status>
</result>
<result>
<timeTaken>0</timeTaken>
<name>PC-Adressen nicht in Ebene P oder S ausführen</name>
<started>04:36:16.783</started>
<message>Step 28 [PC-Adressen nicht in Ebene P oder S ausführen] PASS: took 0 ms</message>
<order>29</order>
<status>PASS</status>
</result>
<result>
<timeTaken>9292</timeTaken>
<name>SOAP Request getQuote</name>
<started>04:36:16.784</started>
<message>Step 29 [SOAP Request getQuote] PASS: took 9292 ms</message>
<order>30</order>
<status>PASS</status>
</result>
<result>
<timeTaken>1</timeTaken>
<name>HTTP-Status ermitteln</name>
<started>04:36:26.081</started>
<message>Step 30 [HTTP-Status ermitteln] PASS: took 1 ms -> Script-result: PASS</message>
<order>31</order>
<status>PASS</status>
</result>
<result>
<timeTaken>7</timeTaken>
<name>Beitrag PRÜFEN</name>
<started>04:36:26.082</started>
<message>Step 31 [Beitrag PRÜFEN] PASS: took 7 ms -> Script-result: Beitagsvergleich OK</message>
<order>32</order>
<status>PASS</status>
</result>
<result>
<timeTaken>8</timeTaken>
<name>Data Sink</name>
<started>04:36:26.090</started>
<message>Step 32 [Data Sink] PASS: took 8 ms</message>
<order>33</order>
<status>PASS</status>
</result>
<result>
<timeTaken>42</timeTaken>
<name>Data Sink füllen</name>
<started>04:36:26.099</started>
<message>Step 33 [Data Sink füllen] PASS: took 42 ms</message>
<order>34</order>
<status>PASS</status>
</result>
<result>
<timeTaken>0</timeTaken>
<name>Data Source Loop</name>
<started>04:36:26.143</started>
<message>Step 34 [Data Source Loop] PASS: took 0 ms -> Data Row 3</message>
<order>35</order>
<status>PASS</status>
</result>
<result>
<timeTaken>0</timeTaken>
<name>jump</name>
<started>04:36:26.143</started>
<message>Step 35 [jump] PASS: took 0 ms</message>
<order>36</order>
<status>PASS</status>
</result>
<result>
<timeTaken>0</timeTaken>
<name>IterationsID= Instanz ReverseProxyHVQ</name>
<started>04:36:26.143</started>
<message>Step 36 [IterationsID= Instanz ReverseProxyHVQ] PASS: took 0 ms</message>
<order>37</order>
<status>PASS</status>
</result>
<result>
<timeTaken>0</timeTaken>
<name>Reverse-Proxy nicht im Citrix ausführen (Firewall)</name>
<started>04:36:26.145</started>
<message>Step 37 [Reverse-Proxy nicht im Citrix ausführen (Firewall)] PASS: took 0 ms</message>
<order>38</order>
<status>PASS</status>
</result>
<result>
<timeTaken>0</timeTaken>
<name>PC-Adressen nicht in Ebene P oder S ausführen</name>
<started>04:36:26.145</started>
<message>Step 38 [PC-Adressen nicht in Ebene P oder S ausführen] PASS: took 0 ms</message>
<order>39</order>
<status>PASS</status>
</result>
<result>
<timeTaken>379</timeTaken>
<name>SOAP Request getQuote</name>
<started>04:36:26.145</started>
<message>Step 39 [SOAP Request getQuote] PASS: took 379 ms</message>
<order>40</order>
<status>PASS</status>
</result>
<result>
<timeTaken>1</timeTaken>
<name>HTTP-Status ermitteln</name>
<started>04:36:26.529</started>
<message>Step 40 [HTTP-Status ermitteln] PASS: took 1 ms -> Script-result: PASS</message>
<order>41</order>
<status>PASS</status>
</result>
<result>
<timeTaken>17</timeTaken>
<name>Beitrag PRÜFEN</name>
<started>04:36:26.531</started>
<message>Step 41 [Beitrag PRÜFEN] PASS: took 17 ms -> Script-result: Beitagsvergleich OK</message>
<order>42</order>
<status>PASS</status>
</result>
<result>
<timeTaken>9</timeTaken>
<name>Data Sink</name>
<started>04:36:26.549</started>
<message>Step 42 [Data Sink] PASS: took 9 ms</message>
<order>43</order>
<status>PASS</status>
</result>
<result>
<timeTaken>66</timeTaken>
<name>Data Sink füllen</name>
<started>04:36:26.561</started>
<message>Step 43 [Data Sink füllen] PASS: took 66 ms</message>
<order>44</order>
<status>PASS</status>
</result>
<result>
<timeTaken>0</timeTaken>
<name>Data Source Loop</name>
<started>04:36:26.628</started>
<message>Step 44 [Data Source Loop] PASS: took 0 ms -> Data Row 4</message>
<order>45</order>
<status>PASS</status>
</result>
<result>
<timeTaken>0</timeTaken>
<name>jump</name>
<started>04:36:26.629</started>
<message>Step 45 [jump] PASS: took 0 ms</message>
<order>46</order>
<status>PASS</status>
</result>
<result>
<timeTaken>4</timeTaken>
<name>IterationsID= Instanz ReverseProxyPCQ</name>
<started>04:36:26.629</started>
<message>Step 46 [IterationsID= Instanz ReverseProxyPCQ] PASS: took 4 ms</message>
<order>47</order>
<status>PASS</status>
</result>
<result>
<timeTaken>0</timeTaken>
<name>Reverse-Proxy nicht im Citrix ausführen (Firewall)</name>
<started>04:36:26.634</started>
<message>Step 47 [Reverse-Proxy nicht im Citrix ausführen (Firewall)] PASS: took 0 ms</message>
<order>48</order>
<status>PASS</status>
</result>
<result>
<timeTaken>0</timeTaken>
<name>PC-Adressen nicht in Ebene P oder S ausführen</name>
<started>04:36:26.634</started>
<message>Step 48 [PC-Adressen nicht in Ebene P oder S ausführen] PASS: took 0 ms</message>
<order>49</order>
<status>PASS</status>
</result>
<result>
<timeTaken>9100</timeTaken>
<name>SOAP Request getQuote</name>
<started>04:36:26.635</started>
<message>Step 49 [SOAP Request getQuote] PASS: took 9100 ms</message>
<order>50</order>
<status>PASS</status>
</result>
<result>
<timeTaken>1</timeTaken>
<name>HTTP-Status ermitteln</name>
<started>04:36:35.740</started>
<message>Step 50 [HTTP-Status ermitteln] PASS: took 1 ms -> Script-result: PASS</message>
<order>51</order>
<status>PASS</status>
</result>
<result>
<timeTaken>6</timeTaken>
<name>Beitrag PRÜFEN</name>
<started>04:36:35.742</started>
<message>Step 51 [Beitrag PRÜFEN] PASS: took 6 ms -> Script-result: Beitagsvergleich OK</message>
<order>52</order>
<status>PASS</status>
</result>
<result>
<timeTaken>8</timeTaken>
<name>Data Sink</name>
<started>04:36:35.749</started>
<message>Step 52 [Data Sink] PASS: took 8 ms</message>
<order>53</order>
<status>PASS</status>
</result>
<result>
<timeTaken>35</timeTaken>
<name>Data Sink füllen</name>
<started>04:36:35.758</started>
<message>Step 53 [Data Sink füllen] PASS: took 35 ms</message>
<order>54</order>
<status>PASS</status>
</result>
<result>
<timeTaken>0</timeTaken>
<name>Data Source Loop</name>
<started>04:36:35.794</started>
<message>Step 54 [Data Source Loop] PASS: took 0 ms -> Data Row 5</message>
<order>55</order>
<status>PASS</status>
</result>
<result>
<timeTaken>0</timeTaken>
<name>jump</name>
<started>04:36:35.795</started>
<message>Step 55 [jump] PASS: took 0 ms</message>
<order>56</order>
<status>PASS</status>
</result>
<result>
<timeTaken>0</timeTaken>
<name>IterationsID= Instanz 01</name>
<started>04:36:35.795</started>
<message>Step 56 [IterationsID= Instanz 01] PASS: took 0 ms</message>
<order>57</order>
<status>PASS</status>
</result>
<result>
<timeTaken>0</timeTaken>
<name>Reverse-Proxy nicht im Citrix ausführen (Firewall)</name>
<started>04:36:35.796</started>
<message>Step 57 [Reverse-Proxy nicht im Citrix ausführen (Firewall)] PASS: took 0 ms</message>
<order>58</order>
<status>PASS</status>
</result>
<result>
<timeTaken>0</timeTaken>
<name>PC-Adressen nicht in Ebene P oder S ausführen</name>
<started>04:36:35.796</started>
<message>Step 58 [PC-Adressen nicht in Ebene P oder S ausführen] PASS: took 0 ms</message>
<order>59</order>
<status>PASS</status>
</result>
<result>
<timeTaken>354</timeTaken>
<name>SOAP Request getQuote</name>
<started>04:36:35.796</started>
<message>Step 59 [SOAP Request getQuote] PASS: took 354 ms</message>
<order>60</order>
<status>PASS</status>
</result>
<result>
<timeTaken>1</timeTaken>
<name>HTTP-Status ermitteln</name>
<started>04:36:36.156</started>
<message>Step 60 [HTTP-Status ermitteln] PASS: took 1 ms -> Script-result: PASS</message>
<order>61</order>
<status>PASS</status>
</result>
<result>
<timeTaken>6</timeTaken>
<name>Beitrag PRÜFEN</name>
<started>04:36:36.158</started>
<message>Step 61 [Beitrag PRÜFEN] PASS: took 6 ms -> Script-result: Beitagsvergleich OK</message>
<order>62</order>
<status>PASS</status>
</result>
<result>
<timeTaken>7</timeTaken>
<name>Data Sink</name>
<started>04:36:36.165</started>
<message>Step 62 [Data Sink] PASS: took 7 ms</message>
<order>63</order>
<status>PASS</status>
</result>
<result>
<timeTaken>47</timeTaken>
<name>Data Sink füllen</name>
<started>04:36:36.173</started>
<message>Step 63 [Data Sink füllen] PASS: took 47 ms</message>
<order>64</order>
<status>PASS</status>
</result>
<result>
<timeTaken>0</timeTaken>
<name>Data Source Loop</name>
<started>04:36:36.221</started>
<message>Step 64 [Data Source Loop] PASS: took 0 ms -> Data Row 6</message>
<order>65</order>
<status>PASS</status>
</result>
<result>
<timeTaken>0</timeTaken>
<name>jump</name>
<started>04:36:36.222</started>
<message>Step 65 [jump] PASS: took 0 ms</message>
<order>66</order>
<status>PASS</status>
</result>
<result>
<timeTaken>0</timeTaken>
<name>IterationsID= Instanz 02</name>
<started>04:36:36.222</started>
<message>Step 66 [IterationsID= Instanz 02] PASS: took 0 ms</message>
<order>67</order>
<status>PASS</status>
</result>
<result>
<timeTaken>0</timeTaken>
<name>Reverse-Proxy nicht im Citrix ausführen (Firewall)</name>
<started>04:36:36.223</started>
<message>Step 67 [Reverse-Proxy nicht im Citrix ausführen (Firewall)] PASS: took 0 ms</message>
<order>68</order>
<status>PASS</status>
</result>
<result>
<timeTaken>0</timeTaken>
<name>PC-Adressen nicht in Ebene P oder S ausführen</name>
<started>04:36:36.223</started>
<message>Step 68 [PC-Adressen nicht in Ebene P oder S ausführen] PASS: took 0 ms</message>
<order>69</order>
<status>PASS</status>
</result>
<result>
<timeTaken>398</timeTaken>
<name>SOAP Request getQuote</name>
<started>04:36:36.224</started>
<message>Step 69 [SOAP Request getQuote] PASS: took 398 ms</message>
<order>70</order>
<status>PASS</status>
</result>
<result>
<timeTaken>1</timeTaken>
<name>HTTP-Status ermitteln</name>
<started>04:36:36.628</started>
<message>Step 70 [HTTP-Status ermitteln] PASS: took 1 ms -> Script-result: PASS</message>
<order>71</order>
<status>PASS</status>
</result>
<result>
<timeTaken>6</timeTaken>
<name>Beitrag PRÜFEN</name>
<started>04:36:36.629</started>
<message>Step 71 [Beitrag PRÜFEN] PASS: took 6 ms -> Script-result: Beitagsvergleich OK</message>
<order>72</order>
<status>PASS</status>
</result>
<result>
<timeTaken>7</timeTaken>
<name>Data Sink</name>
<started>04:36:36.636</started>
<message>Step 72 [Data Sink] PASS: took 7 ms</message>
<order>73</order>
<status>PASS</status>
</result>
<result>
<timeTaken>34</timeTaken>
<name>Data Sink füllen</name>
<started>04:36:36.644</started>
<message>Step 73 [Data Sink füllen] PASS: took 34 ms</message>
<order>74</order>
<status>PASS</status>
</result>
<result>
<timeTaken>0</timeTaken>
<name>Data Source Loop</name>
<started>04:36:36.679</started>
<message>Step 74 [Data Source Loop] PASS: took 0 ms -> Data Row 7</message>
<order>75</order>
<status>PASS</status>
</result>
</testStepResults>
</testCase>
<testCase>
<timeTaken>4153</timeTaken>
<startTime>04:36:36</startTime>
<testCaseName>getQuote_HausUndGrundbesitzerHaftpflicht</testCaseName>
<status>PASS</status>
<testCaseId>af888f5b-23af-4ff6-9145-80d9619d7199</testCaseId>
<testStepParameters>
<parameters>
<iconPath>/properties_step.svg</iconPath>
<testStepName>Testdaten</testStepName>
</parameters>
<parameters>
<iconPath>/groovy_script_step.png</iconPath>
<testStepName>Skript</testStepName>
</parameters>
<parameters>
<iconPath>/groovy_script_step.png</iconPath>
<testStepName>clean</testStepName>
</parameters>
<parameters>
<iconPath>/teststeps.gif</iconPath>
<testStepName>Data Source</testStepName>
</parameters>
<parameters>
<iconPath>/groovy_script_step.png</iconPath>
<testStepName>jump</testStepName>
</parameters>
<parameters>
<iconPath>/groovy_script_step.png</iconPath>
<testStepName>IterationsID= Instanz Consumer</testStepName>
</parameters>
<parameters>
<iconPath>/groovy_script_step.png</iconPath>
<testStepName>Reverse-Proxy nicht im Citrix ausführen (Firewall)</testStepName>
</parameters>
<parameters>
<iconPath>/groovy_script_step.png</iconPath>
<testStepName>PC-Adressen nicht in Ebene P oder S ausführen</testStepName>
</parameters>
<parameters>
<iconPath>/soap_request_step.svg</iconPath>
<testStepName>SOAP Request getQuote</testStepName>
</parameters>
<parameters>
<iconPath>/groovy_script_step.png</iconPath>
<testStepName>HTTP-Status ermitteln</testStepName>
</parameters>
<parameters>
<iconPath>/groovy_script_step.png</iconPath>
<testStepName>Beitrag PRÜFEN</testStepName>
</parameters>
<parameters>
<iconPath>/teststeps.gif</iconPath>
<testStepName>Data Sink</testStepName>
</parameters>
<parameters>
<iconPath>/teststeps.gif</iconPath>
<testStepName>Data Sink füllen</testStepName>
</parameters>
<parameters>
<iconPath>/teststeps.gif</iconPath>
<testStepName>Data Source Loop</testStepName>
</parameters>
<parameters>
<iconPath>/groovy_script_step.png</iconPath>
<testStepName>jump</testStepName>
</parameters>
<parameters>
<iconPath>/groovy_script_step.png</iconPath>
<testStepName>IterationsID= Instanz Balancer1</testStepName>
</parameters>
<parameters>
<iconPath>/groovy_script_step.png</iconPath>
<testStepName>Reverse-Proxy nicht im Citrix ausführen (Firewall)</testStepName>
</parameters>
<parameters>
<iconPath>/groovy_script_step.png</iconPath>
<testStepName>PC-Adressen nicht in Ebene P oder S ausführen</testStepName>
</parameters>
<parameters>
<iconPath>/soap_request_step.svg</iconPath>
<testStepName>SOAP Request getQuote</testStepName>
</parameters>
<parameters>
<iconPath>/groovy_script_step.png</iconPath>
<testStepName>HTTP-Status ermitteln</testStepName>
</parameters>
<parameters>
<iconPath>/groovy_script_step.png</iconPath>
<testStepName>Beitrag PRÜFEN</testStepName>
</parameters>
<parameters>
<iconPath>/teststeps.gif</iconPath>
<testStepName>Data Sink</testStepName>
</parameters>
<parameters>
<iconPath>/teststeps.gif</iconPath>
<testStepName>Data Sink füllen</testStepName>
</parameters>
<parameters>
<iconPath>/teststeps.gif</iconPath>
<testStepName>Data Source Loop</testStepName>
</parameters>
<parameters>
<iconPath>/groovy_script_step.png</iconPath>
<testStepName>jump</testStepName>
</parameters>
<parameters>
<iconPath>/groovy_script_step.png</iconPath>
<testStepName>IterationsID= Instanz 00_PCQ</testStepName>
</parameters>
<parameters>
<iconPath>/groovy_script_step.png</iconPath>
<testStepName>Reverse-Proxy nicht im Citrix ausführen (Firewall)</testStepName>
</parameters>
<parameters>
<iconPath>/groovy_script_step.png</iconPath>
<testStepName>PC-Adressen nicht in Ebene P oder S ausführen</testStepName>
</parameters>
<parameters>
<iconPath>/soap_request_step.svg</iconPath>
<testStepName>SOAP Request getQuote</testStepName>
</parameters>
<parameters>
<iconPath>/groovy_script_step.png</iconPath>
<testStepName>HTTP-Status ermitteln</testStepName>
</parameters>
<parameters>
<iconPath>/groovy_script_step.png</iconPath>
<testStepName>Beitrag PRÜFEN</testStepName>
</parameters>
<parameters>
<iconPath>/teststeps.gif</iconPath>
<testStepName>Data Sink</testStepName>
</parameters>
<parameters>
<iconPath>/teststeps.gif</iconPath>
<testStepName>Data Sink füllen</testStepName>
</parameters>
<parameters>
<iconPath>/teststeps.gif</iconPath>
<testStepName>Data Source Loop</testStepName>
</parameters>
<parameters>
<iconPath>/groovy_script_step.png</iconPath>
<testStepName>jump</testStepName>
</parameters>
<parameters>
<iconPath>/groovy_script_step.png</iconPath>
<testStepName>IterationsID= Instanz ReverseProxyHVQ</testStepName>
</parameters>
<parameters>
<iconPath>/groovy_script_step.png</iconPath>
<testStepName>Reverse-Proxy nicht im Citrix ausführen (Firewall)</testStepName>
</parameters>
<parameters>
<iconPath>/groovy_script_step.png</iconPath>
<testStepName>PC-Adressen nicht in Ebene P oder S ausführen</testStepName>
</parameters>
<parameters>
<iconPath>/soap_request_step.svg</iconPath>
<testStepName>SOAP Request getQuote</testStepName>
</parameters>
<parameters>
<iconPath>/groovy_script_step.png</iconPath>
<testStepName>HTTP-Status ermitteln</testStepName>
</parameters>
<parameters>
<iconPath>/groovy_script_step.png</iconPath>
<testStepName>Beitrag PRÜFEN</testStepName>
</parameters>
<parameters>
<iconPath>/teststeps.gif</iconPath>
<testStepName>Data Sink</testStepName>
</parameters>
<parameters>
<iconPath>/teststeps.gif</iconPath>
<testStepName>Data Sink füllen</testStepName>
</parameters>
<parameters>
<iconPath>/teststeps.gif</iconPath>
<testStepName>Data Source Loop</testStepName>
</parameters>
<parameters>
<iconPath>/groovy_script_step.png</iconPath>
<testStepName>jump</testStepName>
</parameters>
<parameters>
<iconPath>/groovy_script_step.png</iconPath>
<testStepName>IterationsID= Instanz ReverseProxyPCQ</testStepName>
</parameters>
<parameters>
<iconPath>/groovy_script_step.png</iconPath>
<testStepName>Reverse-Proxy nicht im Citrix ausführen (Firewall)</testStepName>
</parameters>
<parameters>
<iconPath>/groovy_script_step.png</iconPath>
<testStepName>PC-Adressen nicht in Ebene P oder S ausführen</testStepName>
</parameters>
<parameters>
<iconPath>/soap_request_step.svg</iconPath>
<testStepName>SOAP Request getQuote</testStepName>
</parameters>
<parameters>
<iconPath>/groovy_script_step.png</iconPath>
<testStepName>HTTP-Status ermitteln</testStepName>
</parameters>
<parameters>
<iconPath>/groovy_script_step.png</iconPath>
<testStepName>Beitrag PRÜFEN</testStepName>
</parameters>
<parameters>
<iconPath>/teststeps.gif</iconPath>
<testStepName>Data Sink</testStepName>
</parameters>
<parameters>
<iconPath>/teststeps.gif</iconPath>
<testStepName>Data Sink füllen</testStepName>
</parameters>
<parameters>
<iconPath>/teststeps.gif</iconPath>
<testStepName>Data Source Loop</testStepName>
</parameters>
<parameters>
<iconPath>/groovy_script_step.png</iconPath>
<testStepName>jump</testStepName>
</parameters>
<parameters>
<iconPath>/groovy_script_step.png</iconPath>
<testStepName>IterationsID= Instanz 01</testStepName>
</parameters>
<parameters>
<iconPath>/groovy_script_step.png</iconPath>
<testStepName>Reverse-Proxy nicht im Citrix ausführen (Firewall)</testStepName>
</parameters>
<parameters>
<iconPath>/groovy_script_step.png</iconPath>
<testStepName>PC-Adressen nicht in Ebene P oder S ausführen</testStepName>
</parameters>
<parameters>
<iconPath>/soap_request_step.svg</iconPath>
<testStepName>SOAP Request getQuote</testStepName>
</parameters>
<parameters>
<iconPath>/groovy_script_step.png</iconPath>
<testStepName>HTTP-Status ermitteln</testStepName>
</parameters>
<parameters>
<iconPath>/groovy_script_step.png</iconPath>
<testStepName>Beitrag PRÜFEN</testStepName>
</parameters>
<parameters>
<iconPath>/teststeps.gif</iconPath>
<testStepName>Data Sink</testStepName>
</parameters>
<parameters>
<iconPath>/teststeps.gif</iconPath>
<testStepName>Data Sink füllen</testStepName>
</parameters>
<parameters>
<iconPath>/teststeps.gif</iconPath>
<testStepName>Data Source Loop</testStepName>
</parameters>
<parameters>
<iconPath>/groovy_script_step.png</iconPath>
<testStepName>jump</testStepName>
</parameters>
<parameters>
<iconPath>/groovy_script_step.png</iconPath>
<testStepName>IterationsID= Instanz 02</testStepName>
</parameters>
<parameters>
<iconPath>/groovy_script_step.png</iconPath>
<testStepName>Reverse-Proxy nicht im Citrix ausführen (Firewall)</testStepName>
</parameters>
<parameters>
<iconPath>/groovy_script_step.png</iconPath>
<testStepName>PC-Adressen nicht in Ebene P oder S ausführen</testStepName>
</parameters>
<parameters>
<iconPath>/soap_request_step.svg</iconPath>
<testStepName>SOAP Request getQuote</testStepName>
</parameters>
<parameters>
<iconPath>/groovy_script_step.png</iconPath>
<testStepName>HTTP-Status ermitteln</testStepName>
</parameters>
<parameters>
<iconPath>/groovy_script_step.png</iconPath>
<testStepName>Beitrag PRÜFEN</testStepName>
</parameters>
<parameters>
<iconPath>/teststeps.gif</iconPath>
<testStepName>Data Sink</testStepName>
</parameters>
<parameters>
<iconPath>/teststeps.gif</iconPath>
<testStepName>Data Sink füllen</testStepName>
</parameters>
<parameters>
<iconPath>/teststeps.gif</iconPath>
<testStepName>Data Source Loop</testStepName>
</parameters>
</testStepParameters>
<failedTestSteps/>
<testStepResults>
<result>
<timeTaken>0</timeTaken>
<name>Testdaten</name>
<started>04:36:36.723</started>
<message>Step 1 [Testdaten] PASS: took 0 ms</message>
<order>2</order>
<status>PASS</status>
</result>
<result>
<timeTaken>17</timeTaken>
<name>Skript</name>
<started>04:36:36.723</started>
<message>Step 2 [Skript] PASS: took 17 ms</message>
<order>3</order>
<status>PASS</status>
</result>
<result>
<timeTaken>8</timeTaken>
<name>clean</name>
<started>04:36:36.741</started>
<message>Step 3 [clean] PASS: took 8 ms</message>
<order>4</order>
<status>PASS</status>
</result>
<result>
<timeTaken>31</timeTaken>
<name>Data Source</name>
<started>04:36:36.750</started>
<message>Step 4 [Data Source] PASS: took 31 ms</message>
<order>5</order>
<status>PASS</status>
</result>
<result>
<timeTaken>0</timeTaken>
<name>jump</name>
<started>04:36:36.781</started>
<message>Step 5 [jump] PASS: took 0 ms</message>
<order>6</order>
<status>PASS</status>
</result>
<result>
<timeTaken>11</timeTaken>
<name>IterationsID= Instanz Consumer</name>
<started>04:36:36.782</started>
<message>Step 6 [IterationsID= Instanz Consumer] PASS: took 11 ms</message>
<order>7</order>
<status>PASS</status>
</result>
<result>
<timeTaken>13</timeTaken>
<name>Reverse-Proxy nicht im Citrix ausführen (Firewall)</name>
<started>04:36:36.793</started>
<message>Step 7 [Reverse-Proxy nicht im Citrix ausführen (Firewall)] PASS: took 13 ms</message>
<order>8</order>
<status>PASS</status>
</result>
<result>
<timeTaken>12</timeTaken>
<name>PC-Adressen nicht in Ebene P oder S ausführen</name>
<started>04:36:36.807</started>
<message>Step 8 [PC-Adressen nicht in Ebene P oder S ausführen] PASS: took 12 ms</message>
<order>9</order>
<status>PASS</status>
</result>
<result>
<timeTaken>682</timeTaken>
<name>SOAP Request getQuote</name>
<started>04:36:36.820</started>
<message>Step 9 [SOAP Request getQuote] PASS: took 682 ms</message>
<order>10</order>
<status>PASS</status>
</result>
<result>
<timeTaken>22</timeTaken>
<name>HTTP-Status ermitteln</name>
<started>04:36:37.507</started>
<message>Step 10 [HTTP-Status ermitteln] PASS: took 22 ms -> Script-result: PASS</message>
<order>11</order>
<status>PASS</status>
</result>
<result>
<timeTaken>21</timeTaken>
<name>Beitrag PRÜFEN</name>
<started>04:36:37.530</started>
<message>Step 11 [Beitrag PRÜFEN] PASS: took 21 ms -> Script-result: Beitagsvergleich OK</message>
<order>12</order>
<status>PASS</status>
</result>
<result>
<timeTaken>20</timeTaken>
<name>Data Sink</name>
<started>04:36:37.552</started>
<message>Step 12 [Data Sink] PASS: took 20 ms</message>
<order>13</order>
<status>PASS</status>
</result>
<result>
<timeTaken>47</timeTaken>
<name>Data Sink füllen</name>
<started>04:36:37.573</started>
<message>Step 13 [Data Sink füllen] PASS: took 47 ms</message>
<order>14</order>
<status>PASS</status>
</result>
<result>
<timeTaken>0</timeTaken>
<name>Data Source Loop</name>
<started>04:36:37.621</started>
<message>Step 14 [Data Source Loop] PASS: took 0 ms -> Data Row 1</message>
<order>15</order>
<status>PASS</status>
</result>
<result>
<timeTaken>0</timeTaken>
<name>jump</name>
<started>04:36:37.622</started>
<message>Step 15 [jump] PASS: took 0 ms</message>
<order>16</order>
<status>PASS</status>
</result>
<result>
<timeTaken>4</timeTaken>
<name>IterationsID= Instanz Balancer1</name>
<started>04:36:37.622</started>
<message>Step 16 [IterationsID= Instanz Balancer1] PASS: took 4 ms</message>
<order>17</order>
<status>PASS</status>
</result>
<result>
<timeTaken>0</timeTaken>
<name>Reverse-Proxy nicht im Citrix ausführen (Firewall)</name>
<started>04:36:37.627</started>
<message>Step 17 [Reverse-Proxy nicht im Citrix ausführen (Firewall)] PASS: took 0 ms</message>
<order>18</order>
<status>PASS</status>
</result>
<result>
<timeTaken>0</timeTaken>
<name>PC-Adressen nicht in Ebene P oder S ausführen</name>
<started>04:36:37.627</started>
<message>Step 18 [PC-Adressen nicht in Ebene P oder S ausführen] PASS: took 0 ms</message>
<order>19</order>
<status>PASS</status>
</result>
<result>
<timeTaken>610</timeTaken>
<name>SOAP Request getQuote</name>
<started>04:36:37.627</started>
<message>Step 19 [SOAP Request getQuote] PASS: took 610 ms</message>
<order>20</order>
<status>PASS</status>
</result>
<result>
<timeTaken>1</timeTaken>
<name>HTTP-Status ermitteln</name>
<started>04:36:38.247</started>
<message>Step 20 [HTTP-Status ermitteln] PASS: took 1 ms -> Script-result: PASS</message>
<order>21</order>
<status>PASS</status>
</result>
<result>
<timeTaken>13</timeTaken>
<name>Beitrag PRÜFEN</name>
<started>04:36:38.250</started>
<message>Step 21 [Beitrag PRÜFEN] PASS: took 13 ms -> Script-result: Beitagsvergleich OK</message>
<order>22</order>
<status>PASS</status>
</result>
<result>
<timeTaken>14</timeTaken>
<name>Data Sink</name>
<started>04:36:38.264</started>
<message>Step 22 [Data Sink] PASS: took 14 ms</message>
<order>23</order>
<status>PASS</status>
</result>
<result>
<timeTaken>51</timeTaken>
<name>Data Sink füllen</name>
<started>04:36:38.279</started>
<message>Step 23 [Data Sink füllen] PASS: took 51 ms</message>
<order>24</order>
<status>PASS</status>
</result>
<result>
<timeTaken>0</timeTaken>
<name>Data Source Loop</name>
<started>04:36:38.331</started>
<message>Step 24 [Data Source Loop] PASS: took 0 ms -> Data Row 2</message>
<order>25</order>
<status>PASS</status>
</result>
<result>
<timeTaken>0</timeTaken>
<name>jump</name>
<started>04:36:38.332</started>
<message>Step 25 [jump] PASS: took 0 ms</message>
<order>26</order>
<status>PASS</status>
</result>
<result>
<timeTaken>0</timeTaken>
<name>IterationsID= Instanz 00_PCQ</name>
<started>04:36:38.332</started>
<message>Step 26 [IterationsID= Instanz 00_PCQ] PASS: took 0 ms</message>
<order>27</order>
<status>PASS</status>
</result>
<result>
<timeTaken>0</timeTaken>
<name>Reverse-Proxy nicht im Citrix ausführen (Firewall)</name>
<started>04:36:38.336</started>
<message>Step 27 [Reverse-Proxy nicht im Citrix ausführen (Firewall)] PASS: took 0 ms</message>
<order>28</order>
<status>PASS</status>
</result>
<result>
<timeTaken>0</timeTaken>
<name>PC-Adressen nicht in Ebene P oder S ausführen</name>
<started>04:36:38.336</started>
<message>Step 28 [PC-Adressen nicht in Ebene P oder S ausführen] PASS: took 0 ms</message>
<order>29</order>
<status>PASS</status>
</result>
<result>
<timeTaken>741</timeTaken>
<name>SOAP Request getQuote</name>
<started>04:36:38.337</started>
<message>Step 29 [SOAP Request getQuote] PASS: took 741 ms</message>
<order>30</order>
<status>PASS</status>
</result>
<result>
<timeTaken>1</timeTaken>
<name>HTTP-Status ermitteln</name>
<started>04:36:39.082</started>
<message>Step 30 [HTTP-Status ermitteln] PASS: took 1 ms -> Script-result: PASS</message>
<order>31</order>
<status>PASS</status>
</result>
<result>
<timeTaken>13</timeTaken>
<name>Beitrag PRÜFEN</name>
<started>04:36:39.084</started>
<message>Step 31 [Beitrag PRÜFEN] PASS: took 13 ms -> Script-result: Beitagsvergleich OK</message>
<order>32</order>
<status>PASS</status>
</result>
<result>
<timeTaken>9</timeTaken>
<name>Data Sink</name>
<started>04:36:39.097</started>
<message>Step 32 [Data Sink] PASS: took 9 ms</message>
<order>33</order>
<status>PASS</status>
</result>
<result>
<timeTaken>50</timeTaken>
<name>Data Sink füllen</name>
<started>04:36:39.108</started>
<message>Step 33 [Data Sink füllen] PASS: took 50 ms</message>
<order>34</order>
<status>PASS</status>
</result>
<result>
<timeTaken>1</timeTaken>
<name>Data Source Loop</name>
<started>04:36:39.159</started>
<message>Step 34 [Data Source Loop] PASS: took 1 ms -> Data Row 3</message>
<order>35</order>
<status>PASS</status>
</result>
<result>
<timeTaken>0</timeTaken>
<name>jump</name>
<started>04:36:39.161</started>
<message>Step 35 [jump] PASS: took 0 ms</message>
<order>36</order>
<status>PASS</status>
</result>
<result>
<timeTaken>0</timeTaken>
<name>IterationsID= Instanz ReverseProxyHVQ</name>
<started>04:36:39.162</started>
<message>Step 36 [IterationsID= Instanz ReverseProxyHVQ] PASS: took 0 ms</message>
<order>37</order>
<status>PASS</status>
</result>
<result>
<timeTaken>0</timeTaken>
<name>Reverse-Proxy nicht im Citrix ausführen (Firewall)</name>
<started>04:36:39.163</started>
<message>Step 37 [Reverse-Proxy nicht im Citrix ausführen (Firewall)] PASS: took 0 ms</message>
<order>38</order>
<status>PASS</status>
</result>
<result>
<timeTaken>0</timeTaken>
<name>PC-Adressen nicht in Ebene P oder S ausführen</name>
<started>04:36:39.164</started>
<message>Step 38 [PC-Adressen nicht in Ebene P oder S ausführen] PASS: took 0 ms</message>
<order>39</order>
<status>PASS</status>
</result>
<result>
<timeTaken>249</timeTaken>
<name>SOAP Request getQuote</name>
<started>04:36:39.164</started>
<message>Step 39 [SOAP Request getQuote] PASS: took 249 ms</message>
<order>40</order>
<status>PASS</status>
</result>
<result>
<timeTaken>1</timeTaken>
<name>HTTP-Status ermitteln</name>
<started>04:36:39.418</started>
<message>Step 40 [HTTP-Status ermitteln] PASS: took 1 ms -> Script-result: PASS</message>
<order>41</order>
<status>PASS</status>
</result>
<result>
<timeTaken>5</timeTaken>
<name>Beitrag PRÜFEN</name>
<started>04:36:39.419</started>
<message>Step 41 [Beitrag PRÜFEN] PASS: took 5 ms -> Script-result: Beitagsvergleich OK</message>
<order>42</order>
<status>PASS</status>
</result>
<result>
<timeTaken>6</timeTaken>
<name>Data Sink</name>
<started>04:36:39.425</started>
<message>Step 42 [Data Sink] PASS: took 6 ms</message>
<order>43</order>
<status>PASS</status>
</result>
<result>
<timeTaken>33</timeTaken>
<name>Data Sink füllen</name>
<started>04:36:39.432</started>
<message>Step 43 [Data Sink füllen] PASS: took 33 ms</message>
<order>44</order>
<status>PASS</status>
</result>
<result>
<timeTaken>0</timeTaken>
<name>Data Source Loop</name>
<started>04:36:39.466</started>
<message>Step 44 [Data Source Loop] PASS: took 0 ms -> Data Row 4</message>
<order>45</order>
<status>PASS</status>
</result>
<result>
<timeTaken>0</timeTaken>
<name>jump</name>
<started>04:36:39.466</started>
<message>Step 45 [jump] PASS: took 0 ms</message>
<order>46</order>
<status>PASS</status>
</result>
<result>
<timeTaken>0</timeTaken>
<name>IterationsID= Instanz ReverseProxyPCQ</name>
<started>04:36:39.467</started>
<message>Step 46 [IterationsID= Instanz ReverseProxyPCQ] PASS: took 0 ms</message>
<order>47</order>
<status>PASS</status>
</result>
<result>
<timeTaken>0</timeTaken>
<name>Reverse-Proxy nicht im Citrix ausführen (Firewall)</name>
<started>04:36:39.468</started>
<message>Step 47 [Reverse-Proxy nicht im Citrix ausführen (Firewall)] PASS: took 0 ms</message>
<order>48</order>
<status>PASS</status>
</result>
<result>
<timeTaken>0</timeTaken>
<name>PC-Adressen nicht in Ebene P oder S ausführen</name>
<started>04:36:39.468</started>
<message>Step 48 [PC-Adressen nicht in Ebene P oder S ausführen] PASS: took 0 ms</message>
<order>49</order>
<status>PASS</status>
</result>
<result>
<timeTaken>763</timeTaken>
<name>SOAP Request getQuote</name>
<started>04:36:39.468</started>
<message>Step 49 [SOAP Request getQuote] PASS: took 763 ms</message>
<order>50</order>
<status>PASS</status>
</result>
<result>
<timeTaken>2</timeTaken>
<name>HTTP-Status ermitteln</name>
<started>04:36:40.237</started>
<message>Step 50 [HTTP-Status ermitteln] PASS: took 2 ms -> Script-result: PASS</message>
<order>51</order>
<status>PASS</status>
</result>
<result>
<timeTaken>12</timeTaken>
<name>Beitrag PRÜFEN</name>
<started>04:36:40.240</started>
<message>Step 51 [Beitrag PRÜFEN] PASS: took 12 ms -> Script-result: Beitagsvergleich OK</message>
<order>52</order>
<status>PASS</status>
</result>
<result>
<timeTaken>13</timeTaken>
<name>Data Sink</name>
<started>04:36:40.253</started>
<message>Step 52 [Data Sink] PASS: took 13 ms</message>
<order>53</order>
<status>PASS</status>
</result>
<result>
<timeTaken>42</timeTaken>
<name>Data Sink füllen</name>
<started>04:36:40.268</started>
<message>Step 53 [Data Sink füllen] PASS: took 42 ms</message>
<order>54</order>
<status>PASS</status>
</result>
<result>
<timeTaken>0</timeTaken>
<name>Data Source Loop</name>
<started>04:36:40.312</started>
<message>Step 54 [Data Source Loop] PASS: took 0 ms -> Data Row 5</message>
<order>55</order>
<status>PASS</status>
</result>
<result>
<timeTaken>0</timeTaken>
<name>jump</name>
<started>04:36:40.312</started>
<message>Step 55 [jump] PASS: took 0 ms</message>
<order>56</order>
<status>PASS</status>
</result>
<result>
<timeTaken>5</timeTaken>
<name>IterationsID= Instanz 01</name>
<started>04:36:40.312</started>
<message>Step 56 [IterationsID= Instanz 01] PASS: took 5 ms</message>
<order>57</order>
<status>PASS</status>
</result>
<result>
<timeTaken>0</timeTaken>
<name>Reverse-Proxy nicht im Citrix ausführen (Firewall)</name>
<started>04:36:40.318</started>
<message>Step 57 [Reverse-Proxy nicht im Citrix ausführen (Firewall)] PASS: took 0 ms</message>
<order>58</order>
<status>PASS</status>
</result>
<result>
<timeTaken>0</timeTaken>
<name>PC-Adressen nicht in Ebene P oder S ausführen</name>
<started>04:36:40.318</started>
<message>Step 58 [PC-Adressen nicht in Ebene P oder S ausführen] PASS: took 0 ms</message>
<order>59</order>
<status>PASS</status>
</result>
<result>
<timeTaken>259</timeTaken>
<name>SOAP Request getQuote</name>
<started>04:36:40.319</started>
<message>Step 59 [SOAP Request getQuote] PASS: took 259 ms</message>
<order>60</order>
<status>PASS</status>
</result>
<result>
<timeTaken>2</timeTaken>
<name>HTTP-Status ermitteln</name>
<started>04:36:40.584</started>
<message>Step 60 [HTTP-Status ermitteln] PASS: took 2 ms -> Script-result: PASS</message>
<order>61</order>
<status>PASS</status>
</result>
<result>
<timeTaken>11</timeTaken>
<name>Beitrag PRÜFEN</name>
<started>04:36:40.587</started>
<message>Step 61 [Beitrag PRÜFEN] PASS: took 11 ms -> Script-result: Beitagsvergleich OK</message>
<order>62</order>
<status>PASS</status>
</result>
<result>
<timeTaken>7</timeTaken>
<name>Data Sink</name>
<started>04:36:40.600</started>
<message>Step 62 [Data Sink] PASS: took 7 ms</message>
<order>63</order>
<status>PASS</status>
</result>
<result>
<timeTaken>45</timeTaken>
<name>Data Sink füllen</name>
<started>04:36:40.607</started>
<message>Step 63 [Data Sink füllen] PASS: took 45 ms</message>
<order>64</order>
<status>PASS</status>
</result>
<result>
<timeTaken>0</timeTaken>
<name>Data Source Loop</name>
<started>04:36:40.653</started>
<message>Step 64 [Data Source Loop] PASS: took 0 ms -> Data Row 6</message>
<order>65</order>
<status>PASS</status>
</result>
<result>
<timeTaken>0</timeTaken>
<name>jump</name>
<started>04:36:40.657</started>
<message>Step 65 [jump] PASS: took 0 ms</message>
<order>66</order>
<status>PASS</status>
</result>
<result>
<timeTaken>0</timeTaken>
<name>IterationsID= Instanz 02</name>
<started>04:36:40.657</started>
<message>Step 66 [IterationsID= Instanz 02] PASS: took 0 ms</message>
<order>67</order>
<status>PASS</status>
</result>
<result>
<timeTaken>0</timeTaken>
<name>Reverse-Proxy nicht im Citrix ausführen (Firewall)</name>
<started>04:36:40.658</started>
<message>Step 67 [Reverse-Proxy nicht im Citrix ausführen (Firewall)] PASS: took 0 ms</message>
<order>68</order>
<status>PASS</status>
</result>
<result>
<timeTaken>0</timeTaken>
<name>PC-Adressen nicht in Ebene P oder S ausführen</name>
<started>04:36:40.658</started>
<message>Step 68 [PC-Adressen nicht in Ebene P oder S ausführen] PASS: took 0 ms</message>
<order>69</order>
<status>PASS</status>
</result>
<result>
<timeTaken>260</timeTaken>
<name>SOAP Request getQuote</name>
<started>04:36:40.659</started>
<message>Step 69 [SOAP Request getQuote] PASS: took 260 ms</message>
<order>70</order>
<status>PASS</status>
</result>
<result>
<timeTaken>0</timeTaken>
<name>HTTP-Status ermitteln</name>
<started>04:36:40.922</started>
<message>Step 70 [HTTP-Status ermitteln] PASS: took 0 ms -> Script-result: PASS</message>
<order>71</order>
<status>PASS</status>
</result>
<result>
<timeTaken>5</timeTaken>
<name>Beitrag PRÜFEN</name>
<started>04:36:40.924</started>
<message>Step 71 [Beitrag PRÜFEN] PASS: took 5 ms -> Script-result: Beitagsvergleich OK</message>
<order>72</order>
<status>PASS</status>
</result>
<result>
<timeTaken>6</timeTaken>
<name>Data Sink</name>
<started>04:36:40.930</started>
<message>Step 72 [Data Sink] PASS: took 6 ms</message>
<order>73</order>
<status>PASS</status>
</result>
<result>
<timeTaken>35</timeTaken>
<name>Data Sink füllen</name>
<started>04:36:40.936</started>
<message>Step 73 [Data Sink füllen] PASS: took 35 ms</message>
<order>74</order>
<status>PASS</status>
</result>
<result>
<timeTaken>0</timeTaken>
<name>Data Source Loop</name>
<started>04:36:40.972</started>
<message>Step 74 [Data Source Loop] PASS: took 0 ms -> Data Row 7</message>
<order>75</order>
<status>PASS</status>
</result>
</testStepResults>
</testCase>
<testCase>
<reason>Failing due to failed test step</reason>
<timeTaken>421109</timeTaken>
<startTime>04:36:41</startTime>
<testCaseName>getQuote_BauherrenHaftpflicht</testCaseName>
<status>FAIL</status>
<testCaseId>82abc1ed-8075-4a97-a5de-b174322e50cf</testCaseId>
<testStepParameters>
<parameters>
<iconPath>/properties_step.svg</iconPath>
<testStepName>Testdaten</testStepName>
</parameters>
<parameters>
<iconPath>/groovy_script_step.png</iconPath>
<testStepName>Script</testStepName>
</parameters>
<parameters>
<iconPath>/groovy_script_step.png</iconPath>
<testStepName>clean</testStepName>
</parameters>
<parameters>
<iconPath>/teststeps.gif</iconPath>
<testStepName>Data Source</testStepName>
</parameters>
<parameters>
<iconPath>/groovy_script_step.png</iconPath>
<testStepName>jump</testStepName>
</parameters>
<parameters>
<iconPath>/groovy_script_step.png</iconPath>
<testStepName>IterationsID= Instanz Consumer</testStepName>
</parameters>
<parameters>
<iconPath>/groovy_script_step.png</iconPath>
<testStepName>Reverse-Proxy nicht im Citrix ausführen (Firewall)</testStepName>
</parameters>
<parameters>
<iconPath>/groovy_script_step.png</iconPath>
<testStepName>PC-Adressen nicht in Ebene P oder S ausführen</testStepName>
</parameters>
<parameters>
<iconPath>/soap_request_step.svg</iconPath>
<testStepName>SOAP Request getQuote</testStepName>
</parameters>
<parameters>
<iconPath>/groovy_script_step.png</iconPath>
<testStepName>HTTP-Status ermitteln</testStepName>
</parameters>
<parameters>
<iconPath>/groovy_script_step.png</iconPath>
<testStepName>Beitrag PRÜFEN</testStepName>
</parameters>
<parameters>
<iconPath>/teststeps.gif</iconPath>
<testStepName>Data Sink</testStepName>
</parameters>
<parameters>
<iconPath>/teststeps.gif</iconPath>
<testStepName>Data Sink füllen</testStepName>
</parameters>
<parameters>
<iconPath>/teststeps.gif</iconPath>
<testStepName>Data Source Loop</testStepName>
</parameters>
<parameters>
<iconPath>/groovy_script_step.png</iconPath>
<testStepName>jump</testStepName>
</parameters>
<parameters>
<iconPath>/groovy_script_step.png</iconPath>
<testStepName>IterationsID= Instanz Balancer1</testStepName>
</parameters>
<parameters>
<iconPath>/groovy_script_step.png</iconPath>
<testStepName>Reverse-Proxy nicht im Citrix ausführen (Firewall)</testStepName>
</parameters>
<parameters>
<iconPath>/groovy_script_step.png</iconPath>
<testStepName>PC-Adressen nicht in Ebene P oder S ausführen</testStepName>
</parameters>
<parameters>
<iconPath>/soap_request_step.svg</iconPath>
<testStepName>SOAP Request getQuote</testStepName>
</parameters>
<parameters>
<iconPath>/groovy_script_step.png</iconPath>
<testStepName>HTTP-Status ermitteln</testStepName>
</parameters>
<parameters>
<iconPath>/groovy_script_step.png</iconPath>
<testStepName>Beitrag PRÜFEN</testStepName>
</parameters>
<parameters>
<iconPath>/teststeps.gif</iconPath>
<testStepName>Data Sink</testStepName>
</parameters>
<parameters>
<iconPath>/teststeps.gif</iconPath>
<testStepName>Data Sink füllen</testStepName>
</parameters>
<parameters>
<iconPath>/teststeps.gif</iconPath>
<testStepName>Data Source Loop</testStepName>
</parameters>
<parameters>
<iconPath>/groovy_script_step.png</iconPath>
<testStepName>jump</testStepName>
</parameters>
<parameters>
<iconPath>/groovy_script_step.png</iconPath>
<testStepName>IterationsID= Instanz 00_PCQ</testStepName>
</parameters>
<parameters>
<iconPath>/groovy_script_step.png</iconPath>
<testStepName>Reverse-Proxy nicht im Citrix ausführen (Firewall)</testStepName>
</parameters>
<parameters>
<iconPath>/groovy_script_step.png</iconPath>
<testStepName>PC-Adressen nicht in Ebene P oder S ausführen</testStepName>
</parameters>
<parameters>
<iconPath>/soap_request_step.svg</iconPath>
<testStepName>SOAP Request getQuote</testStepName>
</parameters>
<parameters>
<iconPath>/groovy_script_step.png</iconPath>
<testStepName>HTTP-Status ermitteln</testStepName>
</parameters>
<parameters>
<iconPath>/groovy_script_step.png</iconPath>
<testStepName>Beitrag PRÜFEN</testStepName>
</parameters>
<parameters>
<iconPath>/teststeps.gif</iconPath>
<testStepName>Data Sink</testStepName>
</parameters>
<parameters>
<iconPath>/teststeps.gif</iconPath>
<testStepName>Data Sink füllen</testStepName>
</parameters>
<parameters>
<iconPath>/teststeps.gif</iconPath>
<testStepName>Data Source Loop</testStepName>
</parameters>
<parameters>
<iconPath>/groovy_script_step.png</iconPath>
<testStepName>jump</testStepName>
</parameters>
<parameters>
<iconPath>/groovy_script_step.png</iconPath>
<testStepName>IterationsID= Instanz ReverseProxyHVQ</testStepName>
</parameters>
<parameters>
<iconPath>/groovy_script_step.png</iconPath>
<testStepName>Reverse-Proxy nicht im Citrix ausführen (Firewall)</testStepName>
</parameters>
<parameters>
<iconPath>/groovy_script_step.png</iconPath>
<testStepName>PC-Adressen nicht in Ebene P oder S ausführen</testStepName>
</parameters>
<parameters>
<iconPath>/soap_request_step.svg</iconPath>
<testStepName>SOAP Request getQuote</testStepName>
</parameters>
<parameters>
<iconPath>/groovy_script_step.png</iconPath>
<testStepName>HTTP-Status ermitteln</testStepName>
</parameters>
<parameters>
<iconPath>/groovy_script_step.png</iconPath>
<testStepName>Beitrag PRÜFEN</testStepName>
</parameters>
<parameters>
<iconPath>/teststeps.gif</iconPath>
<testStepName>Data Sink</testStepName>
</parameters>
<parameters>
<iconPath>/teststeps.gif</iconPath>
<testStepName>Data Sink füllen</testStepName>
</parameters>
<parameters>
<iconPath>/teststeps.gif</iconPath>
<testStepName>Data Source Loop</testStepName>
</parameters>
<parameters>
<iconPath>/groovy_script_step.png</iconPath>
<testStepName>jump</testStepName>
</parameters>
<parameters>
<iconPath>/groovy_script_step.png</iconPath>
<testStepName>IterationsID= Instanz ReverseProxyPCQ</testStepName>
</parameters>
<parameters>
<iconPath>/groovy_script_step.png</iconPath>
<testStepName>Reverse-Proxy nicht im Citrix ausführen (Firewall)</testStepName>
</parameters>
<parameters>
<iconPath>/groovy_script_step.png</iconPath>
<testStepName>PC-Adressen nicht in Ebene P oder S ausführen</testStepName>
</parameters>
<parameters>
<iconPath>/soap_request_step.svg</iconPath>
<testStepName>SOAP Request getQuote</testStepName>
</parameters>
<parameters>
<iconPath>/groovy_script_step.png</iconPath>
<testStepName>HTTP-Status ermitteln</testStepName>
</parameters>
<parameters>
<iconPath>/groovy_script_step.png</iconPath>
<testStepName>Beitrag PRÜFEN</testStepName>
</parameters>
<parameters>
<iconPath>/teststeps.gif</iconPath>
<testStepName>Data Sink</testStepName>
</parameters>
<parameters>
<iconPath>/teststeps.gif</iconPath>
<testStepName>Data Sink füllen</testStepName>
</parameters>
<parameters>
<iconPath>/teststeps.gif</iconPath>
<testStepName>Data Source Loop</testStepName>
</parameters>
<parameters>
<iconPath>/groovy_script_step.png</iconPath>
<testStepName>jump</testStepName>
</parameters>
<parameters>
<iconPath>/groovy_script_step.png</iconPath>
<testStepName>IterationsID= Instanz 01</testStepName>
</parameters>
<parameters>
<iconPath>/groovy_script_step.png</iconPath>
<testStepName>Reverse-Proxy nicht im Citrix ausführen (Firewall)</testStepName>
</parameters>
<parameters>
<iconPath>/groovy_script_step.png</iconPath>
<testStepName>PC-Adressen nicht in Ebene P oder S ausführen</testStepName>
</parameters>
<parameters>
<iconPath>/soap_request_step.svg</iconPath>
<testStepName>SOAP Request getQuote</testStepName>
</parameters>
<parameters>
<iconPath>/groovy_script_step.png</iconPath>
<testStepName>HTTP-Status ermitteln</testStepName>
</parameters>
<parameters>
<iconPath>/groovy_script_step.png</iconPath>
<testStepName>Beitrag PRÜFEN</testStepName>
</parameters>
<parameters>
<iconPath>/teststeps.gif</iconPath>
<testStepName>Data Sink</testStepName>
</parameters>
<parameters>
<iconPath>/teststeps.gif</iconPath>
<testStepName>Data Sink füllen</testStepName>
</parameters>
<parameters>
<iconPath>/teststeps.gif</iconPath>
<testStepName>Data Source Loop</testStepName>
</parameters>
<parameters>
<iconPath>/groovy_script_step.png</iconPath>
<testStepName>jump</testStepName>
</parameters>
<parameters>
<iconPath>/groovy_script_step.png</iconPath>
<testStepName>IterationsID= Instanz 02</testStepName>
</parameters>
<parameters>
<iconPath>/groovy_script_step.png</iconPath>
<testStepName>Reverse-Proxy nicht im Citrix ausführen (Firewall)</testStepName>
</parameters>
<parameters>
<iconPath>/groovy_script_step.png</iconPath>
<testStepName>PC-Adressen nicht in Ebene P oder S ausführen</testStepName>
</parameters>
<parameters>
<iconPath>/soap_request_step.svg</iconPath>
<testStepName>SOAP Request getQuote</testStepName>
</parameters>
<parameters>
<iconPath>/groovy_script_step.png</iconPath>
<testStepName>HTTP-Status ermitteln</testStepName>
</parameters>
<parameters>
<iconPath>/groovy_script_step.png</iconPath>
<testStepName>Beitrag PRÜFEN</testStepName>
</parameters>
<parameters>
<iconPath>/teststeps.gif</iconPath>
<testStepName>Data Sink</testStepName>
</parameters>
<parameters>
<iconPath>/teststeps.gif</iconPath>
<testStepName>Data Sink füllen</testStepName>
</parameters>
<parameters>
<iconPath>/teststeps.gif</iconPath>
<testStepName>Data Source Loop</testStepName>
</parameters>
</testStepParameters>
<failedTestSteps>
<error>
<fileName>/opt/webapp.dist.lin/base/jenkins/workspace/workspace/TA/Linie/RA/SOAP_UI_Vertrieb/00_Themenbereich_Checker_Ebenenstabilität/Check_HVQ_Instanzen_PHV_Testebenen/reports/getQuote_Check_HVQ_Instanzen_PHV-getQuote_BauherrenHaftpflicht-SOAP_Request_getQuote-0-FAIL.txt</fileName>
<testSuiteName>getQuote_Check_HVQ_Instanzen_PHV</testSuiteName>
<icon>soap_request_step.svg</icon>
<detail>
<![CDATA[ Status: FAIL Time Taken: 60071 Size: 0 Timestamp: Wed May 28 04:36:41 CEST 2025 TestStep: SOAP Request getQuote ----------------- Messages ------------------------------ java.net.SocketTimeoutException: Read timed out ----------------- Properties ------------------------------ Endpoint: https://phvbipro-j.vhv.de/services/VHVPHVTAAService_2.9.0.1.0 Username: vhv_bipro Encoding: UTF-8 Password: ************** ---------------- Request --------------------------- <soapenv:Envelope xmlns:soapenv="http://schemas.xmlsoap.org/soap/envelope/"> <soapenv:Header> <wsse:Security xmlns:wsse="http://docs.oasis-open.org/wss/2004/01/oasis-200401-wss-wssecurity-secext-1.0.xsd"> <sc:SecurityContextToken xmlns:sc="http://schemas.xmlsoap.org/ws/2005/02/sc"> <sc:Identifier>eyJhbGciOiJSUzI1NiIsInR5cCIgOiAiSldUIiwia2lkIiA6ICJQenRZZE1OQ3B3YklUV21nV0thMnBmQ2xoT1I2MHh6R2J2OU1IR01LcVRnIn0.eyJleHAiOjE3NDg0MDY4OTEsImlhdCI6MTc0ODM5OTY5MSwianRpIjoiNmI3YWE4NGEtYTJiNi00MzRlLThhZDQtMjBlY2UxMDczOWRmIiwiaXNzIjoiaHR0cHM6Ly92ZXJtaXR0bGVyLnNzby1qLnZodi5kZS9yZWFsbXMvYmlwcm8tc3RzIiwiYXVkIjpbInRhYSIsImV2YiIsInJhYmF0dCIsInRlbGVtYXRpa2luZm8iLCJhY2NvdW50Il0sInN1YiI6ImY6NTVhNGRiYjItYzgxYi00YjY0LWJiMWYtMGI4MThjYmM0YWJjOjEwMDAwMDA3NTQiLCJ0eXAiOiJCZWFyZXIiLCJhenAiOiJiaXByby1zdHMtd3MiLCJzaWQiOiI5YTU1NWY0NS0zMDVhLTRiNjMtYWE5NS01N2M5NjFhYzJkZWYiLCJyZWFsbV9hY2Nlc3MiOnsicm9sZXMiOlsib2ZmbGluZV9hY2Nlc3MiLCJ1bWFfYXV0aG9yaXphdGlvbiIsImRlZmF1bHQtcm9sZXMtYmlwcm8tc3RzIl19LCJyZXNvdXJjZV9hY2Nlc3MiOnsiYWNjb3VudCI6eyJyb2xlcyI6WyJtYW5hZ2UtYWNjb3VudCIsIm1hbmFnZS1hY2NvdW50LWxpbmtzIiwidmlldy1wcm9maWxlIl19fSwic2NvcGUiOiJiaXByby13ZWJzZXJ2aWNlIHByb2ZpbGUiLCJuYW1lIjoiRnJhbmtlJkJvcm5iZXJnIFdTIEZyYW5rZSZCb3JuYmVyZyBXUyIsInByZWZlcnJlZF91c2VybmFtZSI6IjEwMDAwMDA3NTQiLCJnaXZlbl9uYW1lIjoiRnJhbmtlJkJvcm5iZXJnIFdTIiwiZmFtaWx5X25hbWUiOiJGcmFua2UmQm9ybmJlcmcgV1MifQ.EvaYaZ7OuASzIh7tCK0dt9UuX6gZ5f42gBlxYwmyVH-xrn83P4wTBa-npruSVRLzggQCo1DBMQCu4QP8_ItC03ivsU0zaGvgPJ23luijuxs794u-I_jiwY6h0RgiOS3PS9dCMedpBpWl8P3UGbm1Yo-QTXRAPWIp9Jo8kcuFbTU7uVIZN5CQpvILI-_px0TZESp0IChGfbfl2YjaNy8dDfCVazt9MJKiRHFajzp0s2qdB_9O2TCqU2ecBJ-4Ld0TQmATbk2cTVBJLhiXp7gd6uaqFLMPSY1Avkt8SWbANkcZ2EUFGl8V61_SEAHSKGD_BDsBO1Ql4SHcQgHPa-t-qA</sc:Identifier> </sc:SecurityContextToken> </wsse:Security> </soapenv:Header> <soapenv:Body xmlns:tar="http://www.bipro.net/namespace/versicherung/tarifierung" xmlns:vhvphv="http://www.vhv.de/namespace/phv" xmlns:bas="http://www.bipro.net/namespace/basis" xmlns:all="http://www.bipro.net/namespace/allgemein" xmlns:xe="http://www.w3.org/2001/04/xmlenc#" xmlns:xd="http://www.w3.org/2000/09/xmldsig#" xmlns:nac="http://www.bipro.net/namespace/nachrichten" xmlns:gevo="http://www.bipro.net/namespace/gevo" xmlns:xmime="http://www.w3.org/2005/05/xmlmime" xmlns:par="http://www.bipro.net/namespace/partner" xmlns:prod="http://www.bipro.net/namespace/produktmodell" xmlns:ver="http://www.bipro.net/namespace/vertrag" xmlns:xsi="http://www.w3.org/2001/XMLSchema-instance" xmlns:sepa="http://www.bipro.net/namespace/sepa" xmlns:komposit="http://www.bipro.net/namespace/versicherung/produktmodell/komposit" xmlns:haftpflicht="http://www.bipro.net/namespace/versicherung/haftpflicht" xmlns:dt="http://www.bipro.net/namespace/datentypen" xmlns:vs-prod="http://www.bipro.net/namespace/versicherung/produktmodell" xmlns:sach="http://www.bipro.net/namespace/versicherung/sach" xmlns:sachen="http://www.bipro.net/namespace/sachen"> <tar:getQuote> <tar:Request> <nac:BiPROVersion>2.9.0.1.0</nac:BiPROVersion> <nac:ConsumerID>999</nac:ConsumerID> <tar:Tarifierung> <gevo:ArtID>100001010</gevo:ArtID> <gevo:Vermittler> <all:Vermittlernummer>000000-000</all:Vermittlernummer> <all:PartnerID>vermittler</all:PartnerID> </gevo:Vermittler> <tar:Zahlungsart>1</tar:Zahlungsart> <!--Angebots/Antragsteller--> <tar:Partner xsi:type="par:CT_Person"> <par:PartnerID>vn</par:PartnerID> <par:Anschrift> <all:Strasse>Drostestr.</all:Strasse> <all:Hausnummer>25</all:Hausnummer> <all:Postleitzahl>30161</all:Postleitzahl> <all:Ort>Hannover</all:Ort> <all:Land>D</all:Land> </par:Anschrift> </tar:Partner> <tar:Versicherungsnehmer> <par:PartnerID>vn</par:PartnerID> </tar:Versicherungsnehmer> <tar:Verkaufsprodukt> <!--EINMALZAHLUNG FOR BAUHERREN--> <prod:GewuenschteZahlungsweise>6</prod:GewuenschteZahlungsweise> <prod:Versicherungsdauer> <all:Beginn>2025-05-29T00:00</all:Beginn> <!--<all:Ende>2026-05-29T00:00</all:Ende>--> </prod:Versicherungsdauer> <prod:Produkt xsi:type="komposit:CT_SUHVersicherung"> <prod:Sparte>040</prod:Sparte> <prod:Kennung>BHV</prod:Kennung> <prod:Elementarprodukt xsi:type="komposit:CT_Deckung"> <!--Haftpflicht--> <komposit:ArtID xsi:type="dt:STE_DeckungBasis">0401</komposit:ArtID> <!--GEGENSTAND--> <komposit:VersichertesObjekt> <all:GegenstandID>bau</all:GegenstandID> </komposit:VersichertesObjekt> <!--WAGNIS--> <komposit:VersichertesWagnis> <all:AktivitaetID>aktivitaet_bauherrenhaftpflicht</all:AktivitaetID> </komposit:VersichertesWagnis> <komposit:VersichertesWagnis> <all:AktivitaetID>aktivitaet_bauleitung</all:AktivitaetID> </komposit:VersichertesWagnis> <!--Versicherungssumme--> <komposit:SummeLeistungWert> <vs-prod:Wert>50000000</vs-prod:Wert> <vs-prod:Werteinheit>20</vs-prod:Werteinheit> <komposit:ArtID xsi:type="dt:STE_SummeLeistungWertKompositBasis">004</komposit:ArtID> </komposit:SummeLeistungWert> <!--Vertragliche Bausumme--> <komposit:SummeLeistungWert> <vs-prod:Wert>500000</vs-prod:Wert> <vs-prod:Werteinheit>20</vs-prod:Werteinheit> <komposit:ArtID xsi:type="dt:STE_SummeLeistungWertKompositBasis">006</komposit:ArtID> </komposit:SummeLeistungWert> <!--Baueigenleistungen--> <komposit:SummeLeistungWert> <vs-prod:Wert>50000</vs-prod:Wert> <vs-prod:Werteinheit>20</vs-prod:Werteinheit> <komposit:ArtID xsi:type="vhvphv:STE_SummeLeistungWertKompositErweitert">100</komposit:ArtID> </komposit:SummeLeistungWert> </prod:Elementarprodukt> </prod:Produkt> </tar:Verkaufsprodukt> <!--BAUHERREN HAFTPFLICHT--> <tar:Aktivitaet xsi:type="haftpflicht:CT_Haftpflichtwagnis"> <all:AktivitaetID>aktivitaet_bauleitung</all:AktivitaetID> <haftpflicht:Wagnisart xsi:type="dt:STE_WagnisartBasis">1591</haftpflicht:Wagnisart> <haftpflicht:Bauherren> <!--ArtBauvorhaben = ST_ArtDesVorhabens--> <!--01 = Neubau--> <!--02,03,04 = An-/Umbau--> <haftpflicht:ArtBauvorhaben>03</haftpflicht:ArtBauvorhaben> </haftpflicht:Bauherren> </tar:Aktivitaet> <!--Bauleitung durch den VN--> <tar:Aktivitaet xsi:type="haftpflicht:CT_Haftpflichtwagnis"> <all:AktivitaetID>aktivitaet_bauherrenhaftpflicht</all:AktivitaetID> <haftpflicht:Wagnisart xsi:type="dt:STE_WagnisartBasis">8010</haftpflicht:Wagnisart> <haftpflicht:Bauherren> <!--ArtBauvorhaben = ST_ArtDesVorhabens--> <!--01 = Neubau--> <!--02,03,04 = An-/Umbau--> <haftpflicht:ArtBauvorhaben>03</haftpflicht:ArtBauvorhaben> </haftpflicht:Bauherren> </tar:Aktivitaet> <tar:Gegenstand xsi:type="sachen:CT_Gebaeude"> <all:GegenstandID>bau</all:GegenstandID> <all:ZusaetzlicheGegenstandsdaten xsi:type="sach:CT_GebaeudeEinflussfaktoren"> <sach:AnteilGewerblicheNutzung>25</sach:AnteilGewerblicheNutzung> </all:ZusaetzlicheGegenstandsdaten> </tar:Gegenstand> </tar:Tarifierung> </tar:Request> </tar:getQuote> </soapenv:Body> </soapenv:Envelope> ---------------- Response -------------------------- - missing response / garbage collected - ]]>
</detail>
<testCaseName>getQuote_BauherrenHaftpflicht</testCaseName>
<testStepName>SOAP Request getQuote</testStepName>
</error>
<error>
<fileName>/opt/webapp.dist.lin/base/jenkins/workspace/workspace/TA/Linie/RA/SOAP_UI_Vertrieb/00_Themenbereich_Checker_Ebenenstabilität/Check_HVQ_Instanzen_PHV_Testebenen/reports/getQuote_Check_HVQ_Instanzen_PHV-getQuote_BauherrenHaftpflicht-SOAP_Request_getQuote-1-FAIL.txt</fileName>
<testSuiteName>getQuote_Check_HVQ_Instanzen_PHV</testSuiteName>
<icon>soap_request_step.svg</icon>
<detail>
<![CDATA[ Status: FAIL Time Taken: 60083 Size: 0 Timestamp: Wed May 28 04:37:41 CEST 2025 TestStep: SOAP Request getQuote ----------------- Messages ------------------------------ java.net.SocketTimeoutException: Read timed out ----------------- Properties ------------------------------ Endpoint: https://guwpcq-j.ads.vhv.de/pc/ws/de/vhv/pc/integration/bipro/shu/external/v2_9_0/v1_0/soa/VHVPHVTAAService_2.9.0.1.0 Username: vhv_bipro Encoding: UTF-8 Password: ************** ---------------- Request --------------------------- <soapenv:Envelope xmlns:soapenv="http://schemas.xmlsoap.org/soap/envelope/"> <soapenv:Header> <wsse:Security xmlns:wsse="http://docs.oasis-open.org/wss/2004/01/oasis-200401-wss-wssecurity-secext-1.0.xsd"> <sc:SecurityContextToken xmlns:sc="http://schemas.xmlsoap.org/ws/2005/02/sc"> <sc:Identifier>eyJhbGciOiJSUzI1NiIsInR5cCIgOiAiSldUIiwia2lkIiA6ICJQenRZZE1OQ3B3YklUV21nV0thMnBmQ2xoT1I2MHh6R2J2OU1IR01LcVRnIn0.eyJleHAiOjE3NDg0MDY4OTEsImlhdCI6MTc0ODM5OTY5MSwianRpIjoiNmI3YWE4NGEtYTJiNi00MzRlLThhZDQtMjBlY2UxMDczOWRmIiwiaXNzIjoiaHR0cHM6Ly92ZXJtaXR0bGVyLnNzby1qLnZodi5kZS9yZWFsbXMvYmlwcm8tc3RzIiwiYXVkIjpbInRhYSIsImV2YiIsInJhYmF0dCIsInRlbGVtYXRpa2luZm8iLCJhY2NvdW50Il0sInN1YiI6ImY6NTVhNGRiYjItYzgxYi00YjY0LWJiMWYtMGI4MThjYmM0YWJjOjEwMDAwMDA3NTQiLCJ0eXAiOiJCZWFyZXIiLCJhenAiOiJiaXByby1zdHMtd3MiLCJzaWQiOiI5YTU1NWY0NS0zMDVhLTRiNjMtYWE5NS01N2M5NjFhYzJkZWYiLCJyZWFsbV9hY2Nlc3MiOnsicm9sZXMiOlsib2ZmbGluZV9hY2Nlc3MiLCJ1bWFfYXV0aG9yaXphdGlvbiIsImRlZmF1bHQtcm9sZXMtYmlwcm8tc3RzIl19LCJyZXNvdXJjZV9hY2Nlc3MiOnsiYWNjb3VudCI6eyJyb2xlcyI6WyJtYW5hZ2UtYWNjb3VudCIsIm1hbmFnZS1hY2NvdW50LWxpbmtzIiwidmlldy1wcm9maWxlIl19fSwic2NvcGUiOiJiaXByby13ZWJzZXJ2aWNlIHByb2ZpbGUiLCJuYW1lIjoiRnJhbmtlJkJvcm5iZXJnIFdTIEZyYW5rZSZCb3JuYmVyZyBXUyIsInByZWZlcnJlZF91c2VybmFtZSI6IjEwMDAwMDA3NTQiLCJnaXZlbl9uYW1lIjoiRnJhbmtlJkJvcm5iZXJnIFdTIiwiZmFtaWx5X25hbWUiOiJGcmFua2UmQm9ybmJlcmcgV1MifQ.EvaYaZ7OuASzIh7tCK0dt9UuX6gZ5f42gBlxYwmyVH-xrn83P4wTBa-npruSVRLzggQCo1DBMQCu4QP8_ItC03ivsU0zaGvgPJ23luijuxs794u-I_jiwY6h0RgiOS3PS9dCMedpBpWl8P3UGbm1Yo-QTXRAPWIp9Jo8kcuFbTU7uVIZN5CQpvILI-_px0TZESp0IChGfbfl2YjaNy8dDfCVazt9MJKiRHFajzp0s2qdB_9O2TCqU2ecBJ-4Ld0TQmATbk2cTVBJLhiXp7gd6uaqFLMPSY1Avkt8SWbANkcZ2EUFGl8V61_SEAHSKGD_BDsBO1Ql4SHcQgHPa-t-qA</sc:Identifier> </sc:SecurityContextToken> </wsse:Security> </soapenv:Header> <soapenv:Body xmlns:tar="http://www.bipro.net/namespace/versicherung/tarifierung" xmlns:vhvphv="http://www.vhv.de/namespace/phv" xmlns:bas="http://www.bipro.net/namespace/basis" xmlns:all="http://www.bipro.net/namespace/allgemein" xmlns:xe="http://www.w3.org/2001/04/xmlenc#" xmlns:xd="http://www.w3.org/2000/09/xmldsig#" xmlns:nac="http://www.bipro.net/namespace/nachrichten" xmlns:gevo="http://www.bipro.net/namespace/gevo" xmlns:xmime="http://www.w3.org/2005/05/xmlmime" xmlns:par="http://www.bipro.net/namespace/partner" xmlns:prod="http://www.bipro.net/namespace/produktmodell" xmlns:ver="http://www.bipro.net/namespace/vertrag" xmlns:xsi="http://www.w3.org/2001/XMLSchema-instance" xmlns:sepa="http://www.bipro.net/namespace/sepa" xmlns:komposit="http://www.bipro.net/namespace/versicherung/produktmodell/komposit" xmlns:haftpflicht="http://www.bipro.net/namespace/versicherung/haftpflicht" xmlns:dt="http://www.bipro.net/namespace/datentypen" xmlns:vs-prod="http://www.bipro.net/namespace/versicherung/produktmodell" xmlns:sach="http://www.bipro.net/namespace/versicherung/sach" xmlns:sachen="http://www.bipro.net/namespace/sachen"> <tar:getQuote> <tar:Request> <nac:BiPROVersion>2.9.0.1.0</nac:BiPROVersion> <nac:ConsumerID>999</nac:ConsumerID> <tar:Tarifierung> <gevo:ArtID>100001010</gevo:ArtID> <gevo:Vermittler> <all:Vermittlernummer>000000-000</all:Vermittlernummer> <all:PartnerID>vermittler</all:PartnerID> </gevo:Vermittler> <tar:Zahlungsart>1</tar:Zahlungsart> <!--Angebots/Antragsteller--> <tar:Partner xsi:type="par:CT_Person"> <par:PartnerID>vn</par:PartnerID> <par:Anschrift> <all:Strasse>Drostestr.</all:Strasse> <all:Hausnummer>25</all:Hausnummer> <all:Postleitzahl>30161</all:Postleitzahl> <all:Ort>Hannover</all:Ort> <all:Land>D</all:Land> </par:Anschrift> </tar:Partner> <tar:Versicherungsnehmer> <par:PartnerID>vn</par:PartnerID> </tar:Versicherungsnehmer> <tar:Verkaufsprodukt> <!--EINMALZAHLUNG FOR BAUHERREN--> <prod:GewuenschteZahlungsweise>6</prod:GewuenschteZahlungsweise> <prod:Versicherungsdauer> <all:Beginn>2025-05-29T00:00</all:Beginn> <!--<all:Ende>2026-05-29T00:00</all:Ende>--> </prod:Versicherungsdauer> <prod:Produkt xsi:type="komposit:CT_SUHVersicherung"> <prod:Sparte>040</prod:Sparte> <prod:Kennung>BHV</prod:Kennung> <prod:Elementarprodukt xsi:type="komposit:CT_Deckung"> <!--Haftpflicht--> <komposit:ArtID xsi:type="dt:STE_DeckungBasis">0401</komposit:ArtID> <!--GEGENSTAND--> <komposit:VersichertesObjekt> <all:GegenstandID>bau</all:GegenstandID> </komposit:VersichertesObjekt> <!--WAGNIS--> <komposit:VersichertesWagnis> <all:AktivitaetID>aktivitaet_bauherrenhaftpflicht</all:AktivitaetID> </komposit:VersichertesWagnis> <komposit:VersichertesWagnis> <all:AktivitaetID>aktivitaet_bauleitung</all:AktivitaetID> </komposit:VersichertesWagnis> <!--Versicherungssumme--> <komposit:SummeLeistungWert> <vs-prod:Wert>50000000</vs-prod:Wert> <vs-prod:Werteinheit>20</vs-prod:Werteinheit> <komposit:ArtID xsi:type="dt:STE_SummeLeistungWertKompositBasis">004</komposit:ArtID> </komposit:SummeLeistungWert> <!--Vertragliche Bausumme--> <komposit:SummeLeistungWert> <vs-prod:Wert>500000</vs-prod:Wert> <vs-prod:Werteinheit>20</vs-prod:Werteinheit> <komposit:ArtID xsi:type="dt:STE_SummeLeistungWertKompositBasis">006</komposit:ArtID> </komposit:SummeLeistungWert> <!--Baueigenleistungen--> <komposit:SummeLeistungWert> <vs-prod:Wert>50000</vs-prod:Wert> <vs-prod:Werteinheit>20</vs-prod:Werteinheit> <komposit:ArtID xsi:type="vhvphv:STE_SummeLeistungWertKompositErweitert">100</komposit:ArtID> </komposit:SummeLeistungWert> </prod:Elementarprodukt> </prod:Produkt> </tar:Verkaufsprodukt> <!--BAUHERREN HAFTPFLICHT--> <tar:Aktivitaet xsi:type="haftpflicht:CT_Haftpflichtwagnis"> <all:AktivitaetID>aktivitaet_bauleitung</all:AktivitaetID> <haftpflicht:Wagnisart xsi:type="dt:STE_WagnisartBasis">1591</haftpflicht:Wagnisart> <haftpflicht:Bauherren> <!--ArtBauvorhaben = ST_ArtDesVorhabens--> <!--01 = Neubau--> <!--02,03,04 = An-/Umbau--> <haftpflicht:ArtBauvorhaben>03</haftpflicht:ArtBauvorhaben> </haftpflicht:Bauherren> </tar:Aktivitaet> <!--Bauleitung durch den VN--> <tar:Aktivitaet xsi:type="haftpflicht:CT_Haftpflichtwagnis"> <all:AktivitaetID>aktivitaet_bauherrenhaftpflicht</all:AktivitaetID> <haftpflicht:Wagnisart xsi:type="dt:STE_WagnisartBasis">8010</haftpflicht:Wagnisart> <haftpflicht:Bauherren> <!--ArtBauvorhaben = ST_ArtDesVorhabens--> <!--01 = Neubau--> <!--02,03,04 = An-/Umbau--> <haftpflicht:ArtBauvorhaben>03</haftpflicht:ArtBauvorhaben> </haftpflicht:Bauherren> </tar:Aktivitaet> <tar:Gegenstand xsi:type="sachen:CT_Gebaeude"> <all:GegenstandID>bau</all:GegenstandID> <all:ZusaetzlicheGegenstandsdaten xsi:type="sach:CT_GebaeudeEinflussfaktoren"> <sach:AnteilGewerblicheNutzung>25</sach:AnteilGewerblicheNutzung> </all:ZusaetzlicheGegenstandsdaten> </tar:Gegenstand> </tar:Tarifierung> </tar:Request> </tar:getQuote> </soapenv:Body> </soapenv:Envelope> ---------------- Response -------------------------- - missing response / garbage collected - ]]>
</detail>
<testCaseName>getQuote_BauherrenHaftpflicht</testCaseName>
<testStepName>SOAP Request getQuote</testStepName>
</error>
<error>
<fileName>/opt/webapp.dist.lin/base/jenkins/workspace/workspace/TA/Linie/RA/SOAP_UI_Vertrieb/00_Themenbereich_Checker_Ebenenstabilität/Check_HVQ_Instanzen_PHV_Testebenen/reports/getQuote_Check_HVQ_Instanzen_PHV-getQuote_BauherrenHaftpflicht-SOAP_Request_getQuote-2-FAIL.txt</fileName>
<testSuiteName>getQuote_Check_HVQ_Instanzen_PHV</testSuiteName>
<icon>soap_request_step.svg</icon>
<detail>
<![CDATA[ Status: FAIL Time Taken: 60091 Size: 0 Timestamp: Wed May 28 04:38:41 CEST 2025 TestStep: SOAP Request getQuote ----------------- Messages ------------------------------ java.net.SocketTimeoutException: Read timed out ----------------- Properties ------------------------------ Endpoint: https://guwpc-j.ads.vhv.de/pc/ws/de/vhv/pc/integration/bipro/shu/external/v2_9_0/v1_0/soa/VHVPHVTAAService_2.9.0.1.0 Username: vhv_bipro Encoding: UTF-8 Password: ************** ---------------- Request --------------------------- <soapenv:Envelope xmlns:soapenv="http://schemas.xmlsoap.org/soap/envelope/"> <soapenv:Header> <wsse:Security xmlns:wsse="http://docs.oasis-open.org/wss/2004/01/oasis-200401-wss-wssecurity-secext-1.0.xsd"> <sc:SecurityContextToken xmlns:sc="http://schemas.xmlsoap.org/ws/2005/02/sc"> <sc:Identifier>eyJhbGciOiJSUzI1NiIsInR5cCIgOiAiSldUIiwia2lkIiA6ICJQenRZZE1OQ3B3YklUV21nV0thMnBmQ2xoT1I2MHh6R2J2OU1IR01LcVRnIn0.eyJleHAiOjE3NDg0MDY4OTEsImlhdCI6MTc0ODM5OTY5MSwianRpIjoiNmI3YWE4NGEtYTJiNi00MzRlLThhZDQtMjBlY2UxMDczOWRmIiwiaXNzIjoiaHR0cHM6Ly92ZXJtaXR0bGVyLnNzby1qLnZodi5kZS9yZWFsbXMvYmlwcm8tc3RzIiwiYXVkIjpbInRhYSIsImV2YiIsInJhYmF0dCIsInRlbGVtYXRpa2luZm8iLCJhY2NvdW50Il0sInN1YiI6ImY6NTVhNGRiYjItYzgxYi00YjY0LWJiMWYtMGI4MThjYmM0YWJjOjEwMDAwMDA3NTQiLCJ0eXAiOiJCZWFyZXIiLCJhenAiOiJiaXByby1zdHMtd3MiLCJzaWQiOiI5YTU1NWY0NS0zMDVhLTRiNjMtYWE5NS01N2M5NjFhYzJkZWYiLCJyZWFsbV9hY2Nlc3MiOnsicm9sZXMiOlsib2ZmbGluZV9hY2Nlc3MiLCJ1bWFfYXV0aG9yaXphdGlvbiIsImRlZmF1bHQtcm9sZXMtYmlwcm8tc3RzIl19LCJyZXNvdXJjZV9hY2Nlc3MiOnsiYWNjb3VudCI6eyJyb2xlcyI6WyJtYW5hZ2UtYWNjb3VudCIsIm1hbmFnZS1hY2NvdW50LWxpbmtzIiwidmlldy1wcm9maWxlIl19fSwic2NvcGUiOiJiaXByby13ZWJzZXJ2aWNlIHByb2ZpbGUiLCJuYW1lIjoiRnJhbmtlJkJvcm5iZXJnIFdTIEZyYW5rZSZCb3JuYmVyZyBXUyIsInByZWZlcnJlZF91c2VybmFtZSI6IjEwMDAwMDA3NTQiLCJnaXZlbl9uYW1lIjoiRnJhbmtlJkJvcm5iZXJnIFdTIiwiZmFtaWx5X25hbWUiOiJGcmFua2UmQm9ybmJlcmcgV1MifQ.EvaYaZ7OuASzIh7tCK0dt9UuX6gZ5f42gBlxYwmyVH-xrn83P4wTBa-npruSVRLzggQCo1DBMQCu4QP8_ItC03ivsU0zaGvgPJ23luijuxs794u-I_jiwY6h0RgiOS3PS9dCMedpBpWl8P3UGbm1Yo-QTXRAPWIp9Jo8kcuFbTU7uVIZN5CQpvILI-_px0TZESp0IChGfbfl2YjaNy8dDfCVazt9MJKiRHFajzp0s2qdB_9O2TCqU2ecBJ-4Ld0TQmATbk2cTVBJLhiXp7gd6uaqFLMPSY1Avkt8SWbANkcZ2EUFGl8V61_SEAHSKGD_BDsBO1Ql4SHcQgHPa-t-qA</sc:Identifier> </sc:SecurityContextToken> </wsse:Security> </soapenv:Header> <soapenv:Body xmlns:tar="http://www.bipro.net/namespace/versicherung/tarifierung" xmlns:vhvphv="http://www.vhv.de/namespace/phv" xmlns:bas="http://www.bipro.net/namespace/basis" xmlns:all="http://www.bipro.net/namespace/allgemein" xmlns:xe="http://www.w3.org/2001/04/xmlenc#" xmlns:xd="http://www.w3.org/2000/09/xmldsig#" xmlns:nac="http://www.bipro.net/namespace/nachrichten" xmlns:gevo="http://www.bipro.net/namespace/gevo" xmlns:xmime="http://www.w3.org/2005/05/xmlmime" xmlns:par="http://www.bipro.net/namespace/partner" xmlns:prod="http://www.bipro.net/namespace/produktmodell" xmlns:ver="http://www.bipro.net/namespace/vertrag" xmlns:xsi="http://www.w3.org/2001/XMLSchema-instance" xmlns:sepa="http://www.bipro.net/namespace/sepa" xmlns:komposit="http://www.bipro.net/namespace/versicherung/produktmodell/komposit" xmlns:haftpflicht="http://www.bipro.net/namespace/versicherung/haftpflicht" xmlns:dt="http://www.bipro.net/namespace/datentypen" xmlns:vs-prod="http://www.bipro.net/namespace/versicherung/produktmodell" xmlns:sach="http://www.bipro.net/namespace/versicherung/sach" xmlns:sachen="http://www.bipro.net/namespace/sachen"> <tar:getQuote> <tar:Request> <nac:BiPROVersion>2.9.0.1.0</nac:BiPROVersion> <nac:ConsumerID>999</nac:ConsumerID> <tar:Tarifierung> <gevo:ArtID>100001010</gevo:ArtID> <gevo:Vermittler> <all:Vermittlernummer>000000-000</all:Vermittlernummer> <all:PartnerID>vermittler</all:PartnerID> </gevo:Vermittler> <tar:Zahlungsart>1</tar:Zahlungsart> <!--Angebots/Antragsteller--> <tar:Partner xsi:type="par:CT_Person"> <par:PartnerID>vn</par:PartnerID> <par:Anschrift> <all:Strasse>Drostestr.</all:Strasse> <all:Hausnummer>25</all:Hausnummer> <all:Postleitzahl>30161</all:Postleitzahl> <all:Ort>Hannover</all:Ort> <all:Land>D</all:Land> </par:Anschrift> </tar:Partner> <tar:Versicherungsnehmer> <par:PartnerID>vn</par:PartnerID> </tar:Versicherungsnehmer> <tar:Verkaufsprodukt> <!--EINMALZAHLUNG FOR BAUHERREN--> <prod:GewuenschteZahlungsweise>6</prod:GewuenschteZahlungsweise> <prod:Versicherungsdauer> <all:Beginn>2025-05-29T00:00</all:Beginn> <!--<all:Ende>2026-05-29T00:00</all:Ende>--> </prod:Versicherungsdauer> <prod:Produkt xsi:type="komposit:CT_SUHVersicherung"> <prod:Sparte>040</prod:Sparte> <prod:Kennung>BHV</prod:Kennung> <prod:Elementarprodukt xsi:type="komposit:CT_Deckung"> <!--Haftpflicht--> <komposit:ArtID xsi:type="dt:STE_DeckungBasis">0401</komposit:ArtID> <!--GEGENSTAND--> <komposit:VersichertesObjekt> <all:GegenstandID>bau</all:GegenstandID> </komposit:VersichertesObjekt> <!--WAGNIS--> <komposit:VersichertesWagnis> <all:AktivitaetID>aktivitaet_bauherrenhaftpflicht</all:AktivitaetID> </komposit:VersichertesWagnis> <komposit:VersichertesWagnis> <all:AktivitaetID>aktivitaet_bauleitung</all:AktivitaetID> </komposit:VersichertesWagnis> <!--Versicherungssumme--> <komposit:SummeLeistungWert> <vs-prod:Wert>50000000</vs-prod:Wert> <vs-prod:Werteinheit>20</vs-prod:Werteinheit> <komposit:ArtID xsi:type="dt:STE_SummeLeistungWertKompositBasis">004</komposit:ArtID> </komposit:SummeLeistungWert> <!--Vertragliche Bausumme--> <komposit:SummeLeistungWert> <vs-prod:Wert>500000</vs-prod:Wert> <vs-prod:Werteinheit>20</vs-prod:Werteinheit> <komposit:ArtID xsi:type="dt:STE_SummeLeistungWertKompositBasis">006</komposit:ArtID> </komposit:SummeLeistungWert> <!--Baueigenleistungen--> <komposit:SummeLeistungWert> <vs-prod:Wert>50000</vs-prod:Wert> <vs-prod:Werteinheit>20</vs-prod:Werteinheit> <komposit:ArtID xsi:type="vhvphv:STE_SummeLeistungWertKompositErweitert">100</komposit:ArtID> </komposit:SummeLeistungWert> </prod:Elementarprodukt> </prod:Produkt> </tar:Verkaufsprodukt> <!--BAUHERREN HAFTPFLICHT--> <tar:Aktivitaet xsi:type="haftpflicht:CT_Haftpflichtwagnis"> <all:AktivitaetID>aktivitaet_bauleitung</all:AktivitaetID> <haftpflicht:Wagnisart xsi:type="dt:STE_WagnisartBasis">1591</haftpflicht:Wagnisart> <haftpflicht:Bauherren> <!--ArtBauvorhaben = ST_ArtDesVorhabens--> <!--01 = Neubau--> <!--02,03,04 = An-/Umbau--> <haftpflicht:ArtBauvorhaben>03</haftpflicht:ArtBauvorhaben> </haftpflicht:Bauherren> </tar:Aktivitaet> <!--Bauleitung durch den VN--> <tar:Aktivitaet xsi:type="haftpflicht:CT_Haftpflichtwagnis"> <all:AktivitaetID>aktivitaet_bauherrenhaftpflicht</all:AktivitaetID> <haftpflicht:Wagnisart xsi:type="dt:STE_WagnisartBasis">8010</haftpflicht:Wagnisart> <haftpflicht:Bauherren> <!--ArtBauvorhaben = ST_ArtDesVorhabens--> <!--01 = Neubau--> <!--02,03,04 = An-/Umbau--> <haftpflicht:ArtBauvorhaben>03</haftpflicht:ArtBauvorhaben> </haftpflicht:Bauherren> </tar:Aktivitaet> <tar:Gegenstand xsi:type="sachen:CT_Gebaeude"> <all:GegenstandID>bau</all:GegenstandID> <all:ZusaetzlicheGegenstandsdaten xsi:type="sach:CT_GebaeudeEinflussfaktoren"> <sach:AnteilGewerblicheNutzung>25</sach:AnteilGewerblicheNutzung> </all:ZusaetzlicheGegenstandsdaten> </tar:Gegenstand> </tar:Tarifierung> </tar:Request> </tar:getQuote> </soapenv:Body> </soapenv:Envelope> ---------------- Response -------------------------- - missing response / garbage collected - ]]>
</detail>
<testCaseName>getQuote_BauherrenHaftpflicht</testCaseName>
<testStepName>SOAP Request getQuote</testStepName>
</error>
<error>
<fileName>/opt/webapp.dist.lin/base/jenkins/workspace/workspace/TA/Linie/RA/SOAP_UI_Vertrieb/00_Themenbereich_Checker_Ebenenstabilität/Check_HVQ_Instanzen_PHV_Testebenen/reports/getQuote_Check_HVQ_Instanzen_PHV-getQuote_BauherrenHaftpflicht-SOAP_Request_getQuote-3-FAIL.txt</fileName>
<testSuiteName>getQuote_Check_HVQ_Instanzen_PHV</testSuiteName>
<icon>soap_request_step.svg</icon>
<detail>
<![CDATA[ Status: FAIL Time Taken: 60093 Size: 0 Timestamp: Wed May 28 04:39:41 CEST 2025 TestStep: SOAP Request getQuote ----------------- Messages ------------------------------ java.net.SocketTimeoutException: Read timed out ----------------- Properties ------------------------------ Endpoint: https://guwpcq-j.dmz.vhv.de/pc/ws/de/vhv/pc/integration/bipro/shu/external/v2_9_0/v1_0/soa/VHVPHVTAAService_2.9.0.1.0 Username: vhv_bipro Encoding: UTF-8 Password: ************** ---------------- Request --------------------------- <soapenv:Envelope xmlns:soapenv="http://schemas.xmlsoap.org/soap/envelope/"> <soapenv:Header> <wsse:Security xmlns:wsse="http://docs.oasis-open.org/wss/2004/01/oasis-200401-wss-wssecurity-secext-1.0.xsd"> <sc:SecurityContextToken xmlns:sc="http://schemas.xmlsoap.org/ws/2005/02/sc"> <sc:Identifier>eyJhbGciOiJSUzI1NiIsInR5cCIgOiAiSldUIiwia2lkIiA6ICJQenRZZE1OQ3B3YklUV21nV0thMnBmQ2xoT1I2MHh6R2J2OU1IR01LcVRnIn0.eyJleHAiOjE3NDg0MDY4OTEsImlhdCI6MTc0ODM5OTY5MSwianRpIjoiNmI3YWE4NGEtYTJiNi00MzRlLThhZDQtMjBlY2UxMDczOWRmIiwiaXNzIjoiaHR0cHM6Ly92ZXJtaXR0bGVyLnNzby1qLnZodi5kZS9yZWFsbXMvYmlwcm8tc3RzIiwiYXVkIjpbInRhYSIsImV2YiIsInJhYmF0dCIsInRlbGVtYXRpa2luZm8iLCJhY2NvdW50Il0sInN1YiI6ImY6NTVhNGRiYjItYzgxYi00YjY0LWJiMWYtMGI4MThjYmM0YWJjOjEwMDAwMDA3NTQiLCJ0eXAiOiJCZWFyZXIiLCJhenAiOiJiaXByby1zdHMtd3MiLCJzaWQiOiI5YTU1NWY0NS0zMDVhLTRiNjMtYWE5NS01N2M5NjFhYzJkZWYiLCJyZWFsbV9hY2Nlc3MiOnsicm9sZXMiOlsib2ZmbGluZV9hY2Nlc3MiLCJ1bWFfYXV0aG9yaXphdGlvbiIsImRlZmF1bHQtcm9sZXMtYmlwcm8tc3RzIl19LCJyZXNvdXJjZV9hY2Nlc3MiOnsiYWNjb3VudCI6eyJyb2xlcyI6WyJtYW5hZ2UtYWNjb3VudCIsIm1hbmFnZS1hY2NvdW50LWxpbmtzIiwidmlldy1wcm9maWxlIl19fSwic2NvcGUiOiJiaXByby13ZWJzZXJ2aWNlIHByb2ZpbGUiLCJuYW1lIjoiRnJhbmtlJkJvcm5iZXJnIFdTIEZyYW5rZSZCb3JuYmVyZyBXUyIsInByZWZlcnJlZF91c2VybmFtZSI6IjEwMDAwMDA3NTQiLCJnaXZlbl9uYW1lIjoiRnJhbmtlJkJvcm5iZXJnIFdTIiwiZmFtaWx5X25hbWUiOiJGcmFua2UmQm9ybmJlcmcgV1MifQ.EvaYaZ7OuASzIh7tCK0dt9UuX6gZ5f42gBlxYwmyVH-xrn83P4wTBa-npruSVRLzggQCo1DBMQCu4QP8_ItC03ivsU0zaGvgPJ23luijuxs794u-I_jiwY6h0RgiOS3PS9dCMedpBpWl8P3UGbm1Yo-QTXRAPWIp9Jo8kcuFbTU7uVIZN5CQpvILI-_px0TZESp0IChGfbfl2YjaNy8dDfCVazt9MJKiRHFajzp0s2qdB_9O2TCqU2ecBJ-4Ld0TQmATbk2cTVBJLhiXp7gd6uaqFLMPSY1Avkt8SWbANkcZ2EUFGl8V61_SEAHSKGD_BDsBO1Ql4SHcQgHPa-t-qA</sc:Identifier> </sc:SecurityContextToken> </wsse:Security> </soapenv:Header> <soapenv:Body xmlns:tar="http://www.bipro.net/namespace/versicherung/tarifierung" xmlns:vhvphv="http://www.vhv.de/namespace/phv" xmlns:bas="http://www.bipro.net/namespace/basis" xmlns:all="http://www.bipro.net/namespace/allgemein" xmlns:xe="http://www.w3.org/2001/04/xmlenc#" xmlns:xd="http://www.w3.org/2000/09/xmldsig#" xmlns:nac="http://www.bipro.net/namespace/nachrichten" xmlns:gevo="http://www.bipro.net/namespace/gevo" xmlns:xmime="http://www.w3.org/2005/05/xmlmime" xmlns:par="http://www.bipro.net/namespace/partner" xmlns:prod="http://www.bipro.net/namespace/produktmodell" xmlns:ver="http://www.bipro.net/namespace/vertrag" xmlns:xsi="http://www.w3.org/2001/XMLSchema-instance" xmlns:sepa="http://www.bipro.net/namespace/sepa" xmlns:komposit="http://www.bipro.net/namespace/versicherung/produktmodell/komposit" xmlns:haftpflicht="http://www.bipro.net/namespace/versicherung/haftpflicht" xmlns:dt="http://www.bipro.net/namespace/datentypen" xmlns:vs-prod="http://www.bipro.net/namespace/versicherung/produktmodell" xmlns:sach="http://www.bipro.net/namespace/versicherung/sach" xmlns:sachen="http://www.bipro.net/namespace/sachen"> <tar:getQuote> <tar:Request> <nac:BiPROVersion>2.9.0.1.0</nac:BiPROVersion> <nac:ConsumerID>999</nac:ConsumerID> <tar:Tarifierung> <gevo:ArtID>100001010</gevo:ArtID> <gevo:Vermittler> <all:Vermittlernummer>000000-000</all:Vermittlernummer> <all:PartnerID>vermittler</all:PartnerID> </gevo:Vermittler> <tar:Zahlungsart>1</tar:Zahlungsart> <!--Angebots/Antragsteller--> <tar:Partner xsi:type="par:CT_Person"> <par:PartnerID>vn</par:PartnerID> <par:Anschrift> <all:Strasse>Drostestr.</all:Strasse> <all:Hausnummer>25</all:Hausnummer> <all:Postleitzahl>30161</all:Postleitzahl> <all:Ort>Hannover</all:Ort> <all:Land>D</all:Land> </par:Anschrift> </tar:Partner> <tar:Versicherungsnehmer> <par:PartnerID>vn</par:PartnerID> </tar:Versicherungsnehmer> <tar:Verkaufsprodukt> <!--EINMALZAHLUNG FOR BAUHERREN--> <prod:GewuenschteZahlungsweise>6</prod:GewuenschteZahlungsweise> <prod:Versicherungsdauer> <all:Beginn>2025-05-29T00:00</all:Beginn> <!--<all:Ende>2026-05-29T00:00</all:Ende>--> </prod:Versicherungsdauer> <prod:Produkt xsi:type="komposit:CT_SUHVersicherung"> <prod:Sparte>040</prod:Sparte> <prod:Kennung>BHV</prod:Kennung> <prod:Elementarprodukt xsi:type="komposit:CT_Deckung"> <!--Haftpflicht--> <komposit:ArtID xsi:type="dt:STE_DeckungBasis">0401</komposit:ArtID> <!--GEGENSTAND--> <komposit:VersichertesObjekt> <all:GegenstandID>bau</all:GegenstandID> </komposit:VersichertesObjekt> <!--WAGNIS--> <komposit:VersichertesWagnis> <all:AktivitaetID>aktivitaet_bauherrenhaftpflicht</all:AktivitaetID> </komposit:VersichertesWagnis> <komposit:VersichertesWagnis> <all:AktivitaetID>aktivitaet_bauleitung</all:AktivitaetID> </komposit:VersichertesWagnis> <!--Versicherungssumme--> <komposit:SummeLeistungWert> <vs-prod:Wert>50000000</vs-prod:Wert> <vs-prod:Werteinheit>20</vs-prod:Werteinheit> <komposit:ArtID xsi:type="dt:STE_SummeLeistungWertKompositBasis">004</komposit:ArtID> </komposit:SummeLeistungWert> <!--Vertragliche Bausumme--> <komposit:SummeLeistungWert> <vs-prod:Wert>500000</vs-prod:Wert> <vs-prod:Werteinheit>20</vs-prod:Werteinheit> <komposit:ArtID xsi:type="dt:STE_SummeLeistungWertKompositBasis">006</komposit:ArtID> </komposit:SummeLeistungWert> <!--Baueigenleistungen--> <komposit:SummeLeistungWert> <vs-prod:Wert>50000</vs-prod:Wert> <vs-prod:Werteinheit>20</vs-prod:Werteinheit> <komposit:ArtID xsi:type="vhvphv:STE_SummeLeistungWertKompositErweitert">100</komposit:ArtID> </komposit:SummeLeistungWert> </prod:Elementarprodukt> </prod:Produkt> </tar:Verkaufsprodukt> <!--BAUHERREN HAFTPFLICHT--> <tar:Aktivitaet xsi:type="haftpflicht:CT_Haftpflichtwagnis"> <all:AktivitaetID>aktivitaet_bauleitung</all:AktivitaetID> <haftpflicht:Wagnisart xsi:type="dt:STE_WagnisartBasis">1591</haftpflicht:Wagnisart> <haftpflicht:Bauherren> <!--ArtBauvorhaben = ST_ArtDesVorhabens--> <!--01 = Neubau--> <!--02,03,04 = An-/Umbau--> <haftpflicht:ArtBauvorhaben>03</haftpflicht:ArtBauvorhaben> </haftpflicht:Bauherren> </tar:Aktivitaet> <!--Bauleitung durch den VN--> <tar:Aktivitaet xsi:type="haftpflicht:CT_Haftpflichtwagnis"> <all:AktivitaetID>aktivitaet_bauherrenhaftpflicht</all:AktivitaetID> <haftpflicht:Wagnisart xsi:type="dt:STE_WagnisartBasis">8010</haftpflicht:Wagnisart> <haftpflicht:Bauherren> <!--ArtBauvorhaben = ST_ArtDesVorhabens--> <!--01 = Neubau--> <!--02,03,04 = An-/Umbau--> <haftpflicht:ArtBauvorhaben>03</haftpflicht:ArtBauvorhaben> </haftpflicht:Bauherren> </tar:Aktivitaet> <tar:Gegenstand xsi:type="sachen:CT_Gebaeude"> <all:GegenstandID>bau</all:GegenstandID> <all:ZusaetzlicheGegenstandsdaten xsi:type="sach:CT_GebaeudeEinflussfaktoren"> <sach:AnteilGewerblicheNutzung>25</sach:AnteilGewerblicheNutzung> </all:ZusaetzlicheGegenstandsdaten> </tar:Gegenstand> </tar:Tarifierung> </tar:Request> </tar:getQuote> </soapenv:Body> </soapenv:Envelope> ---------------- Response -------------------------- - missing response / garbage collected - ]]>
</detail>
<testCaseName>getQuote_BauherrenHaftpflicht</testCaseName>
<testStepName>SOAP Request getQuote</testStepName>
</error>
<error>
<fileName>/opt/webapp.dist.lin/base/jenkins/workspace/workspace/TA/Linie/RA/SOAP_UI_Vertrieb/00_Themenbereich_Checker_Ebenenstabilität/Check_HVQ_Instanzen_PHV_Testebenen/reports/getQuote_Check_HVQ_Instanzen_PHV-getQuote_BauherrenHaftpflicht-SOAP_Request_getQuote-4-FAIL.txt</fileName>
<testSuiteName>getQuote_Check_HVQ_Instanzen_PHV</testSuiteName>
<icon>soap_request_step.svg</icon>
<detail>
<![CDATA[ Status: FAIL Time Taken: 60093 Size: 1056 Timestamp: Wed May 28 04:40:41 CEST 2025 TestStep: SOAP Request getQuote ----------------- Messages ------------------------------ [Valid HTTP Status Codes] Response status code: 502 is not in acceptable list of status codes [Status OK] The XPath Match assertion failed for the following path: [//*:StatusID]. Class name: AssertionFailedError; Error Message: Expecting: <"OK"> to be equal to: <""> but was not.. ----------------- Properties ------------------------------ Endpoint: https://pcqrev-j.dmz.vhv.de/pc/ws/de/vhv/pc/integration/bipro/shu/external/v2_9_0/v1_0/soa/VHVPHVTAAService_2.9.0.1.0 Username: vhv_bipro Encoding: UTF-8 Password: ************** ---------------- Request --------------------------- Request Headers: SOAPAction : "urn:getQuote" Authorization : Basic dmh2X2JpcHJvOjQyMw== Connection : Keep-Alive User-Agent : Apache-HttpClient/4.5.14 (Java/17.0.12) Host : pcqrev-j.dmz.vhv.de Accept-Encoding : gzip,deflate,br Content-Length : 8738 Content-Type : text/xml;charset=UTF-8 <soapenv:Envelope xmlns:soapenv="http://schemas.xmlsoap.org/soap/envelope/"> <soapenv:Header> <wsse:Security xmlns:wsse="http://docs.oasis-open.org/wss/2004/01/oasis-200401-wss-wssecurity-secext-1.0.xsd"> <sc:SecurityContextToken xmlns:sc="http://schemas.xmlsoap.org/ws/2005/02/sc"> <sc:Identifier>eyJhbGciOiJSUzI1NiIsInR5cCIgOiAiSldUIiwia2lkIiA6ICJQenRZZE1OQ3B3YklUV21nV0thMnBmQ2xoT1I2MHh6R2J2OU1IR01LcVRnIn0.eyJleHAiOjE3NDg0MDY4OTEsImlhdCI6MTc0ODM5OTY5MSwianRpIjoiNmI3YWE4NGEtYTJiNi00MzRlLThhZDQtMjBlY2UxMDczOWRmIiwiaXNzIjoiaHR0cHM6Ly92ZXJtaXR0bGVyLnNzby1qLnZodi5kZS9yZWFsbXMvYmlwcm8tc3RzIiwiYXVkIjpbInRhYSIsImV2YiIsInJhYmF0dCIsInRlbGVtYXRpa2luZm8iLCJhY2NvdW50Il0sInN1YiI6ImY6NTVhNGRiYjItYzgxYi00YjY0LWJiMWYtMGI4MThjYmM0YWJjOjEwMDAwMDA3NTQiLCJ0eXAiOiJCZWFyZXIiLCJhenAiOiJiaXByby1zdHMtd3MiLCJzaWQiOiI5YTU1NWY0NS0zMDVhLTRiNjMtYWE5NS01N2M5NjFhYzJkZWYiLCJyZWFsbV9hY2Nlc3MiOnsicm9sZXMiOlsib2ZmbGluZV9hY2Nlc3MiLCJ1bWFfYXV0aG9yaXphdGlvbiIsImRlZmF1bHQtcm9sZXMtYmlwcm8tc3RzIl19LCJyZXNvdXJjZV9hY2Nlc3MiOnsiYWNjb3VudCI6eyJyb2xlcyI6WyJtYW5hZ2UtYWNjb3VudCIsIm1hbmFnZS1hY2NvdW50LWxpbmtzIiwidmlldy1wcm9maWxlIl19fSwic2NvcGUiOiJiaXByby13ZWJzZXJ2aWNlIHByb2ZpbGUiLCJuYW1lIjoiRnJhbmtlJkJvcm5iZXJnIFdTIEZyYW5rZSZCb3JuYmVyZyBXUyIsInByZWZlcnJlZF91c2VybmFtZSI6IjEwMDAwMDA3NTQiLCJnaXZlbl9uYW1lIjoiRnJhbmtlJkJvcm5iZXJnIFdTIiwiZmFtaWx5X25hbWUiOiJGcmFua2UmQm9ybmJlcmcgV1MifQ.EvaYaZ7OuASzIh7tCK0dt9UuX6gZ5f42gBlxYwmyVH-xrn83P4wTBa-npruSVRLzggQCo1DBMQCu4QP8_ItC03ivsU0zaGvgPJ23luijuxs794u-I_jiwY6h0RgiOS3PS9dCMedpBpWl8P3UGbm1Yo-QTXRAPWIp9Jo8kcuFbTU7uVIZN5CQpvILI-_px0TZESp0IChGfbfl2YjaNy8dDfCVazt9MJKiRHFajzp0s2qdB_9O2TCqU2ecBJ-4Ld0TQmATbk2cTVBJLhiXp7gd6uaqFLMPSY1Avkt8SWbANkcZ2EUFGl8V61_SEAHSKGD_BDsBO1Ql4SHcQgHPa-t-qA</sc:Identifier> </sc:SecurityContextToken> </wsse:Security> </soapenv:Header> <soapenv:Body xmlns:tar="http://www.bipro.net/namespace/versicherung/tarifierung" xmlns:vhvphv="http://www.vhv.de/namespace/phv" xmlns:bas="http://www.bipro.net/namespace/basis" xmlns:all="http://www.bipro.net/namespace/allgemein" xmlns:xe="http://www.w3.org/2001/04/xmlenc#" xmlns:xd="http://www.w3.org/2000/09/xmldsig#" xmlns:nac="http://www.bipro.net/namespace/nachrichten" xmlns:gevo="http://www.bipro.net/namespace/gevo" xmlns:xmime="http://www.w3.org/2005/05/xmlmime" xmlns:par="http://www.bipro.net/namespace/partner" xmlns:prod="http://www.bipro.net/namespace/produktmodell" xmlns:ver="http://www.bipro.net/namespace/vertrag" xmlns:xsi="http://www.w3.org/2001/XMLSchema-instance" xmlns:sepa="http://www.bipro.net/namespace/sepa" xmlns:komposit="http://www.bipro.net/namespace/versicherung/produktmodell/komposit" xmlns:haftpflicht="http://www.bipro.net/namespace/versicherung/haftpflicht" xmlns:dt="http://www.bipro.net/namespace/datentypen" xmlns:vs-prod="http://www.bipro.net/namespace/versicherung/produktmodell" xmlns:sach="http://www.bipro.net/namespace/versicherung/sach" xmlns:sachen="http://www.bipro.net/namespace/sachen"> <tar:getQuote> <tar:Request> <nac:BiPROVersion>2.9.0.1.0</nac:BiPROVersion> <nac:ConsumerID>999</nac:ConsumerID> <tar:Tarifierung> <gevo:ArtID>100001010</gevo:ArtID> <gevo:Vermittler> <all:Vermittlernummer>000000-000</all:Vermittlernummer> <all:PartnerID>vermittler</all:PartnerID> </gevo:Vermittler> <tar:Zahlungsart>1</tar:Zahlungsart> <!--Angebots/Antragsteller--> <tar:Partner xsi:type="par:CT_Person"> <par:PartnerID>vn</par:PartnerID> <par:Anschrift> <all:Strasse>Drostestr.</all:Strasse> <all:Hausnummer>25</all:Hausnummer> <all:Postleitzahl>30161</all:Postleitzahl> <all:Ort>Hannover</all:Ort> <all:Land>D</all:Land> </par:Anschrift> </tar:Partner> <tar:Versicherungsnehmer> <par:PartnerID>vn</par:PartnerID> </tar:Versicherungsnehmer> <tar:Verkaufsprodukt> <!--EINMALZAHLUNG FOR BAUHERREN--> <prod:GewuenschteZahlungsweise>6</prod:GewuenschteZahlungsweise> <prod:Versicherungsdauer> <all:Beginn>2025-05-29T00:00</all:Beginn> <!--<all:Ende>2026-05-29T00:00</all:Ende>--> </prod:Versicherungsdauer> <prod:Produkt xsi:type="komposit:CT_SUHVersicherung"> <prod:Sparte>040</prod:Sparte> <prod:Kennung>BHV</prod:Kennung> <prod:Elementarprodukt xsi:type="komposit:CT_Deckung"> <!--Haftpflicht--> <komposit:ArtID xsi:type="dt:STE_DeckungBasis">0401</komposit:ArtID> <!--GEGENSTAND--> <komposit:VersichertesObjekt> <all:GegenstandID>bau</all:GegenstandID> </komposit:VersichertesObjekt> <!--WAGNIS--> <komposit:VersichertesWagnis> <all:AktivitaetID>aktivitaet_bauherrenhaftpflicht</all:AktivitaetID> </komposit:VersichertesWagnis> <komposit:VersichertesWagnis> <all:AktivitaetID>aktivitaet_bauleitung</all:AktivitaetID> </komposit:VersichertesWagnis> <!--Versicherungssumme--> <komposit:SummeLeistungWert> <vs-prod:Wert>50000000</vs-prod:Wert> <vs-prod:Werteinheit>20</vs-prod:Werteinheit> <komposit:ArtID xsi:type="dt:STE_SummeLeistungWertKompositBasis">004</komposit:ArtID> </komposit:SummeLeistungWert> <!--Vertragliche Bausumme--> <komposit:SummeLeistungWert> <vs-prod:Wert>500000</vs-prod:Wert> <vs-prod:Werteinheit>20</vs-prod:Werteinheit> <komposit:ArtID xsi:type="dt:STE_SummeLeistungWertKompositBasis">006</komposit:ArtID> </komposit:SummeLeistungWert> <!--Baueigenleistungen--> <komposit:SummeLeistungWert> <vs-prod:Wert>50000</vs-prod:Wert> <vs-prod:Werteinheit>20</vs-prod:Werteinheit> <komposit:ArtID xsi:type="vhvphv:STE_SummeLeistungWertKompositErweitert">100</komposit:ArtID> </komposit:SummeLeistungWert> </prod:Elementarprodukt> </prod:Produkt> </tar:Verkaufsprodukt> <!--BAUHERREN HAFTPFLICHT--> <tar:Aktivitaet xsi:type="haftpflicht:CT_Haftpflichtwagnis"> <all:AktivitaetID>aktivitaet_bauleitung</all:AktivitaetID> <haftpflicht:Wagnisart xsi:type="dt:STE_WagnisartBasis">1591</haftpflicht:Wagnisart> <haftpflicht:Bauherren> <!--ArtBauvorhaben = ST_ArtDesVorhabens--> <!--01 = Neubau--> <!--02,03,04 = An-/Umbau--> <haftpflicht:ArtBauvorhaben>03</haftpflicht:ArtBauvorhaben> </haftpflicht:Bauherren> </tar:Aktivitaet> <!--Bauleitung durch den VN--> <tar:Aktivitaet xsi:type="haftpflicht:CT_Haftpflichtwagnis"> <all:AktivitaetID>aktivitaet_bauherrenhaftpflicht</all:AktivitaetID> <haftpflicht:Wagnisart xsi:type="dt:STE_WagnisartBasis">8010</haftpflicht:Wagnisart> <haftpflicht:Bauherren> <!--ArtBauvorhaben = ST_ArtDesVorhabens--> <!--01 = Neubau--> <!--02,03,04 = An-/Umbau--> <haftpflicht:ArtBauvorhaben>03</haftpflicht:ArtBauvorhaben> </haftpflicht:Bauherren> </tar:Aktivitaet> <tar:Gegenstand xsi:type="sachen:CT_Gebaeude"> <all:GegenstandID>bau</all:GegenstandID> <all:ZusaetzlicheGegenstandsdaten xsi:type="sach:CT_GebaeudeEinflussfaktoren"> <sach:AnteilGewerblicheNutzung>25</sach:AnteilGewerblicheNutzung> </all:ZusaetzlicheGegenstandsdaten> </tar:Gegenstand> </tar:Tarifierung> </tar:Request> </tar:getQuote> </soapenv:Body> </soapenv:Envelope> ---------------- Response -------------------------- Response Headers: Accept-Ranges : bytes Strict-Transport-Security : max-age=31536000; includeSubDomains Server : Apache Connection : close Vary : accept-language,accept-charset,Accept-Encoding #status# : HTTP/1.1 502 Bad Gateway Date : Wed, 28 May 2025 02:40:41 GMT Content-Language : en Content-Type : text/html; charset=utf-8 <!DOCTYPE html PUBLIC "-//W3C//DTD XHTML 1.0 Strict//EN" "http://www.w3.org/TR/xhtml1/DTD/xhtml1-strict.dtd"> <html lang="en" xml:lang="en" xmlns="http://www.w3.org/1999/xhtml"> <head> <title>Bad Gateway!</title> <link rev="made" href="mailto:%5bno%20address%20given%5d"/> <style type="text/css"> <!--/*--> /*>&lt;!--*/ body { color: #000000; background-color: #FFFFFF; } a:link { color: #0000CC; } p, address {margin-left: 3em;} span {font-size: smaller;} /**/--> </style> </head> <body> <h1>Bad Gateway!</h1> <p> The proxy server received an invalid response from an upstream server. </p> <p> The proxy server could not handle the request <p> Reason: <strong>Error reading from remote server</strong> </p> </p> <p> If you think this is a server error, please contact the <a href="mailto:%5bno%20address%20given%5d">webmaster</a> . </p> <h2>Error 502</h2> <address> <a href="/">pcqrev-j.dmz.vhv.de</a> <br/> <span>Apache</span> </address> </body> </html> ]]>
</detail>
<testCaseName>getQuote_BauherrenHaftpflicht</testCaseName>
<testStepName>SOAP Request getQuote</testStepName>
</error>
<error>
<fileName>/opt/webapp.dist.lin/base/jenkins/workspace/workspace/TA/Linie/RA/SOAP_UI_Vertrieb/00_Themenbereich_Checker_Ebenenstabilität/Check_HVQ_Instanzen_PHV_Testebenen/reports/getQuote_Check_HVQ_Instanzen_PHV-getQuote_BauherrenHaftpflicht-SOAP_Request_getQuote-5-FAIL.txt</fileName>
<testSuiteName>getQuote_Check_HVQ_Instanzen_PHV</testSuiteName>
<icon>soap_request_step.svg</icon>
<detail>
<![CDATA[ Status: FAIL Time Taken: 60074 Size: 0 Timestamp: Wed May 28 04:41:41 CEST 2025 TestStep: SOAP Request getQuote ----------------- Messages ------------------------------ java.net.SocketTimeoutException: Read timed out ----------------- Properties ------------------------------ Endpoint: https://guwpcq-j01.ads.vhv.de/pc/ws/de/vhv/pc/integration/bipro/shu/external/v2_9_0/v1_0/soa/VHVPHVTAAService_2.9.0.1.0 Username: vhv_bipro Encoding: UTF-8 Password: ************** ---------------- Request --------------------------- <soapenv:Envelope xmlns:soapenv="http://schemas.xmlsoap.org/soap/envelope/"> <soapenv:Header> <wsse:Security xmlns:wsse="http://docs.oasis-open.org/wss/2004/01/oasis-200401-wss-wssecurity-secext-1.0.xsd"> <sc:SecurityContextToken xmlns:sc="http://schemas.xmlsoap.org/ws/2005/02/sc"> <sc:Identifier>eyJhbGciOiJSUzI1NiIsInR5cCIgOiAiSldUIiwia2lkIiA6ICJQenRZZE1OQ3B3YklUV21nV0thMnBmQ2xoT1I2MHh6R2J2OU1IR01LcVRnIn0.eyJleHAiOjE3NDg0MDY4OTEsImlhdCI6MTc0ODM5OTY5MSwianRpIjoiNmI3YWE4NGEtYTJiNi00MzRlLThhZDQtMjBlY2UxMDczOWRmIiwiaXNzIjoiaHR0cHM6Ly92ZXJtaXR0bGVyLnNzby1qLnZodi5kZS9yZWFsbXMvYmlwcm8tc3RzIiwiYXVkIjpbInRhYSIsImV2YiIsInJhYmF0dCIsInRlbGVtYXRpa2luZm8iLCJhY2NvdW50Il0sInN1YiI6ImY6NTVhNGRiYjItYzgxYi00YjY0LWJiMWYtMGI4MThjYmM0YWJjOjEwMDAwMDA3NTQiLCJ0eXAiOiJCZWFyZXIiLCJhenAiOiJiaXByby1zdHMtd3MiLCJzaWQiOiI5YTU1NWY0NS0zMDVhLTRiNjMtYWE5NS01N2M5NjFhYzJkZWYiLCJyZWFsbV9hY2Nlc3MiOnsicm9sZXMiOlsib2ZmbGluZV9hY2Nlc3MiLCJ1bWFfYXV0aG9yaXphdGlvbiIsImRlZmF1bHQtcm9sZXMtYmlwcm8tc3RzIl19LCJyZXNvdXJjZV9hY2Nlc3MiOnsiYWNjb3VudCI6eyJyb2xlcyI6WyJtYW5hZ2UtYWNjb3VudCIsIm1hbmFnZS1hY2NvdW50LWxpbmtzIiwidmlldy1wcm9maWxlIl19fSwic2NvcGUiOiJiaXByby13ZWJzZXJ2aWNlIHByb2ZpbGUiLCJuYW1lIjoiRnJhbmtlJkJvcm5iZXJnIFdTIEZyYW5rZSZCb3JuYmVyZyBXUyIsInByZWZlcnJlZF91c2VybmFtZSI6IjEwMDAwMDA3NTQiLCJnaXZlbl9uYW1lIjoiRnJhbmtlJkJvcm5iZXJnIFdTIiwiZmFtaWx5X25hbWUiOiJGcmFua2UmQm9ybmJlcmcgV1MifQ.EvaYaZ7OuASzIh7tCK0dt9UuX6gZ5f42gBlxYwmyVH-xrn83P4wTBa-npruSVRLzggQCo1DBMQCu4QP8_ItC03ivsU0zaGvgPJ23luijuxs794u-I_jiwY6h0RgiOS3PS9dCMedpBpWl8P3UGbm1Yo-QTXRAPWIp9Jo8kcuFbTU7uVIZN5CQpvILI-_px0TZESp0IChGfbfl2YjaNy8dDfCVazt9MJKiRHFajzp0s2qdB_9O2TCqU2ecBJ-4Ld0TQmATbk2cTVBJLhiXp7gd6uaqFLMPSY1Avkt8SWbANkcZ2EUFGl8V61_SEAHSKGD_BDsBO1Ql4SHcQgHPa-t-qA</sc:Identifier> </sc:SecurityContextToken> </wsse:Security> </soapenv:Header> <soapenv:Body xmlns:tar="http://www.bipro.net/namespace/versicherung/tarifierung" xmlns:vhvphv="http://www.vhv.de/namespace/phv" xmlns:bas="http://www.bipro.net/namespace/basis" xmlns:all="http://www.bipro.net/namespace/allgemein" xmlns:xe="http://www.w3.org/2001/04/xmlenc#" xmlns:xd="http://www.w3.org/2000/09/xmldsig#" xmlns:nac="http://www.bipro.net/namespace/nachrichten" xmlns:gevo="http://www.bipro.net/namespace/gevo" xmlns:xmime="http://www.w3.org/2005/05/xmlmime" xmlns:par="http://www.bipro.net/namespace/partner" xmlns:prod="http://www.bipro.net/namespace/produktmodell" xmlns:ver="http://www.bipro.net/namespace/vertrag" xmlns:xsi="http://www.w3.org/2001/XMLSchema-instance" xmlns:sepa="http://www.bipro.net/namespace/sepa" xmlns:komposit="http://www.bipro.net/namespace/versicherung/produktmodell/komposit" xmlns:haftpflicht="http://www.bipro.net/namespace/versicherung/haftpflicht" xmlns:dt="http://www.bipro.net/namespace/datentypen" xmlns:vs-prod="http://www.bipro.net/namespace/versicherung/produktmodell" xmlns:sach="http://www.bipro.net/namespace/versicherung/sach" xmlns:sachen="http://www.bipro.net/namespace/sachen"> <tar:getQuote> <tar:Request> <nac:BiPROVersion>2.9.0.1.0</nac:BiPROVersion> <nac:ConsumerID>999</nac:ConsumerID> <tar:Tarifierung> <gevo:ArtID>100001010</gevo:ArtID> <gevo:Vermittler> <all:Vermittlernummer>000000-000</all:Vermittlernummer> <all:PartnerID>vermittler</all:PartnerID> </gevo:Vermittler> <tar:Zahlungsart>1</tar:Zahlungsart> <!--Angebots/Antragsteller--> <tar:Partner xsi:type="par:CT_Person"> <par:PartnerID>vn</par:PartnerID> <par:Anschrift> <all:Strasse>Drostestr.</all:Strasse> <all:Hausnummer>25</all:Hausnummer> <all:Postleitzahl>30161</all:Postleitzahl> <all:Ort>Hannover</all:Ort> <all:Land>D</all:Land> </par:Anschrift> </tar:Partner> <tar:Versicherungsnehmer> <par:PartnerID>vn</par:PartnerID> </tar:Versicherungsnehmer> <tar:Verkaufsprodukt> <!--EINMALZAHLUNG FOR BAUHERREN--> <prod:GewuenschteZahlungsweise>6</prod:GewuenschteZahlungsweise> <prod:Versicherungsdauer> <all:Beginn>2025-05-29T00:00</all:Beginn> <!--<all:Ende>2026-05-29T00:00</all:Ende>--> </prod:Versicherungsdauer> <prod:Produkt xsi:type="komposit:CT_SUHVersicherung"> <prod:Sparte>040</prod:Sparte> <prod:Kennung>BHV</prod:Kennung> <prod:Elementarprodukt xsi:type="komposit:CT_Deckung"> <!--Haftpflicht--> <komposit:ArtID xsi:type="dt:STE_DeckungBasis">0401</komposit:ArtID> <!--GEGENSTAND--> <komposit:VersichertesObjekt> <all:GegenstandID>bau</all:GegenstandID> </komposit:VersichertesObjekt> <!--WAGNIS--> <komposit:VersichertesWagnis> <all:AktivitaetID>aktivitaet_bauherrenhaftpflicht</all:AktivitaetID> </komposit:VersichertesWagnis> <komposit:VersichertesWagnis> <all:AktivitaetID>aktivitaet_bauleitung</all:AktivitaetID> </komposit:VersichertesWagnis> <!--Versicherungssumme--> <komposit:SummeLeistungWert> <vs-prod:Wert>50000000</vs-prod:Wert> <vs-prod:Werteinheit>20</vs-prod:Werteinheit> <komposit:ArtID xsi:type="dt:STE_SummeLeistungWertKompositBasis">004</komposit:ArtID> </komposit:SummeLeistungWert> <!--Vertragliche Bausumme--> <komposit:SummeLeistungWert> <vs-prod:Wert>500000</vs-prod:Wert> <vs-prod:Werteinheit>20</vs-prod:Werteinheit> <komposit:ArtID xsi:type="dt:STE_SummeLeistungWertKompositBasis">006</komposit:ArtID> </komposit:SummeLeistungWert> <!--Baueigenleistungen--> <komposit:SummeLeistungWert> <vs-prod:Wert>50000</vs-prod:Wert> <vs-prod:Werteinheit>20</vs-prod:Werteinheit> <komposit:ArtID xsi:type="vhvphv:STE_SummeLeistungWertKompositErweitert">100</komposit:ArtID> </komposit:SummeLeistungWert> </prod:Elementarprodukt> </prod:Produkt> </tar:Verkaufsprodukt> <!--BAUHERREN HAFTPFLICHT--> <tar:Aktivitaet xsi:type="haftpflicht:CT_Haftpflichtwagnis"> <all:AktivitaetID>aktivitaet_bauleitung</all:AktivitaetID> <haftpflicht:Wagnisart xsi:type="dt:STE_WagnisartBasis">1591</haftpflicht:Wagnisart> <haftpflicht:Bauherren> <!--ArtBauvorhaben = ST_ArtDesVorhabens--> <!--01 = Neubau--> <!--02,03,04 = An-/Umbau--> <haftpflicht:ArtBauvorhaben>03</haftpflicht:ArtBauvorhaben> </haftpflicht:Bauherren> </tar:Aktivitaet> <!--Bauleitung durch den VN--> <tar:Aktivitaet xsi:type="haftpflicht:CT_Haftpflichtwagnis"> <all:AktivitaetID>aktivitaet_bauherrenhaftpflicht</all:AktivitaetID> <haftpflicht:Wagnisart xsi:type="dt:STE_WagnisartBasis">8010</haftpflicht:Wagnisart> <haftpflicht:Bauherren> <!--ArtBauvorhaben = ST_ArtDesVorhabens--> <!--01 = Neubau--> <!--02,03,04 = An-/Umbau--> <haftpflicht:ArtBauvorhaben>03</haftpflicht:ArtBauvorhaben> </haftpflicht:Bauherren> </tar:Aktivitaet> <tar:Gegenstand xsi:type="sachen:CT_Gebaeude"> <all:GegenstandID>bau</all:GegenstandID> <all:ZusaetzlicheGegenstandsdaten xsi:type="sach:CT_GebaeudeEinflussfaktoren"> <sach:AnteilGewerblicheNutzung>25</sach:AnteilGewerblicheNutzung> </all:ZusaetzlicheGegenstandsdaten> </tar:Gegenstand> </tar:Tarifierung> </tar:Request> </tar:getQuote> </soapenv:Body> </soapenv:Envelope> ---------------- Response -------------------------- - missing response / garbage collected - ]]>
</detail>
<testCaseName>getQuote_BauherrenHaftpflicht</testCaseName>
<testStepName>SOAP Request getQuote</testStepName>
</error>
<error>
<fileName>/opt/webapp.dist.lin/base/jenkins/workspace/workspace/TA/Linie/RA/SOAP_UI_Vertrieb/00_Themenbereich_Checker_Ebenenstabilität/Check_HVQ_Instanzen_PHV_Testebenen/reports/getQuote_Check_HVQ_Instanzen_PHV-getQuote_BauherrenHaftpflicht-SOAP_Request_getQuote-6-FAIL.txt</fileName>
<testSuiteName>getQuote_Check_HVQ_Instanzen_PHV</testSuiteName>
<icon>soap_request_step.svg</icon>
<detail>
<![CDATA[ Status: FAIL Time Taken: 60076 Size: 0 Timestamp: Wed May 28 04:42:42 CEST 2025 TestStep: SOAP Request getQuote ----------------- Messages ------------------------------ java.net.SocketTimeoutException: Read timed out ----------------- Properties ------------------------------ Endpoint: https://guwpcq-j02.ads.vhv.de/pc/ws/de/vhv/pc/integration/bipro/shu/external/v2_9_0/v1_0/soa/VHVPHVTAAService_2.9.0.1.0 Username: vhv_bipro Encoding: UTF-8 Password: ************** ---------------- Request --------------------------- <soapenv:Envelope xmlns:soapenv="http://schemas.xmlsoap.org/soap/envelope/"> <soapenv:Header> <wsse:Security xmlns:wsse="http://docs.oasis-open.org/wss/2004/01/oasis-200401-wss-wssecurity-secext-1.0.xsd"> <sc:SecurityContextToken xmlns:sc="http://schemas.xmlsoap.org/ws/2005/02/sc"> <sc:Identifier>eyJhbGciOiJSUzI1NiIsInR5cCIgOiAiSldUIiwia2lkIiA6ICJQenRZZE1OQ3B3YklUV21nV0thMnBmQ2xoT1I2MHh6R2J2OU1IR01LcVRnIn0.eyJleHAiOjE3NDg0MDY4OTEsImlhdCI6MTc0ODM5OTY5MSwianRpIjoiNmI3YWE4NGEtYTJiNi00MzRlLThhZDQtMjBlY2UxMDczOWRmIiwiaXNzIjoiaHR0cHM6Ly92ZXJtaXR0bGVyLnNzby1qLnZodi5kZS9yZWFsbXMvYmlwcm8tc3RzIiwiYXVkIjpbInRhYSIsImV2YiIsInJhYmF0dCIsInRlbGVtYXRpa2luZm8iLCJhY2NvdW50Il0sInN1YiI6ImY6NTVhNGRiYjItYzgxYi00YjY0LWJiMWYtMGI4MThjYmM0YWJjOjEwMDAwMDA3NTQiLCJ0eXAiOiJCZWFyZXIiLCJhenAiOiJiaXByby1zdHMtd3MiLCJzaWQiOiI5YTU1NWY0NS0zMDVhLTRiNjMtYWE5NS01N2M5NjFhYzJkZWYiLCJyZWFsbV9hY2Nlc3MiOnsicm9sZXMiOlsib2ZmbGluZV9hY2Nlc3MiLCJ1bWFfYXV0aG9yaXphdGlvbiIsImRlZmF1bHQtcm9sZXMtYmlwcm8tc3RzIl19LCJyZXNvdXJjZV9hY2Nlc3MiOnsiYWNjb3VudCI6eyJyb2xlcyI6WyJtYW5hZ2UtYWNjb3VudCIsIm1hbmFnZS1hY2NvdW50LWxpbmtzIiwidmlldy1wcm9maWxlIl19fSwic2NvcGUiOiJiaXByby13ZWJzZXJ2aWNlIHByb2ZpbGUiLCJuYW1lIjoiRnJhbmtlJkJvcm5iZXJnIFdTIEZyYW5rZSZCb3JuYmVyZyBXUyIsInByZWZlcnJlZF91c2VybmFtZSI6IjEwMDAwMDA3NTQiLCJnaXZlbl9uYW1lIjoiRnJhbmtlJkJvcm5iZXJnIFdTIiwiZmFtaWx5X25hbWUiOiJGcmFua2UmQm9ybmJlcmcgV1MifQ.EvaYaZ7OuASzIh7tCK0dt9UuX6gZ5f42gBlxYwmyVH-xrn83P4wTBa-npruSVRLzggQCo1DBMQCu4QP8_ItC03ivsU0zaGvgPJ23luijuxs794u-I_jiwY6h0RgiOS3PS9dCMedpBpWl8P3UGbm1Yo-QTXRAPWIp9Jo8kcuFbTU7uVIZN5CQpvILI-_px0TZESp0IChGfbfl2YjaNy8dDfCVazt9MJKiRHFajzp0s2qdB_9O2TCqU2ecBJ-4Ld0TQmATbk2cTVBJLhiXp7gd6uaqFLMPSY1Avkt8SWbANkcZ2EUFGl8V61_SEAHSKGD_BDsBO1Ql4SHcQgHPa-t-qA</sc:Identifier> </sc:SecurityContextToken> </wsse:Security> </soapenv:Header> <soapenv:Body xmlns:tar="http://www.bipro.net/namespace/versicherung/tarifierung" xmlns:vhvphv="http://www.vhv.de/namespace/phv" xmlns:bas="http://www.bipro.net/namespace/basis" xmlns:all="http://www.bipro.net/namespace/allgemein" xmlns:xe="http://www.w3.org/2001/04/xmlenc#" xmlns:xd="http://www.w3.org/2000/09/xmldsig#" xmlns:nac="http://www.bipro.net/namespace/nachrichten" xmlns:gevo="http://www.bipro.net/namespace/gevo" xmlns:xmime="http://www.w3.org/2005/05/xmlmime" xmlns:par="http://www.bipro.net/namespace/partner" xmlns:prod="http://www.bipro.net/namespace/produktmodell" xmlns:ver="http://www.bipro.net/namespace/vertrag" xmlns:xsi="http://www.w3.org/2001/XMLSchema-instance" xmlns:sepa="http://www.bipro.net/namespace/sepa" xmlns:komposit="http://www.bipro.net/namespace/versicherung/produktmodell/komposit" xmlns:haftpflicht="http://www.bipro.net/namespace/versicherung/haftpflicht" xmlns:dt="http://www.bipro.net/namespace/datentypen" xmlns:vs-prod="http://www.bipro.net/namespace/versicherung/produktmodell" xmlns:sach="http://www.bipro.net/namespace/versicherung/sach" xmlns:sachen="http://www.bipro.net/namespace/sachen"> <tar:getQuote> <tar:Request> <nac:BiPROVersion>2.9.0.1.0</nac:BiPROVersion> <nac:ConsumerID>999</nac:ConsumerID> <tar:Tarifierung> <gevo:ArtID>100001010</gevo:ArtID> <gevo:Vermittler> <all:Vermittlernummer>000000-000</all:Vermittlernummer> <all:PartnerID>vermittler</all:PartnerID> </gevo:Vermittler> <tar:Zahlungsart>1</tar:Zahlungsart> <!--Angebots/Antragsteller--> <tar:Partner xsi:type="par:CT_Person"> <par:PartnerID>vn</par:PartnerID> <par:Anschrift> <all:Strasse>Drostestr.</all:Strasse> <all:Hausnummer>25</all:Hausnummer> <all:Postleitzahl>30161</all:Postleitzahl> <all:Ort>Hannover</all:Ort> <all:Land>D</all:Land> </par:Anschrift> </tar:Partner> <tar:Versicherungsnehmer> <par:PartnerID>vn</par:PartnerID> </tar:Versicherungsnehmer> <tar:Verkaufsprodukt> <!--EINMALZAHLUNG FOR BAUHERREN--> <prod:GewuenschteZahlungsweise>6</prod:GewuenschteZahlungsweise> <prod:Versicherungsdauer> <all:Beginn>2025-05-29T00:00</all:Beginn> <!--<all:Ende>2026-05-29T00:00</all:Ende>--> </prod:Versicherungsdauer> <prod:Produkt xsi:type="komposit:CT_SUHVersicherung"> <prod:Sparte>040</prod:Sparte> <prod:Kennung>BHV</prod:Kennung> <prod:Elementarprodukt xsi:type="komposit:CT_Deckung"> <!--Haftpflicht--> <komposit:ArtID xsi:type="dt:STE_DeckungBasis">0401</komposit:ArtID> <!--GEGENSTAND--> <komposit:VersichertesObjekt> <all:GegenstandID>bau</all:GegenstandID> </komposit:VersichertesObjekt> <!--WAGNIS--> <komposit:VersichertesWagnis> <all:AktivitaetID>aktivitaet_bauherrenhaftpflicht</all:AktivitaetID> </komposit:VersichertesWagnis> <komposit:VersichertesWagnis> <all:AktivitaetID>aktivitaet_bauleitung</all:AktivitaetID> </komposit:VersichertesWagnis> <!--Versicherungssumme--> <komposit:SummeLeistungWert> <vs-prod:Wert>50000000</vs-prod:Wert> <vs-prod:Werteinheit>20</vs-prod:Werteinheit> <komposit:ArtID xsi:type="dt:STE_SummeLeistungWertKompositBasis">004</komposit:ArtID> </komposit:SummeLeistungWert> <!--Vertragliche Bausumme--> <komposit:SummeLeistungWert> <vs-prod:Wert>500000</vs-prod:Wert> <vs-prod:Werteinheit>20</vs-prod:Werteinheit> <komposit:ArtID xsi:type="dt:STE_SummeLeistungWertKompositBasis">006</komposit:ArtID> </komposit:SummeLeistungWert> <!--Baueigenleistungen--> <komposit:SummeLeistungWert> <vs-prod:Wert>50000</vs-prod:Wert> <vs-prod:Werteinheit>20</vs-prod:Werteinheit> <komposit:ArtID xsi:type="vhvphv:STE_SummeLeistungWertKompositErweitert">100</komposit:ArtID> </komposit:SummeLeistungWert> </prod:Elementarprodukt> </prod:Produkt> </tar:Verkaufsprodukt> <!--BAUHERREN HAFTPFLICHT--> <tar:Aktivitaet xsi:type="haftpflicht:CT_Haftpflichtwagnis"> <all:AktivitaetID>aktivitaet_bauleitung</all:AktivitaetID> <haftpflicht:Wagnisart xsi:type="dt:STE_WagnisartBasis">1591</haftpflicht:Wagnisart> <haftpflicht:Bauherren> <!--ArtBauvorhaben = ST_ArtDesVorhabens--> <!--01 = Neubau--> <!--02,03,04 = An-/Umbau--> <haftpflicht:ArtBauvorhaben>03</haftpflicht:ArtBauvorhaben> </haftpflicht:Bauherren> </tar:Aktivitaet> <!--Bauleitung durch den VN--> <tar:Aktivitaet xsi:type="haftpflicht:CT_Haftpflichtwagnis"> <all:AktivitaetID>aktivitaet_bauherrenhaftpflicht</all:AktivitaetID> <haftpflicht:Wagnisart xsi:type="dt:STE_WagnisartBasis">8010</haftpflicht:Wagnisart> <haftpflicht:Bauherren> <!--ArtBauvorhaben = ST_ArtDesVorhabens--> <!--01 = Neubau--> <!--02,03,04 = An-/Umbau--> <haftpflicht:ArtBauvorhaben>03</haftpflicht:ArtBauvorhaben> </haftpflicht:Bauherren> </tar:Aktivitaet> <tar:Gegenstand xsi:type="sachen:CT_Gebaeude"> <all:GegenstandID>bau</all:GegenstandID> <all:ZusaetzlicheGegenstandsdaten xsi:type="sach:CT_GebaeudeEinflussfaktoren"> <sach:AnteilGewerblicheNutzung>25</sach:AnteilGewerblicheNutzung> </all:ZusaetzlicheGegenstandsdaten> </tar:Gegenstand> </tar:Tarifierung> </tar:Request> </tar:getQuote> </soapenv:Body> </soapenv:Envelope> ---------------- Response -------------------------- - missing response / garbage collected - ]]>
</detail>
<testCaseName>getQuote_BauherrenHaftpflicht</testCaseName>
<testStepName>SOAP Request getQuote</testStepName>
</error>
</failedTestSteps>
<testStepResults>
<result>
<timeTaken>0</timeTaken>
<name>Testdaten</name>
<started>04:36:41.037</started>
<message>Step 1 [Testdaten] PASS: took 0 ms</message>
<order>2</order>
<status>PASS</status>
</result>
<result>
<timeTaken>34</timeTaken>
<name>Script</name>
<started>04:36:41.039</started>
<message>Step 2 [Script] PASS: took 34 ms</message>
<order>3</order>
<status>PASS</status>
</result>
<result>
<timeTaken>15</timeTaken>
<name>clean</name>
<started>04:36:41.074</started>
<message>Step 3 [clean] PASS: took 15 ms</message>
<order>4</order>
<status>PASS</status>
</result>
<result>
<timeTaken>40</timeTaken>
<name>Data Source</name>
<started>04:36:41.089</started>
<message>Step 4 [Data Source] PASS: took 40 ms</message>
<order>5</order>
<status>PASS</status>
</result>
<result>
<timeTaken>0</timeTaken>
<name>jump</name>
<started>04:36:41.132</started>
<message>Step 5 [jump] PASS: took 0 ms</message>
<order>6</order>
<status>PASS</status>
</result>
<result>
<timeTaken>24</timeTaken>
<name>IterationsID= Instanz Consumer</name>
<started>04:36:41.133</started>
<message>Step 6 [IterationsID= Instanz Consumer] PASS: took 24 ms</message>
<order>7</order>
<status>PASS</status>
</result>
<result>
<timeTaken>23</timeTaken>
<name>Reverse-Proxy nicht im Citrix ausführen (Firewall)</name>
<started>04:36:41.157</started>
<message>Step 7 [Reverse-Proxy nicht im Citrix ausführen (Firewall)] PASS: took 23 ms</message>
<order>8</order>
<status>PASS</status>
</result>
<result>
<timeTaken>23</timeTaken>
<name>PC-Adressen nicht in Ebene P oder S ausführen</name>
<started>04:36:41.181</started>
<message>Step 8 [PC-Adressen nicht in Ebene P oder S ausführen] PASS: took 23 ms</message>
<order>9</order>
<status>PASS</status>
</result>
<result>
<timeTaken>60071</timeTaken>
<fileName>/opt/webapp.dist.lin/base/jenkins/workspace/workspace/TA/Linie/RA/SOAP_UI_Vertrieb/00_Themenbereich_Checker_Ebenenstabilität/Check_HVQ_Instanzen_PHV_Testebenen/reports/getQuote_Check_HVQ_Instanzen_PHV-getQuote_BauherrenHaftpflicht-SOAP_Request_getQuote-0-FAIL.txt</fileName>
<name>SOAP Request getQuote</name>
<started>04:36:41.206</started>
<message>Step 9 [SOAP Request getQuote] FAIL: took 60071 ms -> java.net.SocketTimeoutException: Read timed out</message>
<order>10</order>
<status>FAIL</status>
</result>
<result>
<timeTaken>25</timeTaken>
<name>HTTP-Status ermitteln</name>
<started>04:37:41.287</started>
<message>Step 10 [HTTP-Status ermitteln] PASS: took 25 ms -> Script-result: UNKNOWN</message>
<order>11</order>
<status>PASS</status>
</result>
<result>
<timeTaken>25</timeTaken>
<name>Beitrag PRÜFEN</name>
<started>04:37:41.313</started>
<message>Step 11 [Beitrag PRÜFEN] PASS: took 25 ms -> Script-result: kein Response</message>
<order>12</order>
<status>PASS</status>
</result>
<result>
<timeTaken>7</timeTaken>
<name>Data Sink</name>
<started>04:37:41.339</started>
<message>Step 12 [Data Sink] PASS: took 7 ms</message>
<order>13</order>
<status>PASS</status>
</result>
<result>
<timeTaken>28</timeTaken>
<name>Data Sink füllen</name>
<started>04:37:41.347</started>
<message>Step 13 [Data Sink füllen] PASS: took 28 ms</message>
<order>14</order>
<status>PASS</status>
</result>
<result>
<timeTaken>0</timeTaken>
<name>Data Source Loop</name>
<started>04:37:41.376</started>
<message>Step 14 [Data Source Loop] PASS: took 0 ms -> Data Row 1</message>
<order>15</order>
<status>PASS</status>
</result>
<result>
<timeTaken>0</timeTaken>
<name>jump</name>
<started>04:37:41.377</started>
<message>Step 15 [jump] PASS: took 0 ms</message>
<order>16</order>
<status>PASS</status>
</result>
<result>
<timeTaken>0</timeTaken>
<name>IterationsID= Instanz Balancer1</name>
<started>04:37:41.377</started>
<message>Step 16 [IterationsID= Instanz Balancer1] PASS: took 0 ms</message>
<order>17</order>
<status>PASS</status>
</result>
<result>
<timeTaken>0</timeTaken>
<name>Reverse-Proxy nicht im Citrix ausführen (Firewall)</name>
<started>04:37:41.378</started>
<message>Step 17 [Reverse-Proxy nicht im Citrix ausführen (Firewall)] PASS: took 0 ms</message>
<order>18</order>
<status>PASS</status>
</result>
<result>
<timeTaken>0</timeTaken>
<name>PC-Adressen nicht in Ebene P oder S ausführen</name>
<started>04:37:41.378</started>
<message>Step 18 [PC-Adressen nicht in Ebene P oder S ausführen] PASS: took 0 ms</message>
<order>19</order>
<status>PASS</status>
</result>
<result>
<timeTaken>60083</timeTaken>
<fileName>/opt/webapp.dist.lin/base/jenkins/workspace/workspace/TA/Linie/RA/SOAP_UI_Vertrieb/00_Themenbereich_Checker_Ebenenstabilität/Check_HVQ_Instanzen_PHV_Testebenen/reports/getQuote_Check_HVQ_Instanzen_PHV-getQuote_BauherrenHaftpflicht-SOAP_Request_getQuote-1-FAIL.txt</fileName>
<name>SOAP Request getQuote</name>
<started>04:37:41.379</started>
<message>Step 19 [SOAP Request getQuote] FAIL: took 60083 ms -> java.net.SocketTimeoutException: Read timed out</message>
<order>20</order>
<status>FAIL</status>
</result>
<result>
<timeTaken>0</timeTaken>
<name>HTTP-Status ermitteln</name>
<started>04:38:41.471</started>
<message>Step 20 [HTTP-Status ermitteln] PASS: took 0 ms -> Script-result: UNKNOWN</message>
<order>21</order>
<status>PASS</status>
</result>
<result>
<timeTaken>1</timeTaken>
<name>Beitrag PRÜFEN</name>
<started>04:38:41.472</started>
<message>Step 21 [Beitrag PRÜFEN] PASS: took 1 ms -> Script-result: kein Response</message>
<order>22</order>
<status>PASS</status>
</result>
<result>
<timeTaken>15</timeTaken>
<name>Data Sink</name>
<started>04:38:41.474</started>
<message>Step 22 [Data Sink] PASS: took 15 ms</message>
<order>23</order>
<status>PASS</status>
</result>
<result>
<timeTaken>34</timeTaken>
<name>Data Sink füllen</name>
<started>04:38:41.490</started>
<message>Step 23 [Data Sink füllen] PASS: took 34 ms</message>
<order>24</order>
<status>PASS</status>
</result>
<result>
<timeTaken>0</timeTaken>
<name>Data Source Loop</name>
<started>04:38:41.528</started>
<message>Step 24 [Data Source Loop] PASS: took 0 ms -> Data Row 2</message>
<order>25</order>
<status>PASS</status>
</result>
<result>
<timeTaken>0</timeTaken>
<name>jump</name>
<started>04:38:41.529</started>
<message>Step 25 [jump] PASS: took 0 ms</message>
<order>26</order>
<status>PASS</status>
</result>
<result>
<timeTaken>2</timeTaken>
<name>IterationsID= Instanz 00_PCQ</name>
<started>04:38:41.529</started>
<message>Step 26 [IterationsID= Instanz 00_PCQ] PASS: took 2 ms</message>
<order>27</order>
<status>PASS</status>
</result>
<result>
<timeTaken>0</timeTaken>
<name>Reverse-Proxy nicht im Citrix ausführen (Firewall)</name>
<started>04:38:41.532</started>
<message>Step 27 [Reverse-Proxy nicht im Citrix ausführen (Firewall)] PASS: took 0 ms</message>
<order>28</order>
<status>PASS</status>
</result>
<result>
<timeTaken>0</timeTaken>
<name>PC-Adressen nicht in Ebene P oder S ausführen</name>
<started>04:38:41.532</started>
<message>Step 28 [PC-Adressen nicht in Ebene P oder S ausführen] PASS: took 0 ms</message>
<order>29</order>
<status>PASS</status>
</result>
<result>
<timeTaken>60091</timeTaken>
<fileName>/opt/webapp.dist.lin/base/jenkins/workspace/workspace/TA/Linie/RA/SOAP_UI_Vertrieb/00_Themenbereich_Checker_Ebenenstabilität/Check_HVQ_Instanzen_PHV_Testebenen/reports/getQuote_Check_HVQ_Instanzen_PHV-getQuote_BauherrenHaftpflicht-SOAP_Request_getQuote-2-FAIL.txt</fileName>
<name>SOAP Request getQuote</name>
<started>04:38:41.532</started>
<message>Step 29 [SOAP Request getQuote] FAIL: took 60091 ms -> java.net.SocketTimeoutException: Read timed out</message>
<order>30</order>
<status>FAIL</status>
</result>
<result>
<timeTaken>0</timeTaken>
<name>HTTP-Status ermitteln</name>
<started>04:39:41.633</started>
<message>Step 30 [HTTP-Status ermitteln] PASS: took 0 ms -> Script-result: UNKNOWN</message>
<order>31</order>
<status>PASS</status>
</result>
<result>
<timeTaken>0</timeTaken>
<name>Beitrag PRÜFEN</name>
<started>04:39:41.634</started>
<message>Step 31 [Beitrag PRÜFEN] PASS: took 0 ms -> Script-result: kein Response</message>
<order>32</order>
<status>PASS</status>
</result>
<result>
<timeTaken>6</timeTaken>
<name>Data Sink</name>
<started>04:39:41.635</started>
<message>Step 32 [Data Sink] PASS: took 6 ms</message>
<order>33</order>
<status>PASS</status>
</result>
<result>
<timeTaken>31</timeTaken>
<name>Data Sink füllen</name>
<started>04:39:41.641</started>
<message>Step 33 [Data Sink füllen] PASS: took 31 ms</message>
<order>34</order>
<status>PASS</status>
</result>
<result>
<timeTaken>0</timeTaken>
<name>Data Source Loop</name>
<started>04:39:41.673</started>
<message>Step 34 [Data Source Loop] PASS: took 0 ms -> Data Row 3</message>
<order>35</order>
<status>PASS</status>
</result>
<result>
<timeTaken>0</timeTaken>
<name>jump</name>
<started>04:39:41.673</started>
<message>Step 35 [jump] PASS: took 0 ms</message>
<order>36</order>
<status>PASS</status>
</result>
<result>
<timeTaken>0</timeTaken>
<name>IterationsID= Instanz ReverseProxyHVQ</name>
<started>04:39:41.673</started>
<message>Step 36 [IterationsID= Instanz ReverseProxyHVQ] PASS: took 0 ms</message>
<order>37</order>
<status>PASS</status>
</result>
<result>
<timeTaken>0</timeTaken>
<name>Reverse-Proxy nicht im Citrix ausführen (Firewall)</name>
<started>04:39:41.674</started>
<message>Step 37 [Reverse-Proxy nicht im Citrix ausführen (Firewall)] PASS: took 0 ms</message>
<order>38</order>
<status>PASS</status>
</result>
<result>
<timeTaken>0</timeTaken>
<name>PC-Adressen nicht in Ebene P oder S ausführen</name>
<started>04:39:41.674</started>
<message>Step 38 [PC-Adressen nicht in Ebene P oder S ausführen] PASS: took 0 ms</message>
<order>39</order>
<status>PASS</status>
</result>
<result>
<timeTaken>60093</timeTaken>
<fileName>/opt/webapp.dist.lin/base/jenkins/workspace/workspace/TA/Linie/RA/SOAP_UI_Vertrieb/00_Themenbereich_Checker_Ebenenstabilität/Check_HVQ_Instanzen_PHV_Testebenen/reports/getQuote_Check_HVQ_Instanzen_PHV-getQuote_BauherrenHaftpflicht-SOAP_Request_getQuote-3-FAIL.txt</fileName>
<name>SOAP Request getQuote</name>
<started>04:39:41.675</started>
<message>Step 39 [SOAP Request getQuote] FAIL: took 60093 ms -> java.net.SocketTimeoutException: Read timed out</message>
<order>40</order>
<status>FAIL</status>
</result>
<result>
<timeTaken>0</timeTaken>
<name>HTTP-Status ermitteln</name>
<started>04:40:41.777</started>
<message>Step 40 [HTTP-Status ermitteln] PASS: took 0 ms -> Script-result: UNKNOWN</message>
<order>41</order>
<status>PASS</status>
</result>
<result>
<timeTaken>0</timeTaken>
<name>Beitrag PRÜFEN</name>
<started>04:40:41.778</started>
<message>Step 41 [Beitrag PRÜFEN] PASS: took 0 ms -> Script-result: kein Response</message>
<order>42</order>
<status>PASS</status>
</result>
<result>
<timeTaken>6</timeTaken>
<name>Data Sink</name>
<started>04:40:41.779</started>
<message>Step 42 [Data Sink] PASS: took 6 ms</message>
<order>43</order>
<status>PASS</status>
</result>
<result>
<timeTaken>40</timeTaken>
<name>Data Sink füllen</name>
<started>04:40:41.786</started>
<message>Step 43 [Data Sink füllen] PASS: took 40 ms</message>
<order>44</order>
<status>PASS</status>
</result>
<result>
<timeTaken>0</timeTaken>
<name>Data Source Loop</name>
<started>04:40:41.827</started>
<message>Step 44 [Data Source Loop] PASS: took 0 ms -> Data Row 4</message>
<order>45</order>
<status>PASS</status>
</result>
<result>
<timeTaken>0</timeTaken>
<name>jump</name>
<started>04:40:41.827</started>
<message>Step 45 [jump] PASS: took 0 ms</message>
<order>46</order>
<status>PASS</status>
</result>
<result>
<timeTaken>0</timeTaken>
<name>IterationsID= Instanz ReverseProxyPCQ</name>
<started>04:40:41.827</started>
<message>Step 46 [IterationsID= Instanz ReverseProxyPCQ] PASS: took 0 ms</message>
<order>47</order>
<status>PASS</status>
</result>
<result>
<timeTaken>0</timeTaken>
<name>Reverse-Proxy nicht im Citrix ausführen (Firewall)</name>
<started>04:40:41.828</started>
<message>Step 47 [Reverse-Proxy nicht im Citrix ausführen (Firewall)] PASS: took 0 ms</message>
<order>48</order>
<status>PASS</status>
</result>
<result>
<timeTaken>0</timeTaken>
<name>PC-Adressen nicht in Ebene P oder S ausführen</name>
<started>04:40:41.828</started>
<message>Step 48 [PC-Adressen nicht in Ebene P oder S ausführen] PASS: took 0 ms</message>
<order>49</order>
<status>PASS</status>
</result>
<result>
<timeTaken>60093</timeTaken>
<fileName>/opt/webapp.dist.lin/base/jenkins/workspace/workspace/TA/Linie/RA/SOAP_UI_Vertrieb/00_Themenbereich_Checker_Ebenenstabilität/Check_HVQ_Instanzen_PHV_Testebenen/reports/getQuote_Check_HVQ_Instanzen_PHV-getQuote_BauherrenHaftpflicht-SOAP_Request_getQuote-4-FAIL.txt</fileName>
<name>SOAP Request getQuote</name>
<started>04:40:41.829</started>
<message>Step 49 [SOAP Request getQuote] FAIL: took 60093 ms -> [Valid HTTP Status Codes] Response status code: 502 is not in acceptable list of status codes -> [Status OK] The XPath Match assertion failed for the following path: [//*:StatusID]. Class name: AssertionFailedError; Error Message: Expecting: <"OK"> to be equal to: <""> but was not..</message>
<order>50</order>
<status>FAIL</status>
</result>
<result>
<timeTaken>1</timeTaken>
<name>HTTP-Status ermitteln</name>
<started>04:41:41.934</started>
<message>Step 50 [HTTP-Status ermitteln] PASS: took 1 ms -> Script-result: FAIL</message>
<order>51</order>
<status>PASS</status>
</result>
<result>
<timeTaken>4</timeTaken>
<name>Beitrag PRÜFEN</name>
<started>04:41:41.935</started>
<message>Step 51 [Beitrag PRÜFEN] PASS: took 4 ms -> Script-result: Status Fail 502</message>
<order>52</order>
<status>PASS</status>
</result>
<result>
<timeTaken>5</timeTaken>
<name>Data Sink</name>
<started>04:41:41.940</started>
<message>Step 52 [Data Sink] PASS: took 5 ms</message>
<order>53</order>
<status>PASS</status>
</result>
<result>
<timeTaken>29</timeTaken>
<name>Data Sink füllen</name>
<started>04:41:41.946</started>
<message>Step 53 [Data Sink füllen] PASS: took 29 ms</message>
<order>54</order>
<status>PASS</status>
</result>
<result>
<timeTaken>0</timeTaken>
<name>Data Source Loop</name>
<started>04:41:41.976</started>
<message>Step 54 [Data Source Loop] PASS: took 0 ms -> Data Row 5</message>
<order>55</order>
<status>PASS</status>
</result>
<result>
<timeTaken>0</timeTaken>
<name>jump</name>
<started>04:41:41.977</started>
<message>Step 55 [jump] PASS: took 0 ms</message>
<order>56</order>
<status>PASS</status>
</result>
<result>
<timeTaken>0</timeTaken>
<name>IterationsID= Instanz 01</name>
<started>04:41:41.977</started>
<message>Step 56 [IterationsID= Instanz 01] PASS: took 0 ms</message>
<order>57</order>
<status>PASS</status>
</result>
<result>
<timeTaken>0</timeTaken>
<name>Reverse-Proxy nicht im Citrix ausführen (Firewall)</name>
<started>04:41:41.978</started>
<message>Step 57 [Reverse-Proxy nicht im Citrix ausführen (Firewall)] PASS: took 0 ms</message>
<order>58</order>
<status>PASS</status>
</result>
<result>
<timeTaken>0</timeTaken>
<name>PC-Adressen nicht in Ebene P oder S ausführen</name>
<started>04:41:41.978</started>
<message>Step 58 [PC-Adressen nicht in Ebene P oder S ausführen] PASS: took 0 ms</message>
<order>59</order>
<status>PASS</status>
</result>
<result>
<timeTaken>60074</timeTaken>
<fileName>/opt/webapp.dist.lin/base/jenkins/workspace/workspace/TA/Linie/RA/SOAP_UI_Vertrieb/00_Themenbereich_Checker_Ebenenstabilität/Check_HVQ_Instanzen_PHV_Testebenen/reports/getQuote_Check_HVQ_Instanzen_PHV-getQuote_BauherrenHaftpflicht-SOAP_Request_getQuote-5-FAIL.txt</fileName>
<name>SOAP Request getQuote</name>
<started>04:41:41.978</started>
<message>Step 59 [SOAP Request getQuote] FAIL: took 60074 ms -> java.net.SocketTimeoutException: Read timed out</message>
<order>60</order>
<status>FAIL</status>
</result>
<result>
<timeTaken>1</timeTaken>
<name>HTTP-Status ermitteln</name>
<started>04:42:42.061</started>
<message>Step 60 [HTTP-Status ermitteln] PASS: took 1 ms -> Script-result: UNKNOWN</message>
<order>61</order>
<status>PASS</status>
</result>
<result>
<timeTaken>1</timeTaken>
<name>Beitrag PRÜFEN</name>
<started>04:42:42.062</started>
<message>Step 61 [Beitrag PRÜFEN] PASS: took 1 ms -> Script-result: kein Response</message>
<order>62</order>
<status>PASS</status>
</result>
<result>
<timeTaken>8</timeTaken>
<name>Data Sink</name>
<started>04:42:42.064</started>
<message>Step 62 [Data Sink] PASS: took 8 ms</message>
<order>63</order>
<status>PASS</status>
</result>
<result>
<timeTaken>29</timeTaken>
<name>Data Sink füllen</name>
<started>04:42:42.072</started>
<message>Step 63 [Data Sink füllen] PASS: took 29 ms</message>
<order>64</order>
<status>PASS</status>
</result>
<result>
<timeTaken>0</timeTaken>
<name>Data Source Loop</name>
<started>04:42:42.103</started>
<message>Step 64 [Data Source Loop] PASS: took 0 ms -> Data Row 6</message>
<order>65</order>
<status>PASS</status>
</result>
<result>
<timeTaken>0</timeTaken>
<name>jump</name>
<started>04:42:42.103</started>
<message>Step 65 [jump] PASS: took 0 ms</message>
<order>66</order>
<status>PASS</status>
</result>
<result>
<timeTaken>2</timeTaken>
<name>IterationsID= Instanz 02</name>
<started>04:42:42.103</started>
<message>Step 66 [IterationsID= Instanz 02] PASS: took 2 ms</message>
<order>67</order>
<status>PASS</status>
</result>
<result>
<timeTaken>0</timeTaken>
<name>Reverse-Proxy nicht im Citrix ausführen (Firewall)</name>
<started>04:42:42.106</started>
<message>Step 67 [Reverse-Proxy nicht im Citrix ausführen (Firewall)] PASS: took 0 ms</message>
<order>68</order>
<status>PASS</status>
</result>
<result>
<timeTaken>0</timeTaken>
<name>PC-Adressen nicht in Ebene P oder S ausführen</name>
<started>04:42:42.106</started>
<message>Step 68 [PC-Adressen nicht in Ebene P oder S ausführen] PASS: took 0 ms</message>
<order>69</order>
<status>PASS</status>
</result>
<result>
<timeTaken>60076</timeTaken>
<fileName>/opt/webapp.dist.lin/base/jenkins/workspace/workspace/TA/Linie/RA/SOAP_UI_Vertrieb/00_Themenbereich_Checker_Ebenenstabilität/Check_HVQ_Instanzen_PHV_Testebenen/reports/getQuote_Check_HVQ_Instanzen_PHV-getQuote_BauherrenHaftpflicht-SOAP_Request_getQuote-6-FAIL.txt</fileName>
<name>SOAP Request getQuote</name>
<started>04:42:42.106</started>
<message>Step 69 [SOAP Request getQuote] FAIL: took 60076 ms -> java.net.SocketTimeoutException: Read timed out</message>
<order>70</order>
<status>FAIL</status>
</result>
<result>
<timeTaken>0</timeTaken>
<name>HTTP-Status ermitteln</name>
<started>04:43:42.192</started>
<message>Step 70 [HTTP-Status ermitteln] PASS: took 0 ms -> Script-result: UNKNOWN</message>
<order>71</order>
<status>PASS</status>
</result>
<result>
<timeTaken>0</timeTaken>
<name>Beitrag PRÜFEN</name>
<started>04:43:42.193</started>
<message>Step 71 [Beitrag PRÜFEN] PASS: took 0 ms -> Script-result: kein Response</message>
<order>72</order>
<status>PASS</status>
</result>
<result>
<timeTaken>6</timeTaken>
<name>Data Sink</name>
<started>04:43:42.194</started>
<message>Step 72 [Data Sink] PASS: took 6 ms</message>
<order>73</order>
<status>PASS</status>
</result>
<result>
<timeTaken>63</timeTaken>
<name>Data Sink füllen</name>
<started>04:43:42.201</started>
<message>Step 73 [Data Sink füllen] PASS: took 63 ms</message>
<order>74</order>
<status>PASS</status>
</result>
<result>
<timeTaken>0</timeTaken>
<name>Data Source Loop</name>
<started>04:43:42.265</started>
<message>Step 74 [Data Source Loop] PASS: took 0 ms -> Data Row 7</message>
<order>75</order>
<status>PASS</status>
</result>
</testStepResults>
</testCase>
</testRunnerResults>
</testSuite>
</testSuiteResults>